#
# A fatal error has been detected by the Java Runtime Environment:
#
#  Internal Error (safepoint.cpp:712), pid=29353, tid=0x0000000000005d03
#  fatal error: Illegal threadstate encountered: 4
#
# JRE version: Java(TM) SE Runtime Environment (8.0_111-b14) (build 1.8.0_111-b14)
# Java VM: Java HotSpot(TM) 64-Bit Server VM (25.111-b14 mixed mode bsd-amd64 compressed oops)
# Failed to write core dump. Core dumps have been disabled. To enable core dumping, try "ulimit -c unlimited" before starting Java again
#
# If you would like to submit a bug report, please visit:
#   http://bugreport.java.com/bugreport/crash.jsp
# The crash happened outside the Java Virtual Machine in native code.
# See problematic frame for where to report the bug.
#

---------------  T H R E A D  ---------------

Current thread (0x00007fbbc2843000):  JavaThread "Thread-1" daemon [_thread_in_native, id=23811, stack(0x000070000d384000,0x000070000d484000)]

Stack: [0x000070000d384000,0x000070000d484000],  sp=0x000070000d482cb0,  free space=1019k
Native frames: (J=compiled Java code, j=interpreted, Vv=VM code, C=native code)
V  [libjvm.dylib+0x5afbde]
V  [libjvm.dylib+0x1e74a3]
V  [libjvm.dylib+0x4e05b5]
V  [libjvm.dylib+0x56919e]
V  [libjvm.dylib+0x169b4e]
V  [libjvm.dylib+0x313641]
C  [libglass.dylib+0x463f]  -[GlassRunnable dealloc]+0x2f
C  [libobjc.A.dylib+0x25e98]  _ZN11objc_object17sidetable_releaseEbb+0xee
C  [Foundation+0x818ee]  -[_NSThreadPerformInfo dealloc]+0x2a
C  [libobjc.A.dylib+0x25e98]  _ZN11objc_object17sidetable_releaseEbb+0xee
C  [Foundation+0x4e466]  -[NSObject(NSThreadPerformAdditions) performSelectorOnMainThread:withObject:waitUntilDone:]+0x7c
J 1930  com.sun.glass.ui.mac.MacApplication._submitForLaterInvocation(Ljava/lang/Runnable;)V (0 bytes) @ 0x0000000117afb13c [0x0000000117afb080+0xbc]
J 1929 C1 com.sun.glass.ui.mac.MacApplication.submitForLaterInvocation(Ljava/lang/Runnable;)V (6 bytes) @ 0x0000000117afd5fc [0x0000000117afd580+0x7c]
j  com.sun.glass.ui.InvokeLaterDispatcher.run()V+82
v  ~StubRoutines::call_stub
V  [libjvm.dylib+0x2ecf8a]
V  [libjvm.dylib+0x2ed718]
V  [libjvm.dylib+0x2ed8c4]
V  [libjvm.dylib+0x348039]
V  [libjvm.dylib+0x56a27b]
V  [libjvm.dylib+0x56b968]
V  [libjvm.dylib+0x489b0a]
C  [libsystem_pthread.dylib+0x64e1]  _pthread_start+0x7d
C  [libsystem_pthread.dylib+0x1f6b]  thread_start+0xf
C  0x0000000000000000

Java frames: (J=compiled Java code, j=interpreted, Vv=VM code)
J 1930  com.sun.glass.ui.mac.MacApplication._submitForLaterInvocation(Ljava/lang/Runnable;)V (0 bytes) @ 0x0000000117afb0cc [0x0000000117afb080+0x4c]
J 1929 C1 com.sun.glass.ui.mac.MacApplication.submitForLaterInvocation(Ljava/lang/Runnable;)V (6 bytes) @ 0x0000000117afd5fc [0x0000000117afd580+0x7c]
j  com.sun.glass.ui.InvokeLaterDispatcher.run()V+82
v  ~StubRoutines::call_stub

---------------  P R O C E S S  ---------------

Java Threads: ( => current thread )
  0x00007fbbc42f2800 JavaThread "mysql-cj-abandoned-connection-cleanup" daemon [_thread_blocked, id=76539, stack(0x000070000d899000,0x000070000d999000)]
  0x00007fbbc3138800 JavaThread "Prism Font Disposer" daemon [_thread_blocked, id=80651, stack(0x000070000d796000,0x000070000d896000)]
  0x00007fbbc28ec000 JavaThread "JavaFX-Launcher" [_thread_blocked, id=83719, stack(0x000070000d693000,0x000070000d793000)]
  0x00007fbbc30d4800 JavaThread "Thread-3" daemon [_thread_in_native, id=30471, stack(0x000070000d50a000,0x000070000d58a000)]
  0x00007fbbc4191800 JavaThread "JavaFX Application Thread" [_thread_in_native_trans, id=259, stack(0x00007ff7b4040000,0x00007ff7b4840000)]
=>0x00007fbbc2843000 JavaThread "Thread-1" daemon [_thread_in_native, id=23811, stack(0x000070000d384000,0x000070000d484000)]
  0x00007fbbc4883800 JavaThread "QuantumRenderer-0" daemon [_thread_blocked, id=16643, stack(0x000070000d281000,0x000070000d381000)]
  0x00007fbbc282e800 JavaThread "Service Thread" daemon [_thread_blocked, id=17411, stack(0x000070000d07b000,0x000070000d17b000)]
  0x00007fbbc3028800 JavaThread "C1 CompilerThread2" daemon [_thread_blocked, id=13315, stack(0x000070000cf78000,0x000070000d078000)]
  0x00007fbbc301e000 JavaThread "C2 CompilerThread1" daemon [_thread_blocked, id=18179, stack(0x000070000ce75000,0x000070000cf75000)]
  0x00007fbbc4025800 JavaThread "C2 CompilerThread0" daemon [_thread_blocked, id=18691, stack(0x000070000cd72000,0x000070000ce72000)]
  0x00007fbbc282e000 JavaThread "Signal Dispatcher" daemon [_thread_blocked, id=18947, stack(0x000070000cc6f000,0x000070000cd6f000)]
  0x00007fbbc280a000 JavaThread "Finalizer" daemon [_thread_blocked, id=20739, stack(0x000070000ca66000,0x000070000cb66000)]
  0x00007fbbc301a000 JavaThread "Reference Handler" daemon [_thread_blocked, id=20995, stack(0x000070000c963000,0x000070000ca63000)]
  0x00007fbbc2809000 JavaThread "main" [_thread_blocked, id=3331, stack(0x000070000c351000,0x000070000c451000)]

Other Threads:
  0x00007fbbc3015800 VMThread [stack: 0x000070000c860000,0x000070000c960000] [id=21507]
  0x00007fbbc281b000 WatcherThread [stack: 0x000070000d17e000,0x000070000d27e000] [id=13571]

VM state:synchronizing (normal execution)

VM Mutex/Monitor currently owned by a thread:  ([mutex/lock_event])
[0x0000600002fd1280] Safepoint_lock - owner thread: 0x00007fbbc3015800
[0x0000600002fd1300] Threads_lock - owner thread: 0x00007fbbc3015800

Heap:
 PSYoungGen      total 38400K, used 6656K [0x0000000795580000, 0x0000000798000000, 0x00000007c0000000)
  eden space 33280K, 4% used [0x0000000795580000,0x00000007957043c0,0x0000000797600000)
  from space 5120K, 99% used [0x0000000797600000,0x0000000797afbf20,0x0000000797b00000)
  to   space 5120K, 0% used [0x0000000797b00000,0x0000000797b00000,0x0000000798000000)
 ParOldGen       total 51200K, used 14081K [0x0000000740000000, 0x0000000743200000, 0x0000000795580000)
  object space 51200K, 27% used [0x0000000740000000,0x0000000740dc06b0,0x0000000743200000)
 Metaspace       used 26258K, capacity 27616K, committed 27904K, reserved 1073152K
  class space    used 3457K, capacity 3762K, committed 3840K, reserved 1048576K

Card table byte_map: [0x000000010bc7d000,0x000000010c07e000] byte_map_base: 0x000000010827d000

Marking Bits: (ParMarkBitMap*) 0x000000010d052d20
 Begin Bits: [0x000000010d704000, 0x000000010f704000)
 End Bits:   [0x000000010f704000, 0x0000000111704000)

Polling page: 0x000000010b7f8000

CodeCache: size=245760Kb used=11459Kb max_used=11886Kb free=234300Kb
 bounds [0x000000011758e000, 0x000000011813e000, 0x000000012658e000]
 total_blobs=4527 nmethods=3767 adapters=672
 compilation: enabled

Compilation events (10 events):
Event: 65.874 Thread 0x00007fbbc4025800 4011       4       com.sun.javafx.font.CompositeStrike::getStrikeSlot (165 bytes)
Event: 65.885 Thread 0x00007fbbc3028800 nmethod 4009 0x000000011798cb10 code [0x000000011798cd20, 0x000000011798d868]
Event: 65.885 Thread 0x00007fbbc3028800 4010       3       com.sun.prism.impl.ps.BaseShaderGraphics::drawLCDBuffer (36 bytes)
Event: 65.886 Thread 0x00007fbbc3028800 nmethod 4010 0x0000000117788990 code [0x0000000117788b20, 0x0000000117788f18]
Event: 65.886 Thread 0x00007fbbc3028800 4003       3       java.io.BufferedWriter::ensureOpen (18 bytes)
Event: 65.886 Thread 0x00007fbbc3028800 nmethod 4003 0x000000011769d150 code [0x000000011769d2c0, 0x000000011769d508]
Event: 65.886 Thread 0x00007fbbc3028800 4002       3       java.nio.charset.CoderResult::isOverflow (14 bytes)
Event: 65.886 Thread 0x00007fbbc3028800 nmethod 4002 0x00000001177e8290 code [0x00000001177e8400, 0x00000001177e85b0]
Event: 65.886 Thread 0x00007fbbc3028800 4004       1       sun.nio.cs.StreamEncoder::isOpen (5 bytes)
Event: 65.886 Thread 0x00007fbbc3028800 nmethod 4004 0x00000001179af450 code [0x00000001179af5a0, 0x00000001179af6b0]

GC Heap History (8 events):
Event: 3.767 GC heap before
{Heap before GC invocations=1 (full 0):
 PSYoungGen      total 38400K, used 33280K [0x0000000795580000, 0x0000000798000000, 0x00000007c0000000)
  eden space 33280K, 100% used [0x0000000795580000,0x0000000797600000,0x0000000797600000)
  from space 5120K, 0% used [0x0000000797b00000,0x0000000797b00000,0x0000000798000000)
  to   space 5120K, 0% used [0x0000000797600000,0x0000000797600000,0x0000000797b00000)
 ParOldGen       total 87552K, used 0K [0x0000000740000000, 0x0000000745580000, 0x0000000795580000)
  object space 87552K, 0% used [0x0000000740000000,0x0000000740000000,0x0000000745580000)
 Metaspace       used 15267K, capacity 15928K, committed 16128K, reserved 1062912K
  class space    used 2066K, capacity 2260K, committed 2304K, reserved 1048576K
Event: 3.780 GC heap after
Heap after GC invocations=1 (full 0):
 PSYoungGen      total 38400K, used 5119K [0x0000000795580000, 0x0000000798000000, 0x00000007c0000000)
  eden space 33280K, 0% used [0x0000000795580000,0x0000000795580000,0x0000000797600000)
  from space 5120K, 99% used [0x0000000797600000,0x0000000797affe98,0x0000000797b00000)
  to   space 5120K, 0% used [0x0000000797b00000,0x0000000797b00000,0x0000000798000000)
 ParOldGen       total 87552K, used 4414K [0x0000000740000000, 0x0000000745580000, 0x0000000795580000)
  object space 87552K, 5% used [0x0000000740000000,0x000000074044fac0,0x0000000745580000)
 Metaspace       used 15267K, capacity 15928K, committed 16128K, reserved 1062912K
  class space    used 2066K, capacity 2260K, committed 2304K, reserved 1048576K
}
Event: 13.152 GC heap before
{Heap before GC invocations=2 (full 0):
 PSYoungGen      total 38400K, used 26183K [0x0000000795580000, 0x0000000798000000, 0x00000007c0000000)
  eden space 33280K, 63% used [0x0000000795580000,0x0000000796a11e80,0x0000000797600000)
  from space 5120K, 99% used [0x0000000797600000,0x0000000797affe98,0x0000000797b00000)
  to   space 5120K, 0% used [0x0000000797b00000,0x0000000797b00000,0x0000000798000000)
 ParOldGen       total 87552K, used 4414K [0x0000000740000000, 0x0000000745580000, 0x0000000795580000)
  object space 87552K, 5% used [0x0000000740000000,0x000000074044fac0,0x0000000745580000)
 Metaspace       used 20186K, capacity 21096K, committed 21248K, reserved 1067008K
  class space    used 2759K, capacity 2982K, committed 3072K, reserved 1048576K
Event: 13.163 GC heap after
Heap after GC invocations=2 (full 0):
 PSYoungGen      total 38400K, used 5119K [0x0000000795580000, 0x0000000798000000, 0x00000007c0000000)
  eden space 33280K, 0% used [0x0000000795580000,0x0000000795580000,0x0000000797600000)
  from space 5120K, 99% used [0x0000000797b00000,0x0000000797fffe78,0x0000000798000000)
  to   space 5120K, 0% used [0x0000000797600000,0x0000000797600000,0x0000000797b00000)
 ParOldGen       total 87552K, used 10527K [0x0000000740000000, 0x0000000745580000, 0x0000000795580000)
  object space 87552K, 12% used [0x0000000740000000,0x0000000740a47f88,0x0000000745580000)
 Metaspace       used 20186K, capacity 21096K, committed 21248K, reserved 1067008K
  class space    used 2759K, capacity 2982K, committed 3072K, reserved 1048576K
}
Event: 13.164 GC heap before
{Heap before GC invocations=3 (full 1):
 PSYoungGen      total 38400K, used 5119K [0x0000000795580000, 0x0000000798000000, 0x00000007c0000000)
  eden space 33280K, 0% used [0x0000000795580000,0x0000000795580000,0x0000000797600000)
  from space 5120K, 99% used [0x0000000797b00000,0x0000000797fffe78,0x0000000798000000)
  to   space 5120K, 0% used [0x0000000797600000,0x0000000797600000,0x0000000797b00000)
 ParOldGen       total 87552K, used 10527K [0x0000000740000000, 0x0000000745580000, 0x0000000795580000)
  object space 87552K, 12% used [0x0000000740000000,0x0000000740a47f88,0x0000000745580000)
 Metaspace       used 20186K, capacity 21096K, committed 21248K, reserved 1067008K
  class space    used 2759K, capacity 2982K, committed 3072K, reserved 1048576K
Event: 13.205 GC heap after
Heap after GC invocations=3 (full 1):
 PSYoungGen      total 38400K, used 0K [0x0000000795580000, 0x0000000798000000, 0x00000007c0000000)
  eden space 33280K, 0% used [0x0000000795580000,0x0000000795580000,0x0000000797600000)
  from space 5120K, 0% used [0x0000000797b00000,0x0000000797b00000,0x0000000798000000)
  to   space 5120K, 0% used [0x0000000797600000,0x0000000797600000,0x0000000797b00000)
 ParOldGen       total 51200K, used 11310K [0x0000000740000000, 0x0000000743200000, 0x0000000795580000)
  object space 51200K, 22% used [0x0000000740000000,0x0000000740b0b9c0,0x0000000743200000)
 Metaspace       used 20186K, capacity 21096K, committed 21248K, reserved 1067008K
  class space    used 2759K, capacity 2982K, committed 3072K, reserved 1048576K
}
Event: 65.875 GC heap before
{Heap before GC invocations=4 (full 1):
 PSYoungGen      total 38400K, used 33280K [0x0000000795580000, 0x0000000798000000, 0x00000007c0000000)
  eden space 33280K, 100% used [0x0000000795580000,0x0000000797600000,0x0000000797600000)
  from space 5120K, 0% used [0x0000000797b00000,0x0000000797b00000,0x0000000798000000)
  to   space 5120K, 0% used [0x0000000797600000,0x0000000797600000,0x0000000797b00000)
 ParOldGen       total 51200K, used 11310K [0x0000000740000000, 0x0000000743200000, 0x0000000795580000)
  object space 51200K, 22% used [0x0000000740000000,0x0000000740b0b9c0,0x0000000743200000)
 Metaspace       used 26257K, capacity 27616K, committed 27904K, reserved 1073152K
  class space    used 3457K, capacity 3762K, committed 3840K, reserved 1048576K
Event: 65.885 GC heap after
Heap after GC invocations=4 (full 1):
 PSYoungGen      total 38400K, used 5103K [0x0000000795580000, 0x0000000798000000, 0x00000007c0000000)
  eden space 33280K, 0% used [0x0000000795580000,0x0000000795580000,0x0000000797600000)
  from space 5120K, 99% used [0x0000000797600000,0x0000000797afbf20,0x0000000797b00000)
  to   space 5120K, 0% used [0x0000000797b00000,0x0000000797b00000,0x0000000798000000)
 ParOldGen       total 51200K, used 14081K [0x0000000740000000, 0x0000000743200000, 0x0000000795580000)
  object space 51200K, 27% used [0x0000000740000000,0x0000000740dc06b0,0x0000000743200000)
 Metaspace       used 26257K, capacity 27616K, committed 27904K, reserved 1073152K
  class space    used 3457K, capacity 3762K, committed 3840K, reserved 1048576K
}

Deoptimization events (10 events):
Event: 13.480 Thread 0x00007fbbc4191800 Uncommon trap: reason=unstable_if action=reinterpret pc=0x0000000117c56984 method=java.util.concurrent.ConcurrentHashMap.putVal(Ljava/lang/Object;Ljava/lang/Object;Z)Ljava/lang/Object; @ 181
Event: 13.494 Thread 0x00007fbbc4191800 Uncommon trap: reason=bimorphic action=maybe_recompile pc=0x0000000117c617f0 method=java.util.Properties$LineReader.readLine()I @ 62
Event: 13.494 Thread 0x00007fbbc4191800 Uncommon trap: reason=unstable_if action=reinterpret pc=0x0000000117c615e0 method=java.util.Properties$LineReader.readLine()I @ 252
Event: 13.495 Thread 0x00007fbbc4191800 Uncommon trap: reason=unstable_if action=reinterpret pc=0x0000000117c421d0 method=java.util.Properties$LineReader.readLine()I @ 252
Event: 13.819 Thread 0x00007fbbc4191800 Uncommon trap: reason=array_check action=maybe_recompile pc=0x0000000117de2910 method=com.sun.javafx.css.SimpleSelector.applies(Ljavafx/css/Styleable;[Ljava/util/Set;I)Z @ 37
Event: 13.819 Thread 0x00007fbbc4191800 Uncommon trap: reason=array_check action=maybe_recompile pc=0x0000000117de2910 method=com.sun.javafx.css.SimpleSelector.applies(Ljavafx/css/Styleable;[Ljava/util/Set;I)Z @ 37
Event: 13.819 Thread 0x00007fbbc4191800 Uncommon trap: reason=array_check action=maybe_recompile pc=0x0000000117de2910 method=com.sun.javafx.css.SimpleSelector.applies(Ljavafx/css/Styleable;[Ljava/util/Set;I)Z @ 37
Event: 13.819 Thread 0x00007fbbc4191800 Uncommon trap: reason=array_check action=maybe_recompile pc=0x0000000117de2910 method=com.sun.javafx.css.SimpleSelector.applies(Ljavafx/css/Styleable;[Ljava/util/Set;I)Z @ 37
Event: 13.863 Thread 0x00007fbbc4191800 Uncommon trap: reason=unstable_if action=reinterpret pc=0x0000000117d8c86c method=com.sun.javafx.css.BitSet.add(Ljava/lang/Object;)Z @ 91
Event: 28.318 Thread 0x00007fbbc4191800 Uncommon trap: reason=unstable_if action=reinterpret pc=0x0000000117f9e248 method=javafx.scene.Node.impl_intersectsBounds(Lcom/sun/javafx/geom/PickRay;)D @ 902

Internal exceptions (10 events):
Event: 1.298 Thread 0x00007fbbc4191800 Exception <a 'java/lang/ArrayIndexOutOfBoundsException': 18> (0x000000079646add8) thrown at [/Users/java_re/workspace/8-2-build-macosx-x86_64/jdk8u111/7883/hotspot/src/share/vm/interpreter/interpreterRuntime.cpp, line 366]
Event: 1.298 Thread 0x00007fbbc4191800 Exception <a 'java/lang/ArrayIndexOutOfBoundsException': 86> (0x000000079646c180) thrown at [/Users/java_re/workspace/8-2-build-macosx-x86_64/jdk8u111/7883/hotspot/src/share/vm/interpreter/interpreterRuntime.cpp, line 366]
Event: 1.483 Thread 0x00007fbbc4191800 Implicit null exception at 0x00000001177fa3b5 to 0x00000001177fa5b1
Event: 3.759 Thread 0x00007fbbc4191800 Exception <a 'java/lang/ArrayIndexOutOfBoundsException'> (0x00000007975e8a80) thrown at [/Users/java_re/workspace/8-2-build-macosx-x86_64/jdk8u111/7883/hotspot/src/share/vm/runtime/sharedRuntime.cpp, line 605]
Event: 3.759 Thread 0x00007fbbc4191800 Exception <a 'java/lang/ArrayIndexOutOfBoundsException'> (0x00000007975e9cc0) thrown at [/Users/java_re/workspace/8-2-build-macosx-x86_64/jdk8u111/7883/hotspot/src/share/vm/runtime/sharedRuntime.cpp, line 605]
Event: 12.966 Thread 0x00007fbbc4191800 Exception <a 'java/lang/ArrayIndexOutOfBoundsException'> (0x0000000796423ae0) thrown at [/Users/java_re/workspace/8-2-build-macosx-x86_64/jdk8u111/7883/hotspot/src/share/vm/runtime/sharedRuntime.cpp, line 605]
Event: 12.966 Thread 0x00007fbbc4191800 Exception <a 'java/lang/ArrayIndexOutOfBoundsException'> (0x0000000796424ae0) thrown at [/Users/java_re/workspace/8-2-build-macosx-x86_64/jdk8u111/7883/hotspot/src/share/vm/runtime/sharedRuntime.cpp, line 605]
Event: 12.967 Thread 0x00007fbbc4191800 Exception <a 'java/lang/ArrayIndexOutOfBoundsException'> (0x0000000796426538) thrown at [/Users/java_re/workspace/8-2-build-macosx-x86_64/jdk8u111/7883/hotspot/src/share/vm/runtime/sharedRuntime.cpp, line 605]
Event: 12.982 Thread 0x00007fbbc4191800 Implicit null exception at 0x0000000117827335 to 0x00000001178276f5
Event: 13.328 Thread 0x00007fbbc4191800 Implicit null exception at 0x0000000117bc3b0f to 0x0000000117bc3bed

Events (10 events):
Event: 65.867 loading class com/mysql/cj/jdbc/exceptions/MySQLQueryInterruptedException done
Event: 65.867 loading class java/lang/Throwable$WrappedPrintStream
Event: 65.867 loading class java/lang/Throwable$PrintStreamOrWriter
Event: 65.867 loading class java/lang/Throwable$PrintStreamOrWriter done
Event: 65.867 loading class java/lang/Throwable$WrappedPrintStream done
Event: 65.867 loading class java/util/IdentityHashMap$KeySet
Event: 65.868 loading class java/util/IdentityHashMap$KeySet done
Event: 65.875 Executing VM operation: ParallelGCFailedAllocation
Event: 65.885 Executing VM operation: ParallelGCFailedAllocation done
Event: 65.887 Executing VM operation: RevokeBias


Dynamic libraries:
0x000000001e7f0000 	/System/Library/Frameworks/Cocoa.framework/Versions/A/Cocoa
0x000000001e7f0000 	/System/Library/Frameworks/AppKit.framework/Versions/C/AppKit
0x000000001e7f0000 	/System/Library/Frameworks/CoreData.framework/Versions/A/CoreData
0x000000001e7f0000 	/System/Library/Frameworks/Foundation.framework/Versions/C/Foundation
0x000000001e7f0000 	/usr/lib/libSystem.B.dylib
0x000000001e7f0000 	/System/Library/PrivateFrameworks/UIFoundation.framework/Versions/A/UIFoundation
0x000000001e7f0000 	/System/Library/PrivateFrameworks/RemoteViewServices.framework/Versions/A/RemoteViewServices
0x000000001e7f0000 	/System/Library/PrivateFrameworks/XCTTargetBootstrap.framework/Versions/A/XCTTargetBootstrap
0x000000001e7f0000 	/System/Library/PrivateFrameworks/InternationalSupport.framework/Versions/A/InternationalSupport
0x000000001e7f0000 	/System/Library/PrivateFrameworks/UserActivity.framework/Versions/A/UserActivity
0x000000001e7f0000 	/usr/lib/libspindump.dylib
0x000000001e7f0000 	/System/Library/Frameworks/UniformTypeIdentifiers.framework/Versions/A/UniformTypeIdentifiers
0x000000001e7f0000 	/usr/lib/libapp_launch_measurement.dylib
0x000000001e7f0000 	/System/Library/PrivateFrameworks/CoreAnalytics.framework/Versions/A/CoreAnalytics
0x000000001e7f0000 	/System/Library/PrivateFrameworks/CoreAutoLayout.framework/Versions/A/CoreAutoLayout
0x000000001e7f0000 	/System/Library/Frameworks/Metal.framework/Versions/A/Metal
0x000000001e7f0000 	/usr/lib/liblangid.dylib
0x000000001e7f0000 	/System/Library/PrivateFrameworks/CoreSVG.framework/Versions/A/CoreSVG
0x000000001e7f0000 	/System/Library/PrivateFrameworks/SkyLight.framework/Versions/A/SkyLight
0x000000001e7f0000 	/System/Library/Frameworks/CoreGraphics.framework/Versions/A/CoreGraphics
0x000000001e7f0000 	/System/Library/Frameworks/Accelerate.framework/Versions/A/Accelerate
0x000000001e7f0000 	/System/Library/PrivateFrameworks/IconServices.framework/Versions/A/IconServices
0x000000001e7f0000 	/System/Library/Frameworks/IOSurface.framework/Versions/A/IOSurface
0x000000001e7f0000 	/usr/lib/libDiagnosticMessagesClient.dylib
0x000000001e7f0000 	/usr/lib/libz.1.dylib
0x000000001e7f0000 	/System/Library/Frameworks/ApplicationServices.framework/Versions/A/ApplicationServices
0x000000001e7f0000 	/System/Library/PrivateFrameworks/DFRFoundation.framework/Versions/A/DFRFoundation
0x000000001e7f0000 	/usr/lib/libicucore.A.dylib
0x000000001e7f0000 	/System/Library/Frameworks/AudioToolbox.framework/Versions/A/AudioToolbox
0x000000001e7f0000 	/System/Library/PrivateFrameworks/DataDetectorsCore.framework/Versions/A/DataDetectorsCore
0x000000001e7f0000 	/System/Library/PrivateFrameworks/TextInput.framework/Versions/A/TextInput
0x000000001e7f0000 	/usr/lib/libMobileGestalt.dylib
0x000000001e7f0000 	/System/Library/Frameworks/Carbon.framework/Versions/A/Frameworks/HIToolbox.framework/Versions/A/HIToolbox
0x000000001e7f0000 	/System/Library/Frameworks/QuartzCore.framework/Versions/A/QuartzCore
0x000000001e7f0000 	/System/Library/Frameworks/Security.framework/Versions/A/Security
0x000000001e7f0000 	/System/Library/Frameworks/Carbon.framework/Versions/A/Frameworks/SpeechRecognition.framework/Versions/A/SpeechRecognition
0x000000001e7f0000 	/System/Library/PrivateFrameworks/CoreUI.framework/Versions/A/CoreUI
0x000000001e7f0000 	/System/Library/Frameworks/CoreAudio.framework/Versions/A/CoreAudio
0x000000001e7f0000 	/System/Library/Frameworks/DiskArbitration.framework/Versions/A/DiskArbitration
0x000000001e7f0000 	/System/Library/PrivateFrameworks/MultitouchSupport.framework/Versions/A/MultitouchSupport
0x000000001e7f0000 	/usr/lib/libenergytrace.dylib
0x000000001e7f0000 	/System/Library/Frameworks/IOKit.framework/Versions/A/IOKit
0x000000001e7f0000 	/System/Library/Frameworks/CoreServices.framework/Versions/A/CoreServices
0x000000001e7f0000 	/System/Library/PrivateFrameworks/PerformanceAnalysis.framework/Versions/A/PerformanceAnalysis
0x000000001e7f0000 	/System/Library/Frameworks/OpenGL.framework/Versions/A/OpenGL
0x000000001e7f0000 	/System/Library/PrivateFrameworks/MobileKeyBag.framework/Versions/A/MobileKeyBag
0x000000001e7f0000 	/usr/lib/libobjc.A.dylib
0x000000001e7f0000 	/System/Library/Frameworks/ColorSync.framework/Versions/A/ColorSync
0x000000001e7f0000 	/System/Library/Frameworks/CoreFoundation.framework/Versions/A/CoreFoundation
0x000000001e7f0000 	/System/Library/Frameworks/CoreImage.framework/Versions/A/CoreImage
0x000000001e7f0000 	/System/Library/Frameworks/CoreText.framework/Versions/A/CoreText
0x000000001e7f0000 	/System/Library/Frameworks/ImageIO.framework/Versions/A/ImageIO
0x000000001e7f0000 	/System/Library/PrivateFrameworks/SoftLinking.framework/Versions/A/SoftLinking
0x000000001e7f0000 	/usr/lib/libxml2.2.dylib
0x000000001e7f0000 	/usr/lib/libc++.1.dylib
0x000000001e7f0000 	/usr/lib/libcompression.dylib
0x000000001e7f0000 	/System/Library/PrivateFrameworks/TextureIO.framework/Versions/A/TextureIO
0x000000001e7f0000 	/usr/lib/libate.dylib
0x000000001e7f0000 	/usr/lib/system/libcache.dylib
0x000000001e7f0000 	/usr/lib/system/libcommonCrypto.dylib
0x000000001e7f0000 	/usr/lib/system/libcompiler_rt.dylib
0x000000001e7f0000 	/usr/lib/system/libcopyfile.dylib
0x000000001e7f0000 	/usr/lib/system/libcorecrypto.dylib
0x000000001e7f0000 	/usr/lib/system/libdispatch.dylib
0x000000001e7f0000 	/usr/lib/system/libdyld.dylib
0x000000001e7f0000 	/usr/lib/system/libkeymgr.dylib
0x000000001e7f0000 	/usr/lib/system/libmacho.dylib
0x000000001e7f0000 	/usr/lib/system/libquarantine.dylib
0x000000001e7f0000 	/usr/lib/system/libremovefile.dylib
0x000000001e7f0000 	/usr/lib/system/libsystem_asl.dylib
0x000000001e7f0000 	/usr/lib/system/libsystem_blocks.dylib
0x000000001e7f0000 	/usr/lib/system/libsystem_c.dylib
0x000000001e7f0000 	/usr/lib/system/libsystem_collections.dylib
0x000000001e7f0000 	/usr/lib/system/libsystem_configuration.dylib
0x000000001e7f0000 	/usr/lib/system/libsystem_containermanager.dylib
0x000000001e7f0000 	/usr/lib/system/libsystem_coreservices.dylib
0x000000001e7f0000 	/usr/lib/system/libsystem_darwin.dylib
0x000000001e7f0000 	/usr/lib/system/libsystem_dnssd.dylib
0x000000001e7f0000 	/usr/lib/system/libsystem_featureflags.dylib
0x000000001e7f0000 	/usr/lib/system/libsystem_info.dylib
0x000000001e7f0000 	/usr/lib/system/libsystem_m.dylib
0x000000001e7f0000 	/usr/lib/system/libsystem_malloc.dylib
0x000000001e7f0000 	/usr/lib/system/libsystem_networkextension.dylib
0x000000001e7f0000 	/usr/lib/system/libsystem_notify.dylib
0x000000001e7f0000 	/usr/lib/system/libsystem_product_info_filter.dylib
0x000000001e7f0000 	/usr/lib/system/libsystem_sandbox.dylib
0x000000001e7f0000 	/usr/lib/system/libsystem_secinit.dylib
0x000000001e7f0000 	/usr/lib/system/libsystem_kernel.dylib
0x000000001e7f0000 	/usr/lib/system/libsystem_platform.dylib
0x000000001e7f0000 	/usr/lib/system/libsystem_pthread.dylib
0x000000001e7f0000 	/usr/lib/system/libsystem_symptoms.dylib
0x000000001e7f0000 	/usr/lib/system/libsystem_trace.dylib
0x000000001e7f0000 	/usr/lib/system/libunwind.dylib
0x000000001e7f0000 	/usr/lib/system/libxpc.dylib
0x000000001e7f0000 	/usr/lib/libc++abi.dylib
0x000000001e7f0000 	/usr/lib/liboah.dylib
0x000000001e7f0000 	/usr/lib/liblzma.5.dylib
0x000000001e7f0000 	/System/Library/Frameworks/SystemConfiguration.framework/Versions/A/SystemConfiguration
0x000000001e7f0000 	/usr/lib/libfakelink.dylib
0x000000001e7f0000 	/System/Library/Frameworks/CFNetwork.framework/Versions/A/CFNetwork
0x000000001e7f0000 	/usr/lib/libarchive.2.dylib
0x000000001e7f0000 	/System/Library/PrivateFrameworks/AppleSystemInfo.framework/Versions/A/AppleSystemInfo
0x000000001e7f0000 	/usr/lib/libbsm.0.dylib
0x000000001e7f0000 	/usr/lib/libnetwork.dylib
0x000000001e7f0000 	/usr/lib/system/libkxld.dylib
0x000000001e7f0000 	/System/Library/PrivateFrameworks/IOMobileFramebuffer.framework/Versions/A/IOMobileFramebuffer
0x000000001e7f0000 	/usr/lib/libCoreEntitlements.dylib
0x000000001e7f0000 	/System/Library/PrivateFrameworks/AppleFSCompression.framework/Versions/A/AppleFSCompression
0x000000001e7f0000 	/usr/lib/libcoretls.dylib
0x000000001e7f0000 	/usr/lib/libcoretls_cfhelpers.dylib
0x000000001e7f0000 	/usr/lib/libpam.2.dylib
0x000000001e7f0000 	/usr/lib/libsqlite3.dylib
0x000000001e7f0000 	/usr/lib/libxar.1.dylib
0x000000001e7f0000 	/usr/lib/libbz2.1.0.dylib
0x000000001e7f0000 	/usr/lib/libpcap.A.dylib
0x000000001e7f0000 	/usr/lib/libdns_services.dylib
0x000000001e7f0000 	/usr/lib/libapple_nghttp2.dylib
0x000000001e7f0000 	/usr/lib/libiconv.2.dylib
0x000000001e7f0000 	/usr/lib/libcharset.1.dylib
0x000000001e7f0000 	/System/Library/Frameworks/CoreServices.framework/Versions/A/Frameworks/FSEvents.framework/Versions/A/FSEvents
0x000000001e7f0000 	/System/Library/Frameworks/CoreServices.framework/Versions/A/Frameworks/CarbonCore.framework/Versions/A/CarbonCore
0x000000001e7f0000 	/System/Library/Frameworks/CoreServices.framework/Versions/A/Frameworks/Metadata.framework/Versions/A/Metadata
0x000000001e7f0000 	/System/Library/Frameworks/CoreServices.framework/Versions/A/Frameworks/OSServices.framework/Versions/A/OSServices
0x000000001e7f0000 	/System/Library/Frameworks/CoreServices.framework/Versions/A/Frameworks/SearchKit.framework/Versions/A/SearchKit
0x000000001e7f0000 	/System/Library/Frameworks/CoreServices.framework/Versions/A/Frameworks/AE.framework/Versions/A/AE
0x000000001e7f0000 	/System/Library/Frameworks/CoreServices.framework/Versions/A/Frameworks/LaunchServices.framework/Versions/A/LaunchServices
0x000000001e7f0000 	/System/Library/Frameworks/CoreServices.framework/Versions/A/Frameworks/DictionaryServices.framework/Versions/A/DictionaryServices
0x000000001e7f0000 	/System/Library/Frameworks/CoreServices.framework/Versions/A/Frameworks/SharedFileList.framework/Versions/A/SharedFileList
0x000000001e7f0000 	/usr/lib/libCheckFix.dylib
0x000000001e7f0000 	/System/Library/PrivateFrameworks/TCC.framework/Versions/A/TCC
0x000000001e7f0000 	/System/Library/PrivateFrameworks/CoreNLP.framework/Versions/A/CoreNLP
0x000000001e7f0000 	/System/Library/PrivateFrameworks/MetadataUtilities.framework/Versions/A/MetadataUtilities
0x000000001e7f0000 	/usr/lib/libmecabra.dylib
0x000000001e7f0000 	/usr/lib/libmecab.dylib
0x000000001e7f0000 	/usr/lib/libCRFSuite.dylib
0x000000001e7f0000 	/usr/lib/libgermantok.dylib
0x000000001e7f0000 	/usr/lib/libThaiTokenizer.dylib
0x000000001e7f0000 	/System/Library/Frameworks/Accelerate.framework/Versions/A/Frameworks/vImage.framework/Versions/A/vImage
0x000000001e7f0000 	/System/Library/Frameworks/Accelerate.framework/Versions/A/Frameworks/vecLib.framework/Versions/A/vecLib
0x000000001e7f0000 	/System/Library/Frameworks/Accelerate.framework/Versions/A/Frameworks/vecLib.framework/Versions/A/libvMisc.dylib
0x000000001e7f0000 	/System/Library/Frameworks/Accelerate.framework/Versions/A/Frameworks/vecLib.framework/Versions/A/libvDSP.dylib
0x000000001e7f0000 	/System/Library/Frameworks/Accelerate.framework/Versions/A/Frameworks/vecLib.framework/Versions/A/libBLAS.dylib
0x000000001e7f0000 	/System/Library/Frameworks/Accelerate.framework/Versions/A/Frameworks/vecLib.framework/Versions/A/libLAPACK.dylib
0x000000001e7f0000 	/System/Library/Frameworks/Accelerate.framework/Versions/A/Frameworks/vecLib.framework/Versions/A/libLinearAlgebra.dylib
0x000000001e7f0000 	/System/Library/Frameworks/Accelerate.framework/Versions/A/Frameworks/vecLib.framework/Versions/A/libSparseBLAS.dylib
0x000000001e7f0000 	/System/Library/Frameworks/Accelerate.framework/Versions/A/Frameworks/vecLib.framework/Versions/A/libQuadrature.dylib
0x000000001e7f0000 	/System/Library/Frameworks/Accelerate.framework/Versions/A/Frameworks/vecLib.framework/Versions/A/libBNNS.dylib
0x000000001e7f0000 	/System/Library/Frameworks/Accelerate.framework/Versions/A/Frameworks/vecLib.framework/Versions/A/libSparse.dylib
0x000000001e7f0000 	/System/Library/PrivateFrameworks/LinguisticData.framework/Versions/A/LinguisticData
0x000000001e7f0000 	/System/Library/PrivateFrameworks/Lexicon.framework/Versions/A/Lexicon
0x000000001e7f0000 	/usr/lib/libChineseTokenizer.dylib
0x000000001e7f0000 	/System/Library/PrivateFrameworks/LanguageModeling.framework/Versions/A/LanguageModeling
0x000000001e7f0000 	/System/Library/PrivateFrameworks/AppleSauce.framework/Versions/A/AppleSauce
0x000000001e7f0000 	/System/Library/PrivateFrameworks/CoreEmoji.framework/Versions/A/CoreEmoji
0x000000001e7f0000 	/usr/lib/libcmph.dylib
0x000000001e7f0000 	/System/Library/Frameworks/OpenDirectory.framework/Versions/A/Frameworks/CFOpenDirectory.framework/Versions/A/CFOpenDirectory
0x000000001e7f0000 	/System/Library/Frameworks/OpenDirectory.framework/Versions/A/OpenDirectory
0x000000001e7f0000 	/System/Library/PrivateFrameworks/APFS.framework/Versions/A/APFS
0x000000001e7f0000 	/System/Library/Frameworks/SecurityFoundation.framework/Versions/A/SecurityFoundation
0x000000001e7f0000 	/usr/lib/libutil.dylib
0x000000001e7f0000 	/System/Library/PrivateFrameworks/CoreServicesStore.framework/Versions/A/CoreServicesStore
0x000000001e7f0000 	/usr/lib/libxslt.1.dylib
0x000000001e7f0000 	/System/Library/PrivateFrameworks/BackgroundTaskManagement.framework/Versions/A/BackgroundTaskManagement
0x000000001e7f0000 	/System/Library/Frameworks/ImageIO.framework/Versions/A/Resources/libRadiance.dylib
0x000000001e7f0000 	/System/Library/Frameworks/ImageIO.framework/Versions/A/Resources/libJPEG.dylib
0x000000001e7f0000 	/System/Library/Frameworks/ImageIO.framework/Versions/A/Resources/libPng.dylib
0x000000001e7f0000 	/System/Library/Frameworks/ImageIO.framework/Versions/A/Resources/libTIFF.dylib
0x000000001e7f0000 	/System/Library/Frameworks/ImageIO.framework/Versions/A/Resources/libGIF.dylib
0x000000001e7f0000 	/System/Library/Frameworks/ImageIO.framework/Versions/A/Resources/libJP2.dylib
0x000000001e7f0000 	/usr/lib/libexpat.1.dylib
0x000000001e7f0000 	/System/Library/PrivateFrameworks/AppleJPEG.framework/Versions/A/AppleJPEG
0x000000001e7f0000 	/System/Library/PrivateFrameworks/FontServices.framework/libFontParser.dylib
0x000000001e7f0000 	/System/Library/PrivateFrameworks/RunningBoardServices.framework/Versions/A/RunningBoardServices
0x000000001e7f0000 	/System/Library/PrivateFrameworks/IOSurfaceAccelerator.framework/Versions/A/IOSurfaceAccelerator
0x000000001e7f0000 	/System/Library/PrivateFrameworks/WatchdogClient.framework/Versions/A/WatchdogClient
0x000000001e7f0000 	/System/Library/Frameworks/CoreDisplay.framework/Versions/A/CoreDisplay
0x000000001e7f0000 	/System/Library/Frameworks/CoreMedia.framework/Versions/A/CoreMedia
0x000000001e7f0000 	/System/Library/PrivateFrameworks/IOAccelerator.framework/Versions/A/IOAccelerator
0x000000001e7f0000 	/System/Library/Frameworks/CoreVideo.framework/Versions/A/CoreVideo
0x000000001e7f0000 	/System/Library/Frameworks/MetalPerformanceShaders.framework/Versions/A/MetalPerformanceShaders
0x000000001e7f0000 	/System/Library/Frameworks/VideoToolbox.framework/Versions/A/VideoToolbox
0x000000001e7f0000 	/System/Library/PrivateFrameworks/BaseBoard.framework/Versions/A/BaseBoard
0x000000001e7f0000 	/System/Library/PrivateFrameworks/ProtocolBuffer.framework/Versions/A/ProtocolBuffer
0x000000001e7f0000 	/System/Library/PrivateFrameworks/GPUWrangler.framework/Versions/A/GPUWrangler
0x000000001e7f0000 	/System/Library/PrivateFrameworks/IOPresentment.framework/Versions/A/IOPresentment
0x000000001e7f0000 	/System/Library/PrivateFrameworks/DSExternalDisplay.framework/Versions/A/DSExternalDisplay
0x000000001e7f0000 	/System/Library/Frameworks/OpenGL.framework/Versions/A/Libraries/libCoreFSCache.dylib
0x000000001e7f0000 	/System/Library/PrivateFrameworks/GPUCompiler.framework/Versions/31001/Libraries/libGPUCompilerUtils.dylib
0x000000001e7f0000 	/System/Library/PrivateFrameworks/CMCaptureCore.framework/Versions/A/CMCaptureCore
0x000000001e7f0000 	/System/Library/PrivateFrameworks/AppServerSupport.framework/Versions/A/AppServerSupport
0x000000001e7f0000 	/System/Library/PrivateFrameworks/perfdata.framework/Versions/A/perfdata
0x000000001e7f0000 	/System/Library/PrivateFrameworks/AudioToolboxCore.framework/Versions/A/AudioToolboxCore
0x000000001e7f0000 	/System/Library/PrivateFrameworks/caulk.framework/Versions/A/caulk
0x000000001e7f0000 	/usr/lib/libAudioStatistics.dylib
0x000000001e7f0000 	/System/Library/PrivateFrameworks/SystemPolicy.framework/Versions/A/SystemPolicy
0x000000001e7f0000 	/usr/lib/libSMC.dylib
0x000000001e7f0000 	/System/Library/Frameworks/CoreMIDI.framework/Versions/A/CoreMIDI
0x000000001e7f0000 	/usr/lib/libAudioToolboxUtility.dylib
0x000000001e7f0000 	/System/Library/PrivateFrameworks/OSAServicesClient.framework/Versions/A/OSAServicesClient
0x000000001e7f0000 	/usr/lib/libperfcheck.dylib
0x000000001e7f0000 	/usr/lib/libmis.dylib
0x000000001e7f0000 	/System/Library/Frameworks/OpenGL.framework/Versions/A/Libraries/libGLU.dylib
0x000000001e7f0000 	/System/Library/Frameworks/OpenGL.framework/Versions/A/Libraries/libGFXShared.dylib
0x000000001e7f0000 	/System/Library/Frameworks/OpenGL.framework/Versions/A/Libraries/libGL.dylib
0x000000001e7f0000 	/System/Library/Frameworks/OpenGL.framework/Versions/A/Libraries/libGLImage.dylib
0x000000001e7f0000 	/System/Library/Frameworks/OpenGL.framework/Versions/A/Libraries/libCVMSPluginSupport.dylib
0x000000001e7f0000 	/System/Library/Frameworks/OpenGL.framework/Versions/A/Libraries/libCoreVMClient.dylib
0x000000001e7f0000 	/System/Library/Frameworks/MetalPerformanceShaders.framework/Versions/A/Frameworks/MPSCore.framework/Versions/A/MPSCore
0x000000001e7f0000 	/System/Library/Frameworks/MetalPerformanceShaders.framework/Versions/A/Frameworks/MPSImage.framework/Versions/A/MPSImage
0x000000001e7f0000 	/System/Library/Frameworks/MetalPerformanceShaders.framework/Versions/A/Frameworks/MPSNeuralNetwork.framework/Versions/A/MPSNeuralNetwork
0x000000001e7f0000 	/System/Library/Frameworks/MetalPerformanceShaders.framework/Versions/A/Frameworks/MPSMatrix.framework/Versions/A/MPSMatrix
0x000000001e7f0000 	/System/Library/Frameworks/MetalPerformanceShaders.framework/Versions/A/Frameworks/MPSRayIntersector.framework/Versions/A/MPSRayIntersector
0x000000001e7f0000 	/System/Library/Frameworks/MetalPerformanceShaders.framework/Versions/A/Frameworks/MPSNDArray.framework/Versions/A/MPSNDArray
0x000000001e7f0000 	/System/Library/Frameworks/MetalPerformanceShaders.framework/Versions/A/Frameworks/MPSFunctions.framework/Versions/A/MPSFunctions
0x000000001e7f0000 	/System/Library/PrivateFrameworks/MetalTools.framework/Versions/A/MetalTools
0x000000001e7f0000 	/System/Library/PrivateFrameworks/AggregateDictionary.framework/Versions/A/AggregateDictionary
0x000000001e7f0000 	/usr/lib/libIOReport.dylib
0x000000001e7f0000 	/System/Library/Frameworks/OpenCL.framework/Versions/A/OpenCL
0x000000001e7f0000 	/System/Library/PrivateFrameworks/FaceCore.framework/Versions/A/FaceCore
0x000000001e7f0000 	/System/Library/PrivateFrameworks/GraphVisualizer.framework/Versions/A/GraphVisualizer
0x000000001e7f0000 	/System/Library/PrivateFrameworks/FontServices.framework/Versions/A/FontServices
0x000000001e7f0000 	/System/Library/PrivateFrameworks/OTSVG.framework/Versions/A/OTSVG
0x000000001e7f0000 	/System/Library/Frameworks/ApplicationServices.framework/Versions/A/Frameworks/ATS.framework/Versions/A/Resources/libFontRegistry.dylib
0x000000001e7f0000 	/System/Library/PrivateFrameworks/FontServices.framework/libhvf.dylib
0x000000001e7f0000 	/System/Library/PrivateFrameworks/FontServices.framework/libXTFontStaticRegistryData.dylib
0x000000001e7f0000 	/System/Library/PrivateFrameworks/AppleVA.framework/Versions/A/AppleVA
0x000000001e7f0000 	/System/Library/Frameworks/ApplicationServices.framework/Versions/A/Frameworks/ATS.framework/Versions/A/ATS
0x000000001e7f0000 	/System/Library/Frameworks/ApplicationServices.framework/Versions/A/Frameworks/HIServices.framework/Versions/A/HIServices
0x000000001e7f0000 	/System/Library/Frameworks/ApplicationServices.framework/Versions/A/Frameworks/PrintCore.framework/Versions/A/PrintCore
0x000000001e7f0000 	/System/Library/Frameworks/ApplicationServices.framework/Versions/A/Frameworks/QD.framework/Versions/A/QD
0x000000001e7f0000 	/System/Library/Frameworks/ApplicationServices.framework/Versions/A/Frameworks/ColorSyncLegacy.framework/Versions/A/ColorSyncLegacy
0x000000001e7f0000 	/System/Library/Frameworks/ApplicationServices.framework/Versions/A/Frameworks/SpeechSynthesis.framework/Versions/A/SpeechSynthesis
0x000000001e7f0000 	/System/Library/Frameworks/ApplicationServices.framework/Versions/A/Frameworks/ATSUI.framework/Versions/A/ATSUI
0x000000001e7f0000 	/usr/lib/libcups.2.dylib
0x000000001e7f0000 	/System/Library/Frameworks/Kerberos.framework/Versions/A/Kerberos
0x000000001e7f0000 	/System/Library/Frameworks/GSS.framework/Versions/A/GSS
0x000000001e7f0000 	/usr/lib/libresolv.9.dylib
0x000000001e7f0000 	/System/Library/PrivateFrameworks/Heimdal.framework/Versions/A/Heimdal
0x000000001e7f0000 	/System/Library/Frameworks/Kerberos.framework/Versions/A/Libraries/libHeimdalProxy.dylib
0x000000001e7f0000 	/System/Library/Frameworks/Network.framework/Versions/A/Network
0x000000001e7f0000 	/usr/lib/libheimdal-asn1.dylib
0x000000001e7f0000 	/System/Library/PrivateFrameworks/CommonAuth.framework/Versions/A/CommonAuth
0x000000001e7f0000 	/System/Library/PrivateFrameworks/AudioSession.framework/Versions/A/AudioSession
0x000000001e7f0000 	/System/Library/PrivateFrameworks/MediaExperience.framework/Versions/A/MediaExperience
0x000000001e7f0000 	/System/Library/PrivateFrameworks/AudioSession.framework/libSessionUtility.dylib
0x000000001e7f0000 	/System/Library/PrivateFrameworks/AudioResourceArbitration.framework/Versions/A/AudioResourceArbitration
0x000000001e7f0000 	/System/Library/PrivateFrameworks/PowerLog.framework/Versions/A/PowerLog
0x000000001e7f0000 	/System/Library/PrivateFrameworks/IconFoundation.framework/Versions/A/IconFoundation
0x000000001e7f0000 	/System/Library/PrivateFrameworks/SpeechRecognitionCore.framework/Versions/A/SpeechRecognitionCore
0x000000010c763000 	/Library/Java/JavaVirtualMachines/jdk1.8.0_111.jdk/Contents/Home/jre/lib/server/libjvm.dylib
0x000000001e7f0000 	/usr/lib/libstdc++.6.dylib
0x000000010b805000 	/Library/Java/JavaVirtualMachines/jdk1.8.0_111.jdk/Contents/Home/jre/lib/libverify.dylib
0x000000010b848000 	/Library/Java/JavaVirtualMachines/jdk1.8.0_111.jdk/Contents/Home/jre/lib/libjava.dylib
0x000000010b81c000 	/Library/Java/JavaVirtualMachines/jdk1.8.0_111.jdk/Contents/Home/jre/lib/libzip.dylib
0x000000001e7f0000 	/System/Library/Frameworks/JavaRuntimeSupport.framework/Versions/A/JavaRuntimeSupport
0x000000001e7f0000 	/System/Library/Frameworks/Carbon.framework/Versions/A/Carbon
0x000000001e7f0000 	/System/Library/PrivateFrameworks/CoreSymbolication.framework/Versions/A/CoreSymbolication
0x000000001e7f0000 	/System/Library/Frameworks/Carbon.framework/Versions/A/Frameworks/CommonPanels.framework/Versions/A/CommonPanels
0x000000001e7f0000 	/System/Library/Frameworks/Carbon.framework/Versions/A/Frameworks/Help.framework/Versions/A/Help
0x000000001e7f0000 	/System/Library/Frameworks/Carbon.framework/Versions/A/Frameworks/ImageCapture.framework/Versions/A/ImageCapture
0x000000001e7f0000 	/System/Library/Frameworks/Carbon.framework/Versions/A/Frameworks/OpenScripting.framework/Versions/A/OpenScripting
0x000000001e7f0000 	/System/Library/Frameworks/Carbon.framework/Versions/A/Frameworks/Ink.framework/Versions/A/Ink
0x000000001e7f0000 	/System/Library/Frameworks/Carbon.framework/Versions/A/Frameworks/Print.framework/Versions/A/Print
0x000000001e7f0000 	/System/Library/Frameworks/Carbon.framework/Versions/A/Frameworks/SecurityHI.framework/Versions/A/SecurityHI
0x000000001e7f0000 	/System/Library/PrivateFrameworks/DebugSymbols.framework/Versions/A/DebugSymbols
0x000000010c751000 	/Library/Java/JavaVirtualMachines/jdk1.8.0_111.jdk/Contents/Home/jre/lib/libprism_es2.dylib
0x000000001e7f0000 	/System/Library/PrivateFrameworks/CoreServicesInternal.framework/Versions/A/CoreServicesInternal
0x000000001e7f0000 	/System/Library/Frameworks/OpenGL.framework/Versions/A/Resources/GLEngine.bundle/GLEngine
0x000000001e7f0000 	/System/Library/Frameworks/OpenGL.framework/Versions/A/Libraries/libGLProgrammability.dylib
0x000000001e7f0000 	/System/Library/Extensions/AppleIntelBDWGraphicsGLDriver.bundle/Contents/MacOS/AppleIntelBDWGraphicsGLDriver
0x000000001e7f0000 	/System/Library/PrivateFrameworks/GPUSupport.framework/Versions/A/Libraries/libGPUSupportMercury.dylib
0x000000001e7f0000 	/System/Library/Frameworks/OpenGL.framework/Versions/A/Resources/GLRendererFloat.bundle/GLRendererFloat
0x00000001149c0000 	/Library/Java/JavaVirtualMachines/jdk1.8.0_111.jdk/Contents/Home/jre/lib/libglass.dylib
0x000000001e7f0000 	/System/Library/Frameworks/FileProvider.framework/Versions/A/FileProvider
0x000000001e7f0000 	/System/Library/Frameworks/Accounts.framework/Versions/A/Accounts
0x000000001e7f0000 	/System/Library/PrivateFrameworks/GenerationalStorage.framework/Versions/A/GenerationalStorage
0x000000001e7f0000 	/System/Library/PrivateFrameworks/SymptomDiagnosticReporter.framework/Versions/A/SymptomDiagnosticReporter
0x000000001e7f0000 	/System/Library/PrivateFrameworks/DesktopServicesPriv.framework/Versions/A/DesktopServicesPriv
0x000000001e7f0000 	/usr/lib/libsandbox.1.dylib
0x000000001e7f0000 	/System/Library/PrivateFrameworks/UserManagement.framework/Versions/A/UserManagement
0x000000001e7f0000 	/System/Library/PrivateFrameworks/NetAuth.framework/Versions/A/NetAuth
0x000000001e7f0000 	/System/Library/PrivateFrameworks/Sharing.framework/Versions/A/Sharing
0x000000001e7f0000 	/System/Library/PrivateFrameworks/login.framework/Versions/A/Frameworks/loginsupport.framework/Versions/A/loginsupport
0x000000001e7f0000 	/System/Library/PrivateFrameworks/Apple80211.framework/Versions/A/Apple80211
0x000000001e7f0000 	/System/Library/PrivateFrameworks/AuthKit.framework/Versions/A/AuthKit
0x000000001e7f0000 	/System/Library/PrivateFrameworks/CoreUtils.framework/Versions/A/CoreUtils
0x000000001e7f0000 	/System/Library/Frameworks/CoreWLAN.framework/Versions/A/CoreWLAN
0x000000001e7f0000 	/System/Library/Frameworks/IOBluetooth.framework/Versions/A/IOBluetooth
0x000000001e7f0000 	/System/Library/PrivateFrameworks/CoreWiFi.framework/Versions/A/CoreWiFi
0x000000001e7f0000 	/System/Library/PrivateFrameworks/FrontBoardServices.framework/Versions/A/FrontBoardServices
0x000000001e7f0000 	/System/Library/PrivateFrameworks/BoardServices.framework/Versions/A/BoardServices
0x000000001e7f0000 	/System/Library/PrivateFrameworks/AssertionServices.framework/Versions/A/AssertionServices
0x000000001e7f0000 	/System/Library/PrivateFrameworks/BackBoardServices.framework/Versions/A/BackBoardServices
0x000000001e7f0000 	/System/Library/PrivateFrameworks/CorePhoneNumbers.framework/Versions/A/CorePhoneNumbers
0x000000001e7f0000 	/System/Library/PrivateFrameworks/MultiverseSupport.framework/Versions/A/MultiverseSupport
0x000000001e7f0000 	/System/Library/PrivateFrameworks/RemoteServiceDiscovery.framework/Versions/A/RemoteServiceDiscovery
0x000000001e7f0000 	/System/Library/PrivateFrameworks/DiskManagement.framework/Versions/A/DiskManagement
0x000000001e7f0000 	/System/Library/PrivateFrameworks/AppleIDAuthSupport.framework/Versions/A/AppleIDAuthSupport
0x000000001e7f0000 	/System/Library/PrivateFrameworks/AAAFoundation.framework/Versions/A/AAAFoundation
0x000000001e7f0000 	/System/Library/PrivateFrameworks/KeychainCircle.framework/Versions/A/KeychainCircle
0x000000001e7f0000 	/System/Library/PrivateFrameworks/RemoteXPC.framework/Versions/A/RemoteXPC
0x000000001e7f0000 	/System/Library/PrivateFrameworks/MediaKit.framework/Versions/A/MediaKit
0x000000001e7f0000 	/System/Library/Frameworks/DiscRecording.framework/Versions/A/DiscRecording
0x000000001e7f0000 	/usr/lib/libCoreStorage.dylib
0x000000001e7f0000 	/usr/lib/libcsfde.dylib
0x000000001e7f0000 	/System/Library/PrivateFrameworks/ProtectedCloudStorage.framework/Versions/A/ProtectedCloudStorage
0x000000001e7f0000 	/System/Library/PrivateFrameworks/EFILogin.framework/Versions/A/EFILogin
0x000000001e7f0000 	/System/Library/PrivateFrameworks/OctagonTrust.framework/Versions/A/OctagonTrust
0x000000001e7f0000 	/System/Library/PrivateFrameworks/CoreUtilsExtras.framework/Versions/A/CoreUtilsExtras
0x000000001e7f0000 	/System/Library/Frameworks/CoreBluetooth.framework/Versions/A/CoreBluetooth
0x000000001e7f0000 	/System/Library/Frameworks/AudioUnit.framework/Versions/A/AudioUnit
0x000000001e7f0000 	/usr/lib/libMatch.1.dylib
0x000000001e7f0000 	/System/Library/Frameworks/Accelerate.framework/Versions/A/Frameworks/vImage.framework/Versions/A/Libraries/libCGInterfaces.dylib
0x0000000116280000 	/usr/lib/libobjc-trampolines.dylib
0x000000001e7f0000 	/System/Library/PrivateFrameworks/FamilyControls.framework/Versions/A/FamilyControls
0x000000001e7f0000 	/System/Library/PrivateFrameworks/CommerceKit.framework/Versions/A/Frameworks/CommerceCore.framework/Versions/A/CommerceCore
0x000000001e7f0000 	/System/Library/PrivateFrameworks/SystemAdministration.framework/Versions/A/SystemAdministration
0x000000001e7f0000 	/System/Library/PrivateFrameworks/AppContainer.framework/Versions/A/AppContainer
0x000000001e7f0000 	/System/Library/PrivateFrameworks/SecCodeWrapper.framework/Versions/A/SecCodeWrapper
0x000000001e7f0000 	/System/Library/PrivateFrameworks/CrashReporterSupport.framework/Versions/A/CrashReporterSupport
0x000000001e7f0000 	/System/Library/PrivateFrameworks/OSAnalytics.framework/Versions/A/OSAnalytics
0x000000001e7f0000 	/System/Library/PrivateFrameworks/Symbolication.framework/Versions/A/Symbolication
0x000000001e7f0000 	/System/Library/PrivateFrameworks/MallocStackLogging.framework/Versions/A/MallocStackLogging
0x000000001e7f0000 	/System/Library/PrivateFrameworks/login.framework/Versions/A/login
0x000000001e7f0000 	/System/Library/Frameworks/MediaToolbox.framework/Versions/A/MediaToolbox
0x000000001e7f0000 	/System/Library/Frameworks/DirectoryService.framework/Versions/A/DirectoryService
0x000000001e7f0000 	/System/Library/PrivateFrameworks/DiskImages.framework/Versions/A/DiskImages
0x000000001e7f0000 	/System/Library/Frameworks/ServiceManagement.framework/Versions/A/ServiceManagement
0x000000001e7f0000 	/System/Library/PrivateFrameworks/LoginUIKit.framework/Versions/A/Frameworks/LoginUICore.framework/Versions/A/LoginUICore
0x000000001e7f0000 	/usr/lib/libodfde.dylib
0x000000001e7f0000 	/System/Library/PrivateFrameworks/CoreAVCHD.framework/Versions/A/CoreAVCHD
0x000000001e7f0000 	/System/Library/Frameworks/MediaAccessibility.framework/Versions/A/MediaAccessibility
0x000000001e7f0000 	/System/Library/PrivateFrameworks/Mangrove.framework/Versions/A/Mangrove
0x000000001e7f0000 	/System/Library/PrivateFrameworks/AlgosScoreFramework.framework/Versions/A/AlgosScoreFramework
0x000000001e7f0000 	/System/Library/PrivateFrameworks/CMPhoto.framework/Versions/A/CMPhoto
0x000000001e7f0000 	/System/Library/PrivateFrameworks/AppleVPA.framework/Versions/A/AppleVPA
0x000000001e7f0000 	/System/Library/PrivateFrameworks/CoreAUC.framework/Versions/A/CoreAUC
0x000000001e7f0000 	/usr/lib/libcurl.4.dylib
0x000000001e7f0000 	/usr/lib/libcrypto.46.dylib
0x000000001e7f0000 	/usr/lib/libssl.48.dylib
0x000000001e7f0000 	/System/Library/Frameworks/LDAP.framework/Versions/A/LDAP
0x000000001e7f0000 	/System/Library/PrivateFrameworks/TrustEvaluationAgent.framework/Versions/A/TrustEvaluationAgent
0x000000001e7f0000 	/usr/lib/libsasl2.2.dylib
0x000000001e7f0000 	/System/Library/PrivateFrameworks/CoreDaemon.framework/Versions/B/CoreDaemon
0x000000001e7f0000 	/System/Library/PrivateFrameworks/AppleSRP.framework/Versions/A/AppleSRP
0x000000001e7f0000 	/System/Library/PrivateFrameworks/ViewBridge.framework/Versions/A/ViewBridge
0x0000000117334000 	/Library/Java/JavaVirtualMachines/jdk1.8.0_111.jdk/Contents/Home/jre/lib/libjavafx_iio.dylib
0x00000001172f6000 	/Library/Java/JavaVirtualMachines/jdk1.8.0_111.jdk/Contents/Home/jre/lib/libjavafx_font.dylib
0x000000001e7f0000 	/usr/lib/libRosetta.dylib
0x0000000128df6000 	/Library/Java/JavaVirtualMachines/jdk1.8.0_111.jdk/Contents/Home/jre/lib/libprism_common.dylib
0x000000012a6dd000 	/Library/Java/JavaVirtualMachines/jdk1.8.0_111.jdk/Contents/Home/jre/lib/libnio.dylib
0x000000012a704000 	/Library/Java/JavaVirtualMachines/jdk1.8.0_111.jdk/Contents/Home/jre/lib/libnet.dylib
0x00000001281e5000 	/Library/Java/JavaVirtualMachines/jdk1.8.0_111.jdk/Contents/Home/jre/lib/libsunec.dylib

VM Arguments:
jvm_args: -Dfile.encoding=UTF-8 
java_command: /Users/macbookpro/NetBeansProjects/BusTicket/dist/run1232491200/BusTicket.jar
java_class_path (initial): /Users/macbookpro/NetBeansProjects/BusTicket/dist/run1232491200/BusTicket.jar
Launcher Type: SUN_STANDARD

Environment Variables:
PATH=/usr/bin:/bin:/usr/sbin:/sbin
LD_LIBRARY_PATH=/Library/Java/JavaVirtualMachines/jdk1.8.0_111.jdk/Contents/Home/jre/lib/amd64:/Library/Java/JavaVirtualMachines/jdk1.8.0_111.jdk/Contents/Home/jre/lib/i386:
SHELL=/bin/zsh

Signal Handlers:
SIGSEGV: [libjvm.dylib+0x5b03ed], sa_mask[0]=11111111011111110111111111111111, sa_flags=SA_ONSTACK|SA_RESTART|SA_SIGINFO
SIGBUS: [libjvm.dylib+0x5b03ed], sa_mask[0]=11111111011111110111111111111111, sa_flags=SA_RESTART|SA_SIGINFO
SIGFPE: [libjvm.dylib+0x48711c], sa_mask[0]=11111111011111110111111111111111, sa_flags=SA_RESTART|SA_SIGINFO
SIGPIPE: [libjvm.dylib+0x48711c], sa_mask[0]=11111111011111110111111111111111, sa_flags=SA_RESTART|SA_SIGINFO
SIGXFSZ: [libjvm.dylib+0x48711c], sa_mask[0]=11111111011111110111111111111111, sa_flags=SA_RESTART|SA_SIGINFO
SIGILL: [libjvm.dylib+0x48711c], sa_mask[0]=11111111011111110111111111111111, sa_flags=SA_RESTART|SA_SIGINFO
SIGUSR1: SIG_DFL, sa_mask[0]=00000000000000000000000000000000, sa_flags=none
SIGUSR2: [libjvm.dylib+0x486c3a], sa_mask[0]=00100000000000000000000000000000, sa_flags=SA_RESTART|SA_SIGINFO
SIGHUP: [libjvm.dylib+0x485211], sa_mask[0]=11111111011111110111111111111111, sa_flags=SA_RESTART|SA_SIGINFO
SIGINT: SIG_IGN, sa_mask[0]=00000000000000000000000000000000, sa_flags=none
SIGTERM: [libjvm.dylib+0x485211], sa_mask[0]=11111111011111110111111111111111, sa_flags=SA_RESTART|SA_SIGINFO
SIGQUIT: [libjvm.dylib+0x485211], sa_mask[0]=11111111011111110111111111111111, sa_flags=SA_RESTART|SA_SIGINFO


---------------  S Y S T E M  ---------------

OS:Bsduname:Darwin 21.5.0 Darwin Kernel Version 21.5.0: Tue Apr 26 21:08:22 PDT 2022; root:xnu-8020.121.3~4/RELEASE_X86_64 x86_64
rlimit: STACK 8192k, CORE 0k, NPROC 1392, NOFILE 10240, AS infinity
load average:4.66 3.32 3.30

CPU:total 4 (2 cores per cpu, 2 threads per core) family 6 model 61 stepping 4, cmov, cx8, fxsr, mmx, sse, sse2, sse3, ssse3, sse4.1, sse4.2, popcnt, avx, avx2, aes, clmul, erms, 3dnowpref, lzcnt, ht, tsc, tscinvbit, bmi1, bmi2, adx

Memory: 4k page, physical 8388608k(17384k free)

/proc/meminfo:


vm_info: Java HotSpot(TM) 64-Bit Server VM (25.111-b14) for bsd-amd64 JRE (1.8.0_111-b14), built on Sep 22 2016 15:31:41 by "java_re" with gcc 4.2.1 (Based on Apple Inc. build 5658) (LLVM build 2336.11.00)

time: Mon Jan 16 16:16:20 2023
elapsed time: 65 seconds (0d 0h 1m 5s)

