#
# A fatal error has been detected by the Java Runtime Environment:
#
#  Internal Error (safepoint.cpp:712), pid=39509, tid=0x0000000000009e03
#  fatal error: Illegal threadstate encountered: 4
#
# JRE version: Java(TM) SE Runtime Environment (8.0_111-b14) (build 1.8.0_111-b14)
# Java VM: Java HotSpot(TM) 64-Bit Server VM (25.111-b14 mixed mode bsd-amd64 compressed oops)
# Failed to write core dump. Core dumps have been disabled. To enable core dumping, try "ulimit -c unlimited" before starting Java again
#
# If you would like to submit a bug report, please visit:
#   http://bugreport.java.com/bugreport/crash.jsp
# The crash happened outside the Java Virtual Machine in native code.
# See problematic frame for where to report the bug.
#

---------------  T H R E A D  ---------------

Current thread (0x00007fb1ec988000):  JavaThread "Thread-1" daemon [_thread_in_native, id=40451, stack(0x000070000d031000,0x000070000d131000)]

Stack: [0x000070000d031000,0x000070000d131000],  sp=0x000070000d12fcb0,  free space=1019k
Native frames: (J=compiled Java code, j=interpreted, Vv=VM code, C=native code)
V  [libjvm.dylib+0x5afbde]
V  [libjvm.dylib+0x1e74a3]
V  [libjvm.dylib+0x4e05b5]
V  [libjvm.dylib+0x56919e]
V  [libjvm.dylib+0x169b4e]
V  [libjvm.dylib+0x313641]
C  [libglass.dylib+0x463f]  -[GlassRunnable dealloc]+0x2f
C  [libobjc.A.dylib+0x25e98]  _ZN11objc_object17sidetable_releaseEbb+0xee
C  [Foundation+0x818ee]  -[_NSThreadPerformInfo dealloc]+0x2a
C  [libobjc.A.dylib+0x25e98]  _ZN11objc_object17sidetable_releaseEbb+0xee
C  [Foundation+0x4e466]  -[NSObject(NSThreadPerformAdditions) performSelectorOnMainThread:withObject:waitUntilDone:]+0x7c
J 1819  com.sun.glass.ui.mac.MacApplication._submitForLaterInvocation(Ljava/lang/Runnable;)V (0 bytes) @ 0x000000010e8740bc [0x000000010e874000+0xbc]
J 1818 C1 com.sun.glass.ui.mac.MacApplication.submitForLaterInvocation(Ljava/lang/Runnable;)V (6 bytes) @ 0x000000010e8743fc [0x000000010e874380+0x7c]
j  com.sun.glass.ui.InvokeLaterDispatcher.run()V+82
v  ~StubRoutines::call_stub
V  [libjvm.dylib+0x2ecf8a]
V  [libjvm.dylib+0x2ed718]
V  [libjvm.dylib+0x2ed8c4]
V  [libjvm.dylib+0x348039]
V  [libjvm.dylib+0x56a27b]
V  [libjvm.dylib+0x56b968]
V  [libjvm.dylib+0x489b0a]
C  [libsystem_pthread.dylib+0x64e1]  _pthread_start+0x7d
C  [libsystem_pthread.dylib+0x1f6b]  thread_start+0xf
C  0x0000000000000000

Java frames: (J=compiled Java code, j=interpreted, Vv=VM code)
J 1819  com.sun.glass.ui.mac.MacApplication._submitForLaterInvocation(Ljava/lang/Runnable;)V (0 bytes) @ 0x000000010e87404c [0x000000010e874000+0x4c]
J 1818 C1 com.sun.glass.ui.mac.MacApplication.submitForLaterInvocation(Ljava/lang/Runnable;)V (6 bytes) @ 0x000000010e8743fc [0x000000010e874380+0x7c]
j  com.sun.glass.ui.InvokeLaterDispatcher.run()V+82
v  ~StubRoutines::call_stub

---------------  P R O C E S S  ---------------

Java Threads: ( => current thread )
  0x00007fb1ed2d9800 JavaThread "mysql-cj-abandoned-connection-cleanup" daemon [_thread_blocked, id=56187, stack(0x000070000d5c9000,0x000070000d6c9000)]
  0x00007fb1ed1f6800 JavaThread "Prism Font Disposer" daemon [_thread_blocked, id=51723, stack(0x000070000d443000,0x000070000d543000)]
  0x00007fb1eb15a800 JavaThread "JavaFX-Launcher" [_thread_blocked, id=47635, stack(0x000070000d2bd000,0x000070000d3bd000)]
  0x00007fb1eb16f800 JavaThread "Thread-3" daemon [_thread_in_native, id=30471, stack(0x000070000d1b7000,0x000070000d237000)]
  0x00007fb1ed118800 JavaThread "JavaFX Application Thread" [_thread_in_native, id=259, stack(0x00007ff7bcd09000,0x00007ff7bd509000)]
=>0x00007fb1ec988000 JavaThread "Thread-1" daemon [_thread_in_native, id=40451, stack(0x000070000d031000,0x000070000d131000)]
  0x00007fb1eb813800 JavaThread "QuantumRenderer-0" daemon [_thread_blocked, id=14851, stack(0x000070000cf2e000,0x000070000d02e000)]
  0x00007fb1ed07c000 JavaThread "Service Thread" daemon [_thread_blocked, id=17923, stack(0x000070000cd28000,0x000070000ce28000)]
  0x00007fb1ed06b800 JavaThread "C1 CompilerThread2" daemon [_thread_blocked, id=13571, stack(0x000070000cc25000,0x000070000cd25000)]
  0x00007fb1ed056000 JavaThread "C2 CompilerThread1" daemon [_thread_blocked, id=18435, stack(0x000070000cb22000,0x000070000cc22000)]
  0x00007fb1ed057000 JavaThread "C2 CompilerThread0" daemon [_thread_blocked, id=18691, stack(0x000070000ca1f000,0x000070000cb1f000)]
  0x00007fb1ec80e000 JavaThread "Signal Dispatcher" daemon [_thread_blocked, id=13059, stack(0x000070000c91c000,0x000070000ca1c000)]
  0x00007fb1ed053800 JavaThread "Finalizer" daemon [_thread_blocked, id=11523, stack(0x000070000c713000,0x000070000c813000)]
  0x00007fb1ed051000 JavaThread "Reference Handler" daemon [_thread_blocked, id=21251, stack(0x000070000c610000,0x000070000c710000)]
  0x00007fb1ed00b800 JavaThread "main" [_thread_blocked, id=4355, stack(0x000070000bffe000,0x000070000c0fe000)]

Other Threads:
  0x00007fb1ed050800 VMThread [stack: 0x000070000c50d000,0x000070000c60d000] [id=11011]
  0x00007fb1eb013000 WatcherThread [stack: 0x000070000ce2b000,0x000070000cf2b000] [id=14339]

VM state:not at safepoint (normal execution)

VM Mutex/Monitor currently owned by a thread: None

Heap:
 PSYoungGen      total 38400K, used 6008K [0x0000000795580000, 0x0000000799c00000, 0x00000007c0000000)
  eden space 33280K, 2% used [0x0000000795580000,0x0000000795660188,0x0000000797600000)
  from space 5120K, 99% used [0x0000000797600000,0x0000000797afe238,0x0000000797b00000)
  to   space 5120K, 0% used [0x0000000799700000,0x0000000799700000,0x0000000799c00000)
 ParOldGen       total 65536K, used 16916K [0x0000000740000000, 0x0000000744000000, 0x0000000795580000)
  object space 65536K, 25% used [0x0000000740000000,0x00000007410853e0,0x0000000744000000)
 Metaspace       used 26542K, capacity 27912K, committed 28160K, reserved 1073152K
  class space    used 3554K, capacity 3835K, committed 3840K, reserved 1048576K

Card table byte_map: [0x0000000102fb4000,0x00000001033b5000] byte_map_base: 0x00000000ff5b4000

Marking Bits: (ParMarkBitMap*) 0x0000000104389d20
 Begin Bits: [0x0000000104a3b000, 0x0000000106a3b000)
 End Bits:   [0x0000000106a3b000, 0x0000000108a3b000)

Polling page: 0x0000000102b2f000

CodeCache: size=245760Kb used=10880Kb max_used=10905Kb free=234879Kb
 bounds [0x000000010e334000, 0x000000010ede4000, 0x000000011d334000]
 total_blobs=4385 nmethods=3610 adapters=686
 compilation: enabled

Compilation events (10 events):
Event: 20.858 Thread 0x00007fb1ed06b800 nmethod 3632 0x000000010edca550 code [0x000000010edca6c0, 0x000000010edca908]
Event: 20.992 Thread 0x00007fb1ed056000 3633       4       javafx.scene.Node::getLocalBounds (162 bytes)
Event: 21.015 Thread 0x00007fb1ed056000 nmethod 3633 0x000000010edd0a50 code [0x000000010edd0cc0, 0x000000010edd16d8]
Event: 21.314 Thread 0x00007fb1ed06b800 3635       1       com.sun.javafx.css.converters.InsetsConverter::getInstance (4 bytes)
Event: 21.315 Thread 0x00007fb1ed056000 3636       4       java.util.ArrayList$Itr::next (66 bytes)
Event: 21.315 Thread 0x00007fb1ed06b800 nmethod 3635 0x000000010edca290 code [0x000000010edca3e0, 0x000000010edca4d0]
Event: 21.315 Thread 0x00007fb1ed06b800 3637       3       javafx.scene.layout.Background::computeOpaqueInsets (1450 bytes)
Event: 21.317 Thread 0x00007fb1ed057000 3639       4       javafx.scene.paint.Color::<init> (218 bytes)
Event: 21.317 Thread 0x00007fb1ed056000 nmethod 3636 0x000000010edd0650 code [0x000000010edd07a0, 0x000000010edd08d8]
Event: 21.320 Thread 0x00007fb1ed057000 nmethod 3639 0x000000010edcfa90 code [0x000000010edcfc20, 0x000000010edcff78]

GC Heap History (8 events):
Event: 2.786 GC heap before
{Heap before GC invocations=1 (full 0):
 PSYoungGen      total 38400K, used 33280K [0x0000000795580000, 0x0000000798000000, 0x00000007c0000000)
  eden space 33280K, 100% used [0x0000000795580000,0x0000000797600000,0x0000000797600000)
  from space 5120K, 0% used [0x0000000797b00000,0x0000000797b00000,0x0000000798000000)
  to   space 5120K, 0% used [0x0000000797600000,0x0000000797600000,0x0000000797b00000)
 ParOldGen       total 87552K, used 0K [0x0000000740000000, 0x0000000745580000, 0x0000000795580000)
  object space 87552K, 0% used [0x0000000740000000,0x0000000740000000,0x0000000745580000)
 Metaspace       used 14019K, capacity 14512K, committed 14592K, reserved 1062912K
  class space    used 1884K, capacity 2037K, committed 2048K, reserved 1048576K
Event: 2.825 GC heap after
Heap after GC invocations=1 (full 0):
 PSYoungGen      total 38400K, used 5103K [0x0000000795580000, 0x000000079a080000, 0x00000007c0000000)
  eden space 33280K, 0% used [0x0000000795580000,0x0000000795580000,0x0000000797600000)
  from space 5120K, 99% used [0x0000000797600000,0x0000000797afbe78,0x0000000797b00000)
  to   space 5120K, 0% used [0x0000000799b80000,0x0000000799b80000,0x000000079a080000)
 ParOldGen       total 87552K, used 1697K [0x0000000740000000, 0x0000000745580000, 0x0000000795580000)
  object space 87552K, 1% used [0x0000000740000000,0x00000007401a84f8,0x0000000745580000)
 Metaspace       used 14019K, capacity 14512K, committed 14592K, reserved 1062912K
  class space    used 1884K, capacity 2037K, committed 2048K, reserved 1048576K
}
Event: 13.971 GC heap before
{Heap before GC invocations=2 (full 0):
 PSYoungGen      total 38400K, used 30055K [0x0000000795580000, 0x000000079a080000, 0x00000007c0000000)
  eden space 33280K, 74% used [0x0000000795580000,0x0000000796dddda0,0x0000000797600000)
  from space 5120K, 99% used [0x0000000797600000,0x0000000797afbe78,0x0000000797b00000)
  to   space 5120K, 0% used [0x0000000799b80000,0x0000000799b80000,0x000000079a080000)
 ParOldGen       total 87552K, used 1697K [0x0000000740000000, 0x0000000745580000, 0x0000000795580000)
  object space 87552K, 1% used [0x0000000740000000,0x00000007401a84f8,0x0000000745580000)
 Metaspace       used 20317K, capacity 21136K, committed 21248K, reserved 1067008K
  class space    used 2752K, capacity 3005K, committed 3072K, reserved 1048576K
Event: 13.987 GC heap after
Heap after GC invocations=2 (full 0):
 PSYoungGen      total 38400K, used 5095K [0x0000000795580000, 0x000000079a080000, 0x00000007c0000000)
  eden space 33280K, 0% used [0x0000000795580000,0x0000000795580000,0x0000000797600000)
  from space 5120K, 99% used [0x0000000799b80000,0x000000079a079fd0,0x000000079a080000)
  to   space 5120K, 0% used [0x0000000797600000,0x0000000797600000,0x0000000797b00000)
 ParOldGen       total 87552K, used 9624K [0x0000000740000000, 0x0000000745580000, 0x0000000795580000)
  object space 87552K, 10% used [0x0000000740000000,0x00000007409660e0,0x0000000745580000)
 Metaspace       used 20317K, capacity 21136K, committed 21248K, reserved 1067008K
  class space    used 2752K, capacity 3005K, committed 3072K, reserved 1048576K
}
Event: 13.987 GC heap before
{Heap before GC invocations=3 (full 1):
 PSYoungGen      total 38400K, used 5095K [0x0000000795580000, 0x000000079a080000, 0x00000007c0000000)
  eden space 33280K, 0% used [0x0000000795580000,0x0000000795580000,0x0000000797600000)
  from space 5120K, 99% used [0x0000000799b80000,0x000000079a079fd0,0x000000079a080000)
  to   space 5120K, 0% used [0x0000000797600000,0x0000000797600000,0x0000000797b00000)
 ParOldGen       total 87552K, used 9624K [0x0000000740000000, 0x0000000745580000, 0x0000000795580000)
  object space 87552K, 10% used [0x0000000740000000,0x00000007409660e0,0x0000000745580000)
 Metaspace       used 20317K, capacity 21136K, committed 21248K, reserved 1067008K
  class space    used 2752K, capacity 3005K, committed 3072K, reserved 1048576K
Event: 14.035 GC heap after
Heap after GC invocations=3 (full 1):
 PSYoungGen      total 38400K, used 0K [0x0000000795580000, 0x000000079a080000, 0x00000007c0000000)
  eden space 33280K, 0% used [0x0000000795580000,0x0000000795580000,0x0000000797600000)
  from space 5120K, 0% used [0x0000000799b80000,0x0000000799b80000,0x000000079a080000)
  to   space 5120K, 0% used [0x0000000797600000,0x0000000797600000,0x0000000797b00000)
 ParOldGen       total 65536K, used 12007K [0x0000000740000000, 0x0000000744000000, 0x0000000795580000)
  object space 65536K, 18% used [0x0000000740000000,0x0000000740bb9fa0,0x0000000744000000)
 Metaspace       used 20317K, capacity 21136K, committed 21248K, reserved 1067008K
  class space    used 2752K, capacity 3005K, committed 3072K, reserved 1048576K
}
Event: 21.297 GC heap before
{Heap before GC invocations=4 (full 1):
 PSYoungGen      total 38400K, used 33280K [0x0000000795580000, 0x000000079a080000, 0x00000007c0000000)
  eden space 33280K, 100% used [0x0000000795580000,0x0000000797600000,0x0000000797600000)
  from space 5120K, 0% used [0x0000000799b80000,0x0000000799b80000,0x000000079a080000)
  to   space 5120K, 0% used [0x0000000797600000,0x0000000797600000,0x0000000797b00000)
 ParOldGen       total 65536K, used 12007K [0x0000000740000000, 0x0000000744000000, 0x0000000795580000)
  object space 65536K, 18% used [0x0000000740000000,0x0000000740bb9fa0,0x0000000744000000)
 Metaspace       used 26526K, capacity 27912K, committed 28160K, reserved 1073152K
  class space    used 3554K, capacity 3835K, committed 3840K, reserved 1048576K
Event: 21.313 GC heap after
Heap after GC invocations=4 (full 1):
 PSYoungGen      total 38400K, used 5112K [0x0000000795580000, 0x0000000799c00000, 0x00000007c0000000)
  eden space 33280K, 0% used [0x0000000795580000,0x0000000795580000,0x0000000797600000)
  from space 5120K, 99% used [0x0000000797600000,0x0000000797afe238,0x0000000797b00000)
  to   space 5120K, 0% used [0x0000000799700000,0x0000000799700000,0x0000000799c00000)
 ParOldGen       total 65536K, used 16916K [0x0000000740000000, 0x0000000744000000, 0x0000000795580000)
  object space 65536K, 25% used [0x0000000740000000,0x00000007410853e0,0x0000000744000000)
 Metaspace       used 26526K, capacity 27912K, committed 28160K, reserved 1073152K
  class space    used 3554K, capacity 3835K, committed 3840K, reserved 1048576K
}

Deoptimization events (10 events):
Event: 19.046 Thread 0x00007fb1ed118800 Uncommon trap: reason=array_check action=maybe_recompile pc=0x000000010ed35af8 method=com.sun.javafx.css.CompoundSelector.applies(Ljavafx/css/Styleable;[Ljava/util/Set;I)Z @ 128
Event: 19.049 Thread 0x00007fb1ed118800 Uncommon trap: reason=class_check action=maybe_recompile pc=0x000000010ebc29dc method=java.util.WeakHashMap.eq(Ljava/lang/Object;Ljava/lang/Object;)Z @ 7
Event: 19.066 Thread 0x00007fb1ed118800 Uncommon trap: reason=unstable_if action=reinterpret pc=0x000000010ed3e2f8 method=javafx.scene.Node.notifyParentOfBoundsChange()V @ 18
Event: 19.073 Thread 0x00007fb1ed118800 Uncommon trap: reason=class_check action=maybe_recompile pc=0x000000010ebc29dc method=java.util.WeakHashMap.eq(Ljava/lang/Object;Ljava/lang/Object;)Z @ 7
Event: 19.079 Thread 0x00007fb1eb813800 Uncommon trap: reason=unstable_if action=reinterpret pc=0x000000010e8311a4 method=com.sun.javafx.geom.RectBounds.isEmpty()Z @ 21
Event: 20.360 Thread 0x00007fb1ed118800 Uncommon trap: reason=null_check action=make_not_entrant pc=0x000000010ecc9114 method=javafx.scene.Node$MiscProperties.getEffect()Ljavafx/scene/effect/Effect; @ 20
Event: 20.360 Thread 0x00007fb1ed118800 Uncommon trap: reason=null_check action=make_not_entrant pc=0x000000010ecb7220 method=javafx.scene.Node$MiscProperties.getEffect()Ljavafx/scene/effect/Effect; @ 20
Event: 20.361 Thread 0x00007fb1ed118800 Uncommon trap: reason=null_check action=make_not_entrant pc=0x000000010ec883f0 method=javafx.scene.Node$MiscProperties.getEffect()Ljavafx/scene/effect/Effect; @ 20
Event: 20.362 Thread 0x00007fb1ed118800 Uncommon trap: reason=unstable_if action=reinterpret pc=0x000000010eba0e04 method=com.sun.javafx.geom.RectBounds.isEmpty()Z @ 21
Event: 20.834 Thread 0x00007fb1ed118800 Uncommon trap: reason=null_check action=make_not_entrant pc=0x000000010edb361c method=javafx.scene.Node$MiscProperties.getClip()Ljavafx/scene/Node; @ 20

Internal exceptions (10 events):
Event: 1.685 Thread 0x00007fb1ed118800 Exception <a 'java/lang/ArrayIndexOutOfBoundsException': 18> (0x0000000796932e90) thrown at [/Users/java_re/workspace/8-2-build-macosx-x86_64/jdk8u111/7883/hotspot/src/share/vm/interpreter/interpreterRuntime.cpp, line 366]
Event: 1.685 Thread 0x00007fb1ed118800 Exception <a 'java/lang/ArrayIndexOutOfBoundsException': 86> (0x0000000796934238) thrown at [/Users/java_re/workspace/8-2-build-macosx-x86_64/jdk8u111/7883/hotspot/src/share/vm/interpreter/interpreterRuntime.cpp, line 366]
Event: 1.917 Thread 0x00007fb1ed118800 Implicit null exception at 0x000000010e5e3cf5 to 0x000000010e5e3f31
Event: 4.271 Thread 0x00007fb1ed118800 Exception <a 'java/lang/ArrayIndexOutOfBoundsException'> (0x0000000795a89c00) thrown at [/Users/java_re/workspace/8-2-build-macosx-x86_64/jdk8u111/7883/hotspot/src/share/vm/runtime/sharedRuntime.cpp, line 605]
Event: 4.271 Thread 0x00007fb1ed118800 Exception <a 'java/lang/ArrayIndexOutOfBoundsException'> (0x0000000795a8ae40) thrown at [/Users/java_re/workspace/8-2-build-macosx-x86_64/jdk8u111/7883/hotspot/src/share/vm/runtime/sharedRuntime.cpp, line 605]
Event: 13.725 Thread 0x00007fb1ed118800 Implicit null exception at 0x000000010e5a13f3 to 0x000000010e5a1809
Event: 20.360 Thread 0x00007fb1ed118800 Implicit null exception at 0x000000010ecc8354 to 0x000000010ecc90f1
Event: 20.360 Thread 0x00007fb1ed118800 Implicit null exception at 0x000000010ecb6890 to 0x000000010ecb7205
Event: 20.361 Thread 0x00007fb1ed118800 Implicit null exception at 0x000000010ec8838e to 0x000000010ec883e5
Event: 20.834 Thread 0x00007fb1ed118800 Implicit null exception at 0x000000010edb2f97 to 0x000000010edb3601

Events (10 events):
Event: 21.320 Executing VM operation: RevokeBias
Event: 21.321 Executing VM operation: RevokeBias done
Event: 21.321 Executing VM operation: RevokeBias
Event: 21.321 Executing VM operation: RevokeBias done
Event: 21.321 Executing VM operation: RevokeBias
Event: 21.321 Executing VM operation: RevokeBias done
Event: 21.321 Executing VM operation: RevokeBias
Event: 21.321 Executing VM operation: RevokeBias done
Event: 21.321 Executing VM operation: RevokeBias
Event: 21.321 Executing VM operation: RevokeBias done


Dynamic libraries:
0x00000000093aa000 	/System/Library/Frameworks/Cocoa.framework/Versions/A/Cocoa
0x00000000093aa000 	/System/Library/Frameworks/AppKit.framework/Versions/C/AppKit
0x00000000093aa000 	/System/Library/Frameworks/CoreData.framework/Versions/A/CoreData
0x00000000093aa000 	/System/Library/Frameworks/Foundation.framework/Versions/C/Foundation
0x00000000093aa000 	/usr/lib/libSystem.B.dylib
0x00000000093aa000 	/System/Library/PrivateFrameworks/UIFoundation.framework/Versions/A/UIFoundation
0x00000000093aa000 	/System/Library/PrivateFrameworks/RemoteViewServices.framework/Versions/A/RemoteViewServices
0x00000000093aa000 	/System/Library/PrivateFrameworks/XCTTargetBootstrap.framework/Versions/A/XCTTargetBootstrap
0x00000000093aa000 	/System/Library/PrivateFrameworks/InternationalSupport.framework/Versions/A/InternationalSupport
0x00000000093aa000 	/System/Library/PrivateFrameworks/UserActivity.framework/Versions/A/UserActivity
0x00000000093aa000 	/usr/lib/libspindump.dylib
0x00000000093aa000 	/System/Library/Frameworks/UniformTypeIdentifiers.framework/Versions/A/UniformTypeIdentifiers
0x00000000093aa000 	/usr/lib/libapp_launch_measurement.dylib
0x00000000093aa000 	/System/Library/PrivateFrameworks/CoreAnalytics.framework/Versions/A/CoreAnalytics
0x00000000093aa000 	/System/Library/PrivateFrameworks/CoreAutoLayout.framework/Versions/A/CoreAutoLayout
0x00000000093aa000 	/System/Library/Frameworks/Metal.framework/Versions/A/Metal
0x00000000093aa000 	/usr/lib/liblangid.dylib
0x00000000093aa000 	/System/Library/PrivateFrameworks/CoreSVG.framework/Versions/A/CoreSVG
0x00000000093aa000 	/System/Library/PrivateFrameworks/SkyLight.framework/Versions/A/SkyLight
0x00000000093aa000 	/System/Library/Frameworks/CoreGraphics.framework/Versions/A/CoreGraphics
0x00000000093aa000 	/System/Library/Frameworks/Accelerate.framework/Versions/A/Accelerate
0x00000000093aa000 	/System/Library/PrivateFrameworks/IconServices.framework/Versions/A/IconServices
0x00000000093aa000 	/System/Library/Frameworks/IOSurface.framework/Versions/A/IOSurface
0x00000000093aa000 	/usr/lib/libDiagnosticMessagesClient.dylib
0x00000000093aa000 	/usr/lib/libz.1.dylib
0x00000000093aa000 	/System/Library/Frameworks/ApplicationServices.framework/Versions/A/ApplicationServices
0x00000000093aa000 	/System/Library/PrivateFrameworks/DFRFoundation.framework/Versions/A/DFRFoundation
0x00000000093aa000 	/usr/lib/libicucore.A.dylib
0x00000000093aa000 	/System/Library/Frameworks/AudioToolbox.framework/Versions/A/AudioToolbox
0x00000000093aa000 	/System/Library/PrivateFrameworks/DataDetectorsCore.framework/Versions/A/DataDetectorsCore
0x00000000093aa000 	/System/Library/PrivateFrameworks/TextInput.framework/Versions/A/TextInput
0x00000000093aa000 	/usr/lib/libMobileGestalt.dylib
0x00000000093aa000 	/System/Library/Frameworks/Carbon.framework/Versions/A/Frameworks/HIToolbox.framework/Versions/A/HIToolbox
0x00000000093aa000 	/System/Library/Frameworks/QuartzCore.framework/Versions/A/QuartzCore
0x00000000093aa000 	/System/Library/Frameworks/Security.framework/Versions/A/Security
0x00000000093aa000 	/System/Library/Frameworks/Carbon.framework/Versions/A/Frameworks/SpeechRecognition.framework/Versions/A/SpeechRecognition
0x00000000093aa000 	/System/Library/PrivateFrameworks/CoreUI.framework/Versions/A/CoreUI
0x00000000093aa000 	/System/Library/Frameworks/CoreAudio.framework/Versions/A/CoreAudio
0x00000000093aa000 	/System/Library/Frameworks/DiskArbitration.framework/Versions/A/DiskArbitration
0x00000000093aa000 	/System/Library/PrivateFrameworks/MultitouchSupport.framework/Versions/A/MultitouchSupport
0x00000000093aa000 	/usr/lib/libenergytrace.dylib
0x00000000093aa000 	/System/Library/Frameworks/IOKit.framework/Versions/A/IOKit
0x00000000093aa000 	/System/Library/Frameworks/CoreServices.framework/Versions/A/CoreServices
0x00000000093aa000 	/System/Library/PrivateFrameworks/PerformanceAnalysis.framework/Versions/A/PerformanceAnalysis
0x00000000093aa000 	/System/Library/Frameworks/OpenGL.framework/Versions/A/OpenGL
0x00000000093aa000 	/System/Library/PrivateFrameworks/MobileKeyBag.framework/Versions/A/MobileKeyBag
0x00000000093aa000 	/usr/lib/libobjc.A.dylib
0x00000000093aa000 	/System/Library/Frameworks/ColorSync.framework/Versions/A/ColorSync
0x00000000093aa000 	/System/Library/Frameworks/CoreFoundation.framework/Versions/A/CoreFoundation
0x00000000093aa000 	/System/Library/Frameworks/CoreImage.framework/Versions/A/CoreImage
0x00000000093aa000 	/System/Library/Frameworks/CoreText.framework/Versions/A/CoreText
0x00000000093aa000 	/System/Library/Frameworks/ImageIO.framework/Versions/A/ImageIO
0x00000000093aa000 	/System/Library/PrivateFrameworks/SoftLinking.framework/Versions/A/SoftLinking
0x00000000093aa000 	/usr/lib/libxml2.2.dylib
0x00000000093aa000 	/usr/lib/libc++.1.dylib
0x00000000093aa000 	/usr/lib/libcompression.dylib
0x00000000093aa000 	/System/Library/PrivateFrameworks/TextureIO.framework/Versions/A/TextureIO
0x00000000093aa000 	/usr/lib/libate.dylib
0x00000000093aa000 	/usr/lib/system/libcache.dylib
0x00000000093aa000 	/usr/lib/system/libcommonCrypto.dylib
0x00000000093aa000 	/usr/lib/system/libcompiler_rt.dylib
0x00000000093aa000 	/usr/lib/system/libcopyfile.dylib
0x00000000093aa000 	/usr/lib/system/libcorecrypto.dylib
0x00000000093aa000 	/usr/lib/system/libdispatch.dylib
0x00000000093aa000 	/usr/lib/system/libdyld.dylib
0x00000000093aa000 	/usr/lib/system/libkeymgr.dylib
0x00000000093aa000 	/usr/lib/system/libmacho.dylib
0x00000000093aa000 	/usr/lib/system/libquarantine.dylib
0x00000000093aa000 	/usr/lib/system/libremovefile.dylib
0x00000000093aa000 	/usr/lib/system/libsystem_asl.dylib
0x00000000093aa000 	/usr/lib/system/libsystem_blocks.dylib
0x00000000093aa000 	/usr/lib/system/libsystem_c.dylib
0x00000000093aa000 	/usr/lib/system/libsystem_collections.dylib
0x00000000093aa000 	/usr/lib/system/libsystem_configuration.dylib
0x00000000093aa000 	/usr/lib/system/libsystem_containermanager.dylib
0x00000000093aa000 	/usr/lib/system/libsystem_coreservices.dylib
0x00000000093aa000 	/usr/lib/system/libsystem_darwin.dylib
0x00000000093aa000 	/usr/lib/system/libsystem_dnssd.dylib
0x00000000093aa000 	/usr/lib/system/libsystem_featureflags.dylib
0x00000000093aa000 	/usr/lib/system/libsystem_info.dylib
0x00000000093aa000 	/usr/lib/system/libsystem_m.dylib
0x00000000093aa000 	/usr/lib/system/libsystem_malloc.dylib
0x00000000093aa000 	/usr/lib/system/libsystem_networkextension.dylib
0x00000000093aa000 	/usr/lib/system/libsystem_notify.dylib
0x00000000093aa000 	/usr/lib/system/libsystem_product_info_filter.dylib
0x00000000093aa000 	/usr/lib/system/libsystem_sandbox.dylib
0x00000000093aa000 	/usr/lib/system/libsystem_secinit.dylib
0x00000000093aa000 	/usr/lib/system/libsystem_kernel.dylib
0x00000000093aa000 	/usr/lib/system/libsystem_platform.dylib
0x00000000093aa000 	/usr/lib/system/libsystem_pthread.dylib
0x00000000093aa000 	/usr/lib/system/libsystem_symptoms.dylib
0x00000000093aa000 	/usr/lib/system/libsystem_trace.dylib
0x00000000093aa000 	/usr/lib/system/libunwind.dylib
0x00000000093aa000 	/usr/lib/system/libxpc.dylib
0x00000000093aa000 	/usr/lib/libc++abi.dylib
0x00000000093aa000 	/usr/lib/liboah.dylib
0x00000000093aa000 	/usr/lib/liblzma.5.dylib
0x00000000093aa000 	/System/Library/Frameworks/SystemConfiguration.framework/Versions/A/SystemConfiguration
0x00000000093aa000 	/usr/lib/libfakelink.dylib
0x00000000093aa000 	/System/Library/Frameworks/CFNetwork.framework/Versions/A/CFNetwork
0x00000000093aa000 	/usr/lib/libarchive.2.dylib
0x00000000093aa000 	/System/Library/PrivateFrameworks/AppleSystemInfo.framework/Versions/A/AppleSystemInfo
0x00000000093aa000 	/usr/lib/libbsm.0.dylib
0x00000000093aa000 	/usr/lib/libnetwork.dylib
0x00000000093aa000 	/usr/lib/system/libkxld.dylib
0x00000000093aa000 	/System/Library/PrivateFrameworks/IOMobileFramebuffer.framework/Versions/A/IOMobileFramebuffer
0x00000000093aa000 	/usr/lib/libCoreEntitlements.dylib
0x00000000093aa000 	/System/Library/PrivateFrameworks/AppleFSCompression.framework/Versions/A/AppleFSCompression
0x00000000093aa000 	/usr/lib/libcoretls.dylib
0x00000000093aa000 	/usr/lib/libcoretls_cfhelpers.dylib
0x00000000093aa000 	/usr/lib/libpam.2.dylib
0x00000000093aa000 	/usr/lib/libsqlite3.dylib
0x00000000093aa000 	/usr/lib/libxar.1.dylib
0x00000000093aa000 	/usr/lib/libbz2.1.0.dylib
0x00000000093aa000 	/usr/lib/libpcap.A.dylib
0x00000000093aa000 	/usr/lib/libdns_services.dylib
0x00000000093aa000 	/usr/lib/libapple_nghttp2.dylib
0x00000000093aa000 	/usr/lib/libiconv.2.dylib
0x00000000093aa000 	/usr/lib/libcharset.1.dylib
0x00000000093aa000 	/System/Library/Frameworks/CoreServices.framework/Versions/A/Frameworks/FSEvents.framework/Versions/A/FSEvents
0x00000000093aa000 	/System/Library/Frameworks/CoreServices.framework/Versions/A/Frameworks/CarbonCore.framework/Versions/A/CarbonCore
0x00000000093aa000 	/System/Library/Frameworks/CoreServices.framework/Versions/A/Frameworks/Metadata.framework/Versions/A/Metadata
0x00000000093aa000 	/System/Library/Frameworks/CoreServices.framework/Versions/A/Frameworks/OSServices.framework/Versions/A/OSServices
0x00000000093aa000 	/System/Library/Frameworks/CoreServices.framework/Versions/A/Frameworks/SearchKit.framework/Versions/A/SearchKit
0x00000000093aa000 	/System/Library/Frameworks/CoreServices.framework/Versions/A/Frameworks/AE.framework/Versions/A/AE
0x00000000093aa000 	/System/Library/Frameworks/CoreServices.framework/Versions/A/Frameworks/LaunchServices.framework/Versions/A/LaunchServices
0x00000000093aa000 	/System/Library/Frameworks/CoreServices.framework/Versions/A/Frameworks/DictionaryServices.framework/Versions/A/DictionaryServices
0x00000000093aa000 	/System/Library/Frameworks/CoreServices.framework/Versions/A/Frameworks/SharedFileList.framework/Versions/A/SharedFileList
0x00000000093aa000 	/usr/lib/libCheckFix.dylib
0x00000000093aa000 	/System/Library/PrivateFrameworks/TCC.framework/Versions/A/TCC
0x00000000093aa000 	/System/Library/PrivateFrameworks/CoreNLP.framework/Versions/A/CoreNLP
0x00000000093aa000 	/System/Library/PrivateFrameworks/MetadataUtilities.framework/Versions/A/MetadataUtilities
0x00000000093aa000 	/usr/lib/libmecabra.dylib
0x00000000093aa000 	/usr/lib/libmecab.dylib
0x00000000093aa000 	/usr/lib/libCRFSuite.dylib
0x00000000093aa000 	/usr/lib/libgermantok.dylib
0x00000000093aa000 	/usr/lib/libThaiTokenizer.dylib
0x00000000093aa000 	/System/Library/Frameworks/Accelerate.framework/Versions/A/Frameworks/vImage.framework/Versions/A/vImage
0x00000000093aa000 	/System/Library/Frameworks/Accelerate.framework/Versions/A/Frameworks/vecLib.framework/Versions/A/vecLib
0x00000000093aa000 	/System/Library/Frameworks/Accelerate.framework/Versions/A/Frameworks/vecLib.framework/Versions/A/libvMisc.dylib
0x00000000093aa000 	/System/Library/Frameworks/Accelerate.framework/Versions/A/Frameworks/vecLib.framework/Versions/A/libvDSP.dylib
0x00000000093aa000 	/System/Library/Frameworks/Accelerate.framework/Versions/A/Frameworks/vecLib.framework/Versions/A/libBLAS.dylib
0x00000000093aa000 	/System/Library/Frameworks/Accelerate.framework/Versions/A/Frameworks/vecLib.framework/Versions/A/libLAPACK.dylib
0x00000000093aa000 	/System/Library/Frameworks/Accelerate.framework/Versions/A/Frameworks/vecLib.framework/Versions/A/libLinearAlgebra.dylib
0x00000000093aa000 	/System/Library/Frameworks/Accelerate.framework/Versions/A/Frameworks/vecLib.framework/Versions/A/libSparseBLAS.dylib
0x00000000093aa000 	/System/Library/Frameworks/Accelerate.framework/Versions/A/Frameworks/vecLib.framework/Versions/A/libQuadrature.dylib
0x00000000093aa000 	/System/Library/Frameworks/Accelerate.framework/Versions/A/Frameworks/vecLib.framework/Versions/A/libBNNS.dylib
0x00000000093aa000 	/System/Library/Frameworks/Accelerate.framework/Versions/A/Frameworks/vecLib.framework/Versions/A/libSparse.dylib
0x00000000093aa000 	/System/Library/PrivateFrameworks/LinguisticData.framework/Versions/A/LinguisticData
0x00000000093aa000 	/System/Library/PrivateFrameworks/Lexicon.framework/Versions/A/Lexicon
0x00000000093aa000 	/usr/lib/libChineseTokenizer.dylib
0x00000000093aa000 	/System/Library/PrivateFrameworks/LanguageModeling.framework/Versions/A/LanguageModeling
0x00000000093aa000 	/System/Library/PrivateFrameworks/AppleSauce.framework/Versions/A/AppleSauce
0x00000000093aa000 	/System/Library/PrivateFrameworks/CoreEmoji.framework/Versions/A/CoreEmoji
0x00000000093aa000 	/usr/lib/libcmph.dylib
0x00000000093aa000 	/System/Library/Frameworks/OpenDirectory.framework/Versions/A/Frameworks/CFOpenDirectory.framework/Versions/A/CFOpenDirectory
0x00000000093aa000 	/System/Library/Frameworks/OpenDirectory.framework/Versions/A/OpenDirectory
0x00000000093aa000 	/System/Library/PrivateFrameworks/APFS.framework/Versions/A/APFS
0x00000000093aa000 	/System/Library/Frameworks/SecurityFoundation.framework/Versions/A/SecurityFoundation
0x00000000093aa000 	/usr/lib/libutil.dylib
0x00000000093aa000 	/System/Library/PrivateFrameworks/CoreServicesStore.framework/Versions/A/CoreServicesStore
0x00000000093aa000 	/usr/lib/libxslt.1.dylib
0x00000000093aa000 	/System/Library/PrivateFrameworks/BackgroundTaskManagement.framework/Versions/A/BackgroundTaskManagement
0x00000000093aa000 	/System/Library/Frameworks/ImageIO.framework/Versions/A/Resources/libRadiance.dylib
0x00000000093aa000 	/System/Library/Frameworks/ImageIO.framework/Versions/A/Resources/libJPEG.dylib
0x00000000093aa000 	/System/Library/Frameworks/ImageIO.framework/Versions/A/Resources/libPng.dylib
0x00000000093aa000 	/System/Library/Frameworks/ImageIO.framework/Versions/A/Resources/libTIFF.dylib
0x00000000093aa000 	/System/Library/Frameworks/ImageIO.framework/Versions/A/Resources/libGIF.dylib
0x00000000093aa000 	/System/Library/Frameworks/ImageIO.framework/Versions/A/Resources/libJP2.dylib
0x00000000093aa000 	/usr/lib/libexpat.1.dylib
0x00000000093aa000 	/System/Library/PrivateFrameworks/AppleJPEG.framework/Versions/A/AppleJPEG
0x00000000093aa000 	/System/Library/PrivateFrameworks/FontServices.framework/libFontParser.dylib
0x00000000093aa000 	/System/Library/PrivateFrameworks/RunningBoardServices.framework/Versions/A/RunningBoardServices
0x00000000093aa000 	/System/Library/PrivateFrameworks/IOSurfaceAccelerator.framework/Versions/A/IOSurfaceAccelerator
0x00000000093aa000 	/System/Library/PrivateFrameworks/WatchdogClient.framework/Versions/A/WatchdogClient
0x00000000093aa000 	/System/Library/Frameworks/CoreDisplay.framework/Versions/A/CoreDisplay
0x00000000093aa000 	/System/Library/Frameworks/CoreMedia.framework/Versions/A/CoreMedia
0x00000000093aa000 	/System/Library/PrivateFrameworks/IOAccelerator.framework/Versions/A/IOAccelerator
0x00000000093aa000 	/System/Library/Frameworks/CoreVideo.framework/Versions/A/CoreVideo
0x00000000093aa000 	/System/Library/Frameworks/MetalPerformanceShaders.framework/Versions/A/MetalPerformanceShaders
0x00000000093aa000 	/System/Library/Frameworks/VideoToolbox.framework/Versions/A/VideoToolbox
0x00000000093aa000 	/System/Library/PrivateFrameworks/BaseBoard.framework/Versions/A/BaseBoard
0x00000000093aa000 	/System/Library/PrivateFrameworks/ProtocolBuffer.framework/Versions/A/ProtocolBuffer
0x00000000093aa000 	/System/Library/PrivateFrameworks/GPUWrangler.framework/Versions/A/GPUWrangler
0x00000000093aa000 	/System/Library/PrivateFrameworks/IOPresentment.framework/Versions/A/IOPresentment
0x00000000093aa000 	/System/Library/PrivateFrameworks/DSExternalDisplay.framework/Versions/A/DSExternalDisplay
0x00000000093aa000 	/System/Library/Frameworks/OpenGL.framework/Versions/A/Libraries/libCoreFSCache.dylib
0x00000000093aa000 	/System/Library/PrivateFrameworks/GPUCompiler.framework/Versions/31001/Libraries/libGPUCompilerUtils.dylib
0x00000000093aa000 	/System/Library/PrivateFrameworks/CMCaptureCore.framework/Versions/A/CMCaptureCore
0x00000000093aa000 	/System/Library/PrivateFrameworks/AppServerSupport.framework/Versions/A/AppServerSupport
0x00000000093aa000 	/System/Library/PrivateFrameworks/perfdata.framework/Versions/A/perfdata
0x00000000093aa000 	/System/Library/PrivateFrameworks/AudioToolboxCore.framework/Versions/A/AudioToolboxCore
0x00000000093aa000 	/System/Library/PrivateFrameworks/caulk.framework/Versions/A/caulk
0x00000000093aa000 	/usr/lib/libAudioStatistics.dylib
0x00000000093aa000 	/System/Library/PrivateFrameworks/SystemPolicy.framework/Versions/A/SystemPolicy
0x00000000093aa000 	/usr/lib/libSMC.dylib
0x00000000093aa000 	/System/Library/Frameworks/CoreMIDI.framework/Versions/A/CoreMIDI
0x00000000093aa000 	/usr/lib/libAudioToolboxUtility.dylib
0x00000000093aa000 	/System/Library/PrivateFrameworks/OSAServicesClient.framework/Versions/A/OSAServicesClient
0x00000000093aa000 	/usr/lib/libperfcheck.dylib
0x00000000093aa000 	/usr/lib/libmis.dylib
0x00000000093aa000 	/System/Library/Frameworks/OpenGL.framework/Versions/A/Libraries/libGLU.dylib
0x00000000093aa000 	/System/Library/Frameworks/OpenGL.framework/Versions/A/Libraries/libGFXShared.dylib
0x00000000093aa000 	/System/Library/Frameworks/OpenGL.framework/Versions/A/Libraries/libGL.dylib
0x00000000093aa000 	/System/Library/Frameworks/OpenGL.framework/Versions/A/Libraries/libGLImage.dylib
0x00000000093aa000 	/System/Library/Frameworks/OpenGL.framework/Versions/A/Libraries/libCVMSPluginSupport.dylib
0x00000000093aa000 	/System/Library/Frameworks/OpenGL.framework/Versions/A/Libraries/libCoreVMClient.dylib
0x00000000093aa000 	/System/Library/Frameworks/MetalPerformanceShaders.framework/Versions/A/Frameworks/MPSCore.framework/Versions/A/MPSCore
0x00000000093aa000 	/System/Library/Frameworks/MetalPerformanceShaders.framework/Versions/A/Frameworks/MPSImage.framework/Versions/A/MPSImage
0x00000000093aa000 	/System/Library/Frameworks/MetalPerformanceShaders.framework/Versions/A/Frameworks/MPSNeuralNetwork.framework/Versions/A/MPSNeuralNetwork
0x00000000093aa000 	/System/Library/Frameworks/MetalPerformanceShaders.framework/Versions/A/Frameworks/MPSMatrix.framework/Versions/A/MPSMatrix
0x00000000093aa000 	/System/Library/Frameworks/MetalPerformanceShaders.framework/Versions/A/Frameworks/MPSRayIntersector.framework/Versions/A/MPSRayIntersector
0x00000000093aa000 	/System/Library/Frameworks/MetalPerformanceShaders.framework/Versions/A/Frameworks/MPSNDArray.framework/Versions/A/MPSNDArray
0x00000000093aa000 	/System/Library/Frameworks/MetalPerformanceShaders.framework/Versions/A/Frameworks/MPSFunctions.framework/Versions/A/MPSFunctions
0x00000000093aa000 	/System/Library/PrivateFrameworks/MetalTools.framework/Versions/A/MetalTools
0x00000000093aa000 	/System/Library/PrivateFrameworks/AggregateDictionary.framework/Versions/A/AggregateDictionary
0x00000000093aa000 	/usr/lib/libIOReport.dylib
0x00000000093aa000 	/System/Library/Frameworks/OpenCL.framework/Versions/A/OpenCL
0x00000000093aa000 	/System/Library/PrivateFrameworks/FaceCore.framework/Versions/A/FaceCore
0x00000000093aa000 	/System/Library/PrivateFrameworks/GraphVisualizer.framework/Versions/A/GraphVisualizer
0x00000000093aa000 	/System/Library/PrivateFrameworks/FontServices.framework/Versions/A/FontServices
0x00000000093aa000 	/System/Library/PrivateFrameworks/OTSVG.framework/Versions/A/OTSVG
0x00000000093aa000 	/System/Library/Frameworks/ApplicationServices.framework/Versions/A/Frameworks/ATS.framework/Versions/A/Resources/libFontRegistry.dylib
0x00000000093aa000 	/System/Library/PrivateFrameworks/FontServices.framework/libhvf.dylib
0x00000000093aa000 	/System/Library/PrivateFrameworks/FontServices.framework/libXTFontStaticRegistryData.dylib
0x00000000093aa000 	/System/Library/PrivateFrameworks/AppleVA.framework/Versions/A/AppleVA
0x00000000093aa000 	/System/Library/Frameworks/ApplicationServices.framework/Versions/A/Frameworks/ATS.framework/Versions/A/ATS
0x00000000093aa000 	/System/Library/Frameworks/ApplicationServices.framework/Versions/A/Frameworks/HIServices.framework/Versions/A/HIServices
0x00000000093aa000 	/System/Library/Frameworks/ApplicationServices.framework/Versions/A/Frameworks/PrintCore.framework/Versions/A/PrintCore
0x00000000093aa000 	/System/Library/Frameworks/ApplicationServices.framework/Versions/A/Frameworks/QD.framework/Versions/A/QD
0x00000000093aa000 	/System/Library/Frameworks/ApplicationServices.framework/Versions/A/Frameworks/ColorSyncLegacy.framework/Versions/A/ColorSyncLegacy
0x00000000093aa000 	/System/Library/Frameworks/ApplicationServices.framework/Versions/A/Frameworks/SpeechSynthesis.framework/Versions/A/SpeechSynthesis
0x00000000093aa000 	/System/Library/Frameworks/ApplicationServices.framework/Versions/A/Frameworks/ATSUI.framework/Versions/A/ATSUI
0x00000000093aa000 	/usr/lib/libcups.2.dylib
0x00000000093aa000 	/System/Library/Frameworks/Kerberos.framework/Versions/A/Kerberos
0x00000000093aa000 	/System/Library/Frameworks/GSS.framework/Versions/A/GSS
0x00000000093aa000 	/usr/lib/libresolv.9.dylib
0x00000000093aa000 	/System/Library/PrivateFrameworks/Heimdal.framework/Versions/A/Heimdal
0x00000000093aa000 	/System/Library/Frameworks/Kerberos.framework/Versions/A/Libraries/libHeimdalProxy.dylib
0x00000000093aa000 	/System/Library/Frameworks/Network.framework/Versions/A/Network
0x00000000093aa000 	/usr/lib/libheimdal-asn1.dylib
0x00000000093aa000 	/System/Library/PrivateFrameworks/CommonAuth.framework/Versions/A/CommonAuth
0x00000000093aa000 	/System/Library/PrivateFrameworks/AudioSession.framework/Versions/A/AudioSession
0x00000000093aa000 	/System/Library/PrivateFrameworks/MediaExperience.framework/Versions/A/MediaExperience
0x00000000093aa000 	/System/Library/PrivateFrameworks/AudioSession.framework/libSessionUtility.dylib
0x00000000093aa000 	/System/Library/PrivateFrameworks/AudioResourceArbitration.framework/Versions/A/AudioResourceArbitration
0x00000000093aa000 	/System/Library/PrivateFrameworks/PowerLog.framework/Versions/A/PowerLog
0x00000000093aa000 	/System/Library/PrivateFrameworks/IconFoundation.framework/Versions/A/IconFoundation
0x00000000093aa000 	/System/Library/PrivateFrameworks/SpeechRecognitionCore.framework/Versions/A/SpeechRecognitionCore
0x0000000103a9a000 	/Library/Java/JavaVirtualMachines/jdk1.8.0_111.jdk/Contents/Home/jre/lib/server/libjvm.dylib
0x00000000093aa000 	/usr/lib/libstdc++.6.dylib
0x0000000102b3c000 	/Library/Java/JavaVirtualMachines/jdk1.8.0_111.jdk/Contents/Home/jre/lib/libverify.dylib
0x0000000102b7f000 	/Library/Java/JavaVirtualMachines/jdk1.8.0_111.jdk/Contents/Home/jre/lib/libjava.dylib
0x0000000102b53000 	/Library/Java/JavaVirtualMachines/jdk1.8.0_111.jdk/Contents/Home/jre/lib/libzip.dylib
0x00000000093aa000 	/System/Library/Frameworks/JavaRuntimeSupport.framework/Versions/A/JavaRuntimeSupport
0x00000000093aa000 	/System/Library/Frameworks/Carbon.framework/Versions/A/Carbon
0x00000000093aa000 	/System/Library/PrivateFrameworks/CoreSymbolication.framework/Versions/A/CoreSymbolication
0x00000000093aa000 	/System/Library/Frameworks/Carbon.framework/Versions/A/Frameworks/CommonPanels.framework/Versions/A/CommonPanels
0x00000000093aa000 	/System/Library/Frameworks/Carbon.framework/Versions/A/Frameworks/Help.framework/Versions/A/Help
0x00000000093aa000 	/System/Library/Frameworks/Carbon.framework/Versions/A/Frameworks/ImageCapture.framework/Versions/A/ImageCapture
0x00000000093aa000 	/System/Library/Frameworks/Carbon.framework/Versions/A/Frameworks/OpenScripting.framework/Versions/A/OpenScripting
0x00000000093aa000 	/System/Library/Frameworks/Carbon.framework/Versions/A/Frameworks/Ink.framework/Versions/A/Ink
0x00000000093aa000 	/System/Library/Frameworks/Carbon.framework/Versions/A/Frameworks/Print.framework/Versions/A/Print
0x00000000093aa000 	/System/Library/Frameworks/Carbon.framework/Versions/A/Frameworks/SecurityHI.framework/Versions/A/SecurityHI
0x00000000093aa000 	/System/Library/PrivateFrameworks/DebugSymbols.framework/Versions/A/DebugSymbols
0x0000000103a88000 	/Library/Java/JavaVirtualMachines/jdk1.8.0_111.jdk/Contents/Home/jre/lib/libprism_es2.dylib
0x00000000093aa000 	/System/Library/PrivateFrameworks/CoreServicesInternal.framework/Versions/A/CoreServicesInternal
0x00000000093aa000 	/System/Library/Frameworks/OpenGL.framework/Versions/A/Resources/GLEngine.bundle/GLEngine
0x00000000093aa000 	/System/Library/Frameworks/OpenGL.framework/Versions/A/Libraries/libGLProgrammability.dylib
0x00000000093aa000 	/System/Library/Extensions/AppleIntelBDWGraphicsGLDriver.bundle/Contents/MacOS/AppleIntelBDWGraphicsGLDriver
0x00000000093aa000 	/System/Library/PrivateFrameworks/GPUSupport.framework/Versions/A/Libraries/libGPUSupportMercury.dylib
0x00000000093aa000 	/System/Library/Frameworks/OpenGL.framework/Versions/A/Resources/GLRendererFloat.bundle/GLRendererFloat
0x000000010bd1f000 	/Library/Java/JavaVirtualMachines/jdk1.8.0_111.jdk/Contents/Home/jre/lib/libglass.dylib
0x00000000093aa000 	/System/Library/Frameworks/FileProvider.framework/Versions/A/FileProvider
0x00000000093aa000 	/System/Library/Frameworks/Accounts.framework/Versions/A/Accounts
0x00000000093aa000 	/System/Library/PrivateFrameworks/GenerationalStorage.framework/Versions/A/GenerationalStorage
0x00000000093aa000 	/System/Library/PrivateFrameworks/SymptomDiagnosticReporter.framework/Versions/A/SymptomDiagnosticReporter
0x00000000093aa000 	/System/Library/PrivateFrameworks/DesktopServicesPriv.framework/Versions/A/DesktopServicesPriv
0x00000000093aa000 	/usr/lib/libsandbox.1.dylib
0x00000000093aa000 	/System/Library/PrivateFrameworks/UserManagement.framework/Versions/A/UserManagement
0x00000000093aa000 	/System/Library/PrivateFrameworks/NetAuth.framework/Versions/A/NetAuth
0x00000000093aa000 	/System/Library/PrivateFrameworks/Sharing.framework/Versions/A/Sharing
0x00000000093aa000 	/System/Library/PrivateFrameworks/login.framework/Versions/A/Frameworks/loginsupport.framework/Versions/A/loginsupport
0x00000000093aa000 	/System/Library/PrivateFrameworks/Apple80211.framework/Versions/A/Apple80211
0x00000000093aa000 	/System/Library/PrivateFrameworks/AuthKit.framework/Versions/A/AuthKit
0x00000000093aa000 	/System/Library/PrivateFrameworks/CoreUtils.framework/Versions/A/CoreUtils
0x00000000093aa000 	/System/Library/Frameworks/CoreWLAN.framework/Versions/A/CoreWLAN
0x00000000093aa000 	/System/Library/Frameworks/IOBluetooth.framework/Versions/A/IOBluetooth
0x00000000093aa000 	/System/Library/PrivateFrameworks/CoreWiFi.framework/Versions/A/CoreWiFi
0x00000000093aa000 	/System/Library/PrivateFrameworks/FrontBoardServices.framework/Versions/A/FrontBoardServices
0x00000000093aa000 	/System/Library/PrivateFrameworks/BoardServices.framework/Versions/A/BoardServices
0x00000000093aa000 	/System/Library/PrivateFrameworks/AssertionServices.framework/Versions/A/AssertionServices
0x00000000093aa000 	/System/Library/PrivateFrameworks/BackBoardServices.framework/Versions/A/BackBoardServices
0x00000000093aa000 	/System/Library/PrivateFrameworks/CorePhoneNumbers.framework/Versions/A/CorePhoneNumbers
0x00000000093aa000 	/System/Library/PrivateFrameworks/MultiverseSupport.framework/Versions/A/MultiverseSupport
0x00000000093aa000 	/System/Library/PrivateFrameworks/RemoteServiceDiscovery.framework/Versions/A/RemoteServiceDiscovery
0x00000000093aa000 	/System/Library/PrivateFrameworks/DiskManagement.framework/Versions/A/DiskManagement
0x00000000093aa000 	/System/Library/PrivateFrameworks/AppleIDAuthSupport.framework/Versions/A/AppleIDAuthSupport
0x00000000093aa000 	/System/Library/PrivateFrameworks/AAAFoundation.framework/Versions/A/AAAFoundation
0x00000000093aa000 	/System/Library/PrivateFrameworks/KeychainCircle.framework/Versions/A/KeychainCircle
0x00000000093aa000 	/System/Library/PrivateFrameworks/RemoteXPC.framework/Versions/A/RemoteXPC
0x00000000093aa000 	/System/Library/PrivateFrameworks/MediaKit.framework/Versions/A/MediaKit
0x00000000093aa000 	/System/Library/Frameworks/DiscRecording.framework/Versions/A/DiscRecording
0x00000000093aa000 	/usr/lib/libCoreStorage.dylib
0x00000000093aa000 	/usr/lib/libcsfde.dylib
0x00000000093aa000 	/System/Library/PrivateFrameworks/ProtectedCloudStorage.framework/Versions/A/ProtectedCloudStorage
0x00000000093aa000 	/System/Library/PrivateFrameworks/EFILogin.framework/Versions/A/EFILogin
0x00000000093aa000 	/System/Library/PrivateFrameworks/OctagonTrust.framework/Versions/A/OctagonTrust
0x00000000093aa000 	/System/Library/PrivateFrameworks/CoreUtilsExtras.framework/Versions/A/CoreUtilsExtras
0x00000000093aa000 	/System/Library/Frameworks/CoreBluetooth.framework/Versions/A/CoreBluetooth
0x00000000093aa000 	/System/Library/Frameworks/AudioUnit.framework/Versions/A/AudioUnit
0x00000000093aa000 	/usr/lib/libMatch.1.dylib
0x00000000093aa000 	/System/Library/Frameworks/Accelerate.framework/Versions/A/Frameworks/vImage.framework/Versions/A/Libraries/libCGInterfaces.dylib
0x000000010d5df000 	/usr/lib/libobjc-trampolines.dylib
0x00000000093aa000 	/System/Library/PrivateFrameworks/FamilyControls.framework/Versions/A/FamilyControls
0x00000000093aa000 	/System/Library/PrivateFrameworks/CommerceKit.framework/Versions/A/Frameworks/CommerceCore.framework/Versions/A/CommerceCore
0x00000000093aa000 	/System/Library/PrivateFrameworks/SystemAdministration.framework/Versions/A/SystemAdministration
0x00000000093aa000 	/System/Library/PrivateFrameworks/AppContainer.framework/Versions/A/AppContainer
0x00000000093aa000 	/System/Library/PrivateFrameworks/SecCodeWrapper.framework/Versions/A/SecCodeWrapper
0x00000000093aa000 	/System/Library/PrivateFrameworks/CrashReporterSupport.framework/Versions/A/CrashReporterSupport
0x00000000093aa000 	/System/Library/PrivateFrameworks/OSAnalytics.framework/Versions/A/OSAnalytics
0x00000000093aa000 	/System/Library/PrivateFrameworks/Symbolication.framework/Versions/A/Symbolication
0x00000000093aa000 	/System/Library/PrivateFrameworks/MallocStackLogging.framework/Versions/A/MallocStackLogging
0x00000000093aa000 	/System/Library/PrivateFrameworks/login.framework/Versions/A/login
0x00000000093aa000 	/System/Library/Frameworks/MediaToolbox.framework/Versions/A/MediaToolbox
0x00000000093aa000 	/System/Library/Frameworks/DirectoryService.framework/Versions/A/DirectoryService
0x00000000093aa000 	/System/Library/PrivateFrameworks/DiskImages.framework/Versions/A/DiskImages
0x00000000093aa000 	/System/Library/Frameworks/ServiceManagement.framework/Versions/A/ServiceManagement
0x00000000093aa000 	/System/Library/PrivateFrameworks/LoginUIKit.framework/Versions/A/Frameworks/LoginUICore.framework/Versions/A/LoginUICore
0x00000000093aa000 	/usr/lib/libodfde.dylib
0x00000000093aa000 	/System/Library/PrivateFrameworks/CoreAVCHD.framework/Versions/A/CoreAVCHD
0x00000000093aa000 	/System/Library/Frameworks/MediaAccessibility.framework/Versions/A/MediaAccessibility
0x00000000093aa000 	/System/Library/PrivateFrameworks/Mangrove.framework/Versions/A/Mangrove
0x00000000093aa000 	/System/Library/PrivateFrameworks/AlgosScoreFramework.framework/Versions/A/AlgosScoreFramework
0x00000000093aa000 	/System/Library/PrivateFrameworks/CMPhoto.framework/Versions/A/CMPhoto
0x00000000093aa000 	/System/Library/PrivateFrameworks/AppleVPA.framework/Versions/A/AppleVPA
0x00000000093aa000 	/System/Library/PrivateFrameworks/CoreAUC.framework/Versions/A/CoreAUC
0x00000000093aa000 	/usr/lib/libcurl.4.dylib
0x00000000093aa000 	/usr/lib/libcrypto.46.dylib
0x00000000093aa000 	/usr/lib/libssl.48.dylib
0x00000000093aa000 	/System/Library/Frameworks/LDAP.framework/Versions/A/LDAP
0x00000000093aa000 	/System/Library/PrivateFrameworks/TrustEvaluationAgent.framework/Versions/A/TrustEvaluationAgent
0x00000000093aa000 	/usr/lib/libsasl2.2.dylib
0x00000000093aa000 	/System/Library/PrivateFrameworks/CoreDaemon.framework/Versions/B/CoreDaemon
0x00000000093aa000 	/System/Library/PrivateFrameworks/AppleSRP.framework/Versions/A/AppleSRP
0x00000000093aa000 	/System/Library/PrivateFrameworks/ViewBridge.framework/Versions/A/ViewBridge
0x000000011ed1a000 	/Library/Java/JavaVirtualMachines/jdk1.8.0_111.jdk/Contents/Home/jre/lib/libjavafx_iio.dylib
0x000000011ece6000 	/Library/Java/JavaVirtualMachines/jdk1.8.0_111.jdk/Contents/Home/jre/lib/libjavafx_font.dylib
0x00000001202c1000 	/Library/Java/JavaVirtualMachines/jdk1.8.0_111.jdk/Contents/Home/jre/lib/libprism_common.dylib
0x00000000093aa000 	/usr/lib/libRosetta.dylib
0x0000000121b87000 	/Library/Java/JavaVirtualMachines/jdk1.8.0_111.jdk/Contents/Home/jre/lib/libnio.dylib
0x0000000121bae000 	/Library/Java/JavaVirtualMachines/jdk1.8.0_111.jdk/Contents/Home/jre/lib/libnet.dylib
0x000000011f916000 	/Library/Java/JavaVirtualMachines/jdk1.8.0_111.jdk/Contents/Home/jre/lib/libsunec.dylib

VM Arguments:
jvm_args: -Dfile.encoding=UTF-8 
java_command: /Users/macbookpro/NetBeansProjects/BusTicket/dist/run1014535954/BusTicket.jar
java_class_path (initial): /Users/macbookpro/NetBeansProjects/BusTicket/dist/run1014535954/BusTicket.jar
Launcher Type: SUN_STANDARD

Environment Variables:
PATH=/usr/bin:/bin:/usr/sbin:/sbin
LD_LIBRARY_PATH=/Library/Java/JavaVirtualMachines/jdk1.8.0_111.jdk/Contents/Home/jre/lib/amd64:/Library/Java/JavaVirtualMachines/jdk1.8.0_111.jdk/Contents/Home/jre/lib/i386:
SHELL=/bin/zsh

Signal Handlers:
SIGSEGV: [libjvm.dylib+0x5b03ed], sa_mask[0]=11111111011111110111111111111111, sa_flags=SA_ONSTACK|SA_RESTART|SA_SIGINFO
SIGBUS: [libjvm.dylib+0x5b03ed], sa_mask[0]=11111111011111110111111111111111, sa_flags=SA_RESTART|SA_SIGINFO
SIGFPE: [libjvm.dylib+0x48711c], sa_mask[0]=11111111011111110111111111111111, sa_flags=SA_RESTART|SA_SIGINFO
SIGPIPE: [libjvm.dylib+0x48711c], sa_mask[0]=11111111011111110111111111111111, sa_flags=SA_RESTART|SA_SIGINFO
SIGXFSZ: [libjvm.dylib+0x48711c], sa_mask[0]=11111111011111110111111111111111, sa_flags=SA_RESTART|SA_SIGINFO
SIGILL: [libjvm.dylib+0x48711c], sa_mask[0]=11111111011111110111111111111111, sa_flags=SA_RESTART|SA_SIGINFO
SIGUSR1: SIG_DFL, sa_mask[0]=00000000000000000000000000000000, sa_flags=none
SIGUSR2: [libjvm.dylib+0x486c3a], sa_mask[0]=00100000000000000000000000000000, sa_flags=SA_RESTART|SA_SIGINFO
SIGHUP: [libjvm.dylib+0x485211], sa_mask[0]=11111111011111110111111111111111, sa_flags=SA_RESTART|SA_SIGINFO
SIGINT: SIG_IGN, sa_mask[0]=00000000000000000000000000000000, sa_flags=none
SIGTERM: [libjvm.dylib+0x485211], sa_mask[0]=11111111011111110111111111111111, sa_flags=SA_RESTART|SA_SIGINFO
SIGQUIT: [libjvm.dylib+0x485211], sa_mask[0]=11111111011111110111111111111111, sa_flags=SA_RESTART|SA_SIGINFO


---------------  S Y S T E M  ---------------

OS:Bsduname:Darwin 21.5.0 Darwin Kernel Version 21.5.0: Tue Apr 26 21:08:22 PDT 2022; root:xnu-8020.121.3~4/RELEASE_X86_64 x86_64
rlimit: STACK 8192k, CORE 0k, NPROC 1392, NOFILE 10240, AS infinity
load average:5.71 5.14 5.06

CPU:total 4 (2 cores per cpu, 2 threads per core) family 6 model 61 stepping 4, cmov, cx8, fxsr, mmx, sse, sse2, sse3, ssse3, sse4.1, sse4.2, popcnt, avx, avx2, aes, clmul, erms, 3dnowpref, lzcnt, ht, tsc, tscinvbit, bmi1, bmi2, adx

Memory: 4k page, physical 8388608k(33356k free)

/proc/meminfo:


vm_info: Java HotSpot(TM) 64-Bit Server VM (25.111-b14) for bsd-amd64 JRE (1.8.0_111-b14), built on Sep 22 2016 15:31:41 by "java_re" with gcc 4.2.1 (Based on Apple Inc. build 5658) (LLVM build 2336.11.00)

time: Mon Jan 23 17:28:30 2023
elapsed time: 21 seconds (0d 0h 0m 21s)

