#
# A fatal error has been detected by the Java Runtime Environment:
#
#  SIGSEGV (0xb) at pc=0x000000010d621ac2, pid=46685, tid=0x0000000000000103
#
# JRE version: Java(TM) SE Runtime Environment (8.0_111-b14) (build 1.8.0_111-b14)
# Java VM: Java HotSpot(TM) 64-Bit Server VM (25.111-b14 mixed mode bsd-amd64 compressed oops)
# Problematic frame:
# V  [libjvm.dylib+0x169ac2]
#
# Failed to write core dump. Core dumps have been disabled. To enable core dumping, try "ulimit -c unlimited" before starting Java again
#
# If you would like to submit a bug report, please visit:
#   http://bugreport.java.com/bugreport/crash.jsp
#

---------------  T H R E A D  ---------------

Current thread is native thread

siginfo: si_signo: 11 (SIGSEGV), si_code: 1 (SEGV_MAPERR), si_addr: 0x0000000000000270

Registers:
RAX=0x0000000000000000, RBX=0x0000000000000000, RCX=0x000000010d7cb777, RDX=0x00007faa4b9359f8
RSP=0x00007ff7b3ae54f0, RBP=0x00007ff7b3ae5500, RSI=0x0000000000000006, RDI=0x00007ff7b3ae5540
R8 =0x00007faa4ee0794c, R9 =0x0000000000000000, R10=0x00007ffa4ceb7d70, R11=0x00007ffa27617772
R12=0x00007faa4b9359f8, R13=0x00006000017f8fc0, R14=0x00007faa4b9359f8, R15=0x0000000000000000
RIP=0x000000010d621ac2, EFLAGS=0x0000000000010246, ERR=0x0000000000000006
  TRAPNO=0x000000000000000e

Top of Stack: (sp=0x00007ff7b3ae54f0)
0x00007ff7b3ae54f0:   00007faa4c322350 00007faa4b9359f8
0x00007ff7b3ae5500:   00007ff7b3ae5560 000000010d7cb7a7
0x00007ff7b3ae5510:   00007faa4fdac000 0000600002d58e80
0x00007ff7b3ae5520:   00006000021d7ed0 00006000017f8fc0
0x00007ff7b3ae5530:   00007faa4fdac000 000000012a93f6e9
0x00007ff7b3ae5540:   0000000000000000 0000600002d58e80
0x00007ff7b3ae5550:   00007faa4fdac000 00006000017f8fc0
0x00007ff7b3ae5560:   00007ff7b3ae55c0 000000012d76d8d5
0x00007ff7b3ae5570:   00007faa4fdac000 0000000000000000
0x00007ff7b3ae5580:   41001fc09628914d 00007ff823aced2f
0x00007ff7b3ae5590:   00006000017f8fc0 00007ff80955e400
0x00007ff7b3ae55a0:   00006000021d7ed0 00006000017f8fc0
0x00007ff7b3ae55b0:   00006000017f8fc0 00007faa4ea05bb0
0x00007ff7b3ae55c0:   00007ff7b3ae5680 00007ff81090025b
0x00007ff7b3ae55d0:   000060000035bde0 0000000000000000
0x00007ff7b3ae55e0:   00006000017f8fc0 0000000000000000
0x00007ff7b3ae55f0:   00000004017f8fc0 0000000000000000
0x00007ff7b3ae5600:   41001fc09628914d 0000000000000000
0x00007ff7b3ae5610:   8bc6d0715b0f0049 00006000026042a0
0x00007ff7b3ae5620:   0000000000000004 0000000000000000
0x00007ff7b3ae5630:   0000000000000000 00007ff7b3ae5658
0x00007ff7b3ae5640:   00007ff7b3ae5680 00007ff8108800f6
0x00007ff7b3ae5650:   8bc6d0715b0f0049 00007ff80955e400
0x00007ff7b3ae5660:   0000000000000004 0000000000000000
0x00007ff7b3ae5670:   00006000017f8fc0 00007ff823aced2f
0x00007ff7b3ae5680:   00007ff7b3ae5700 00007ff8108ff8a0
0x00007ff7b3ae5690:   00007faa4e905370 408a780000000000
0x00007ff7b3ae56a0:   4094d40000000000 3ff0000000000000
0x00007ff7b3ae56b0:   0000000000000000 0000000000000000
0x00007ff7b3ae56c0:   4094d40000000000 408a780000000000
0x00007ff7b3ae56d0:   8bc6d0715b0f0049 00007ff7b3ae57d0
0x00007ff7b3ae56e0:   00007faa4e9042b0 00007faa4ea06860 

Instructions: (pc=0x000000010d621ac2)
0x000000010d621aa2:   0e 48 8b 0b 49 8b 56 18 48 63 c0 48 89 0c c2 5b
0x000000010d621ab2:   41 5e 5d c3 90 90 55 48 89 e5 41 56 53 48 8b 1f
0x000000010d621ac2:   c7 83 70 02 00 00 05 00 00 00 48 8d 05 e5 57 78
0x000000010d621ad2:   00 8b 00 83 f8 01 41 89 f6 75 0c 48 8d 0d 32 c3 

Register to memory mapping:

RAX=0x0000000000000000 is an unknown value
RBX=0x0000000000000000 is an unknown value
RCX=0x000000010d7cb777: jni_NewLocalRef+0 in /Library/Java/JavaVirtualMachines/jdk1.8.0_111.jdk/Contents/Home/jre/lib/server/libjvm.dylib at 0x000000010d4b8000
RDX=0x00007faa4b9359f8 is an unknown value
RSP=0x00007ff7b3ae54f0 is an unknown value
RBP=0x00007ff7b3ae5500 is an unknown value
RSI=0x0000000000000006 is an unknown value
RDI=0x00007ff7b3ae5540 is an unknown value
R8 =0x00007faa4ee0794c is an unknown value
R9 =0x0000000000000000 is an unknown value
R10=0x00007ffa4ceb7d70: OBJC_CLASS_$_JNFJObjectWrapper+0 in /System/Library/Frameworks/JavaNativeFoundation.framework/Versions/A/JavaNativeFoundation at 0x00007ffa2760e000
R11=0x00007ffa27617772: -[JNFJObjectWrapper jObject]+0 in /System/Library/Frameworks/JavaNativeFoundation.framework/Versions/A/JavaNativeFoundation at 0x00007ffa2760e000
R12=0x00007faa4b9359f8 is an unknown value
R13=0x00006000017f8fc0 is an unknown value
R14=0x00007faa4b9359f8 is an unknown value
R15=0x0000000000000000 is an unknown value


Stack: [0x00007ff7b32eb000,0x00007ff7b3aeb000],  sp=0x00007ff7b3ae54f0,  free space=8169k
Native frames: (J=compiled Java code, j=interpreted, Vv=VM code, C=native code)
V  [libjvm.dylib+0x169ac2]
V  [libjvm.dylib+0x3137a7]
C  [libawt_lwawt.dylib+0x198d5]  -[CGLLayer drawInCGLContext:pixelFormat:forLayerTime:displayTime:]+0xee
C  [QuartzCore+0xc125b]  _ZL17CAOpenGLLayerDrawP13CAOpenGLLayerdPK11CVTimeStampj+0x7dd
C  [QuartzCore+0xc08a0]  -[CAOpenGLLayer _display]+0x249
C  [QuartzCore+0x208db]  _ZN2CA5Layer17display_if_neededEPNS_11TransactionE+0x369
C  [QuartzCore+0x1773ce]  _ZN2CA7Context18commit_transactionEPNS_11TransactionEdPd+0x280
C  [QuartzCore+0x1f51]  _ZN2CA11Transaction6commitEv+0x309
C  [QuartzCore+0x1ac736]  _ZN2CA11Transaction25flush_as_runloop_observerEb+0x80
C  [CoreFoundation+0x7f540]  __CFRUNLOOP_IS_CALLING_OUT_TO_AN_OBSERVER_CALLBACK_FUNCTION__+0x17
C  [CoreFoundation+0x7f3d2]  __CFRunLoopDoObservers+0x21f
C  [CoreFoundation+0x7e987]  __CFRunLoopRun+0x46b
C  [CoreFoundation+0x7de5c]  CFRunLoopRunSpecific+0x232
C  [java+0x6465]  CreateExecutionEnvironment+0x367
C  [java+0x218c]  JLI_Launch+0x7a0
C  [java+0x84c2]  main+0x65
C  [java+0x19e4]  start+0x34


---------------  P R O C E S S  ---------------

VM state:not at safepoint (normal execution)

VM Mutex/Monitor currently owned by a thread: None

Heap:
 PSYoungGen      total 64000K, used 41484K [0x0000000795580000, 0x000000079b300000, 0x00000007c0000000)
  eden space 46080K, 90% used [0x0000000795580000,0x0000000797e03038,0x0000000798280000)
  from space 17920K, 0% used [0x0000000799480000,0x0000000799480000,0x000000079a600000)
  to   space 18432K, 0% used [0x0000000798280000,0x0000000798280000,0x0000000799480000)
 ParOldGen       total 82432K, used 27532K [0x0000000740000000, 0x0000000745080000, 0x0000000795580000)
  object space 82432K, 33% used [0x0000000740000000,0x0000000741ae32c0,0x0000000745080000)
 Metaspace       used 48047K, capacity 49798K, committed 50176K, reserved 1093632K
  class space    used 6272K, capacity 6638K, committed 6656K, reserved 1048576K

Card table byte_map: [0x000000010c9d2000,0x000000010cdd3000] byte_map_base: 0x0000000108fd2000

Marking Bits: (ParMarkBitMap*) 0x000000010dda7d20
 Begin Bits: [0x000000010e459000, 0x0000000110459000)
 End Bits:   [0x0000000110459000, 0x0000000112459000)

Polling page: 0x000000010c54d000

CodeCache: size=245760Kb used=15529Kb max_used=15545Kb free=230230Kb
 bounds [0x0000000114ca6000, 0x0000000115bf6000, 0x0000000123ca6000]
 total_blobs=6016 nmethods=5021 adapters=907
 compilation: enabled

Compilation events (10 events):
Event: 64.196 Thread 0x00007faa4b81a800 nmethod 5745 0x00000001153ab9d0 code [0x00000001153abb20, 0x00000001153abbb8]
Event: 65.076 Thread 0x00007faa4b043000 nmethod 5700 0x0000000115bcbd90 code [0x0000000115bccaa0, 0x0000000115bd8a70]
Event: 65.255 Thread 0x00007faa4b81c000 5746   !   3       javax.swing.JComponent::putClientProperty (107 bytes)
Event: 65.256 Thread 0x00007faa4b81c000 nmethod 5746 0x0000000115a1d310 code [0x0000000115a1d520, 0x0000000115a1df78]
Event: 65.280 Thread 0x00007faa4b81c000 5748       3       sun.awt.image.MultiResolutionCachedImage$ImageCacheKey::equals (53 bytes)
Event: 65.280 Thread 0x00007faa4b81c000 nmethod 5748 0x0000000115a1cc50 code [0x0000000115a1cdc0, 0x0000000115a1d230]
Event: 65.280 Thread 0x00007faa4b81c000 5749       1       sun.java2d.SurfaceDataProxy::isValid (5 bytes)
Event: 65.281 Thread 0x00007faa4b81c000 nmethod 5749 0x0000000115a1c990 code [0x0000000115a1cae0, 0x0000000115a1cbf0]
Event: 65.281 Thread 0x00007faa4b81c000 5747       1       java.awt.Component::getGraphicsConfiguration_NoClientCode (5 bytes)
Event: 65.281 Thread 0x00007faa4b81c000 nmethod 5747 0x0000000115a1c6d0 code [0x0000000115a1c820, 0x0000000115a1c930]

GC Heap History (10 events):
Event: 19.646 GC heap before
{Heap before GC invocations=4 (full 1):
 PSYoungGen      total 38400K, used 33280K [0x0000000795580000, 0x0000000798000000, 0x00000007c0000000)
  eden space 33280K, 100% used [0x0000000795580000,0x0000000797600000,0x0000000797600000)
  from space 5120K, 0% used [0x0000000797b00000,0x0000000797b00000,0x0000000798000000)
  to   space 5120K, 0% used [0x0000000797600000,0x0000000797600000,0x0000000797b00000)
 ParOldGen       total 54784K, used 12578K [0x0000000740000000, 0x0000000743580000, 0x0000000795580000)
  object space 54784K, 22% used [0x0000000740000000,0x0000000740c48a58,0x0000000743580000)
 Metaspace       used 26335K, capacity 27618K, committed 27904K, reserved 1073152K
  class space    used 3539K, capacity 3797K, committed 3840K, reserved 1048576K
Event: 19.685 GC heap after
Heap after GC invocations=4 (full 1):
 PSYoungGen      total 38400K, used 5088K [0x0000000795580000, 0x0000000798000000, 0x00000007c0000000)
  eden space 33280K, 0% used [0x0000000795580000,0x0000000795580000,0x0000000797600000)
  from space 5120K, 99% used [0x0000000797600000,0x0000000797af81c8,0x0000000797b00000)
  to   space 5120K, 0% used [0x0000000797b00000,0x0000000797b00000,0x0000000798000000)
 ParOldGen       total 54784K, used 17558K [0x0000000740000000, 0x0000000743580000, 0x0000000795580000)
  object space 54784K, 32% used [0x0000000740000000,0x0000000741125a60,0x0000000743580000)
 Metaspace       used 26335K, capacity 27618K, committed 27904K, reserved 1073152K
  class space    used 3539K, capacity 3797K, committed 3840K, reserved 1048576K
}
Event: 35.162 GC heap before
{Heap before GC invocations=5 (full 1):
 PSYoungGen      total 38400K, used 38368K [0x0000000795580000, 0x0000000798000000, 0x00000007c0000000)
  eden space 33280K, 100% used [0x0000000795580000,0x0000000797600000,0x0000000797600000)
  from space 5120K, 99% used [0x0000000797600000,0x0000000797af81c8,0x0000000797b00000)
  to   space 5120K, 0% used [0x0000000797b00000,0x0000000797b00000,0x0000000798000000)
 ParOldGen       total 54784K, used 17558K [0x0000000740000000, 0x0000000743580000, 0x0000000795580000)
  object space 54784K, 32% used [0x0000000740000000,0x0000000741125a60,0x0000000743580000)
 Metaspace       used 27844K, capacity 29490K, committed 29696K, reserved 1075200K
  class space    used 3723K, capacity 4045K, committed 4096K, reserved 1048576K
Event: 35.191 GC heap after
Heap after GC invocations=5 (full 1):
 PSYoungGen      total 38400K, used 5102K [0x0000000795580000, 0x0000000798000000, 0x00000007c0000000)
  eden space 33280K, 0% used [0x0000000795580000,0x0000000795580000,0x0000000797600000)
  from space 5120K, 99% used [0x0000000797b00000,0x0000000797ffb9f8,0x0000000798000000)
  to   space 5120K, 0% used [0x0000000797600000,0x0000000797600000,0x0000000797b00000)
 ParOldGen       total 54784K, used 30412K [0x0000000740000000, 0x0000000743580000, 0x0000000795580000)
  object space 54784K, 55% used [0x0000000740000000,0x0000000741db3050,0x0000000743580000)
 Metaspace       used 27844K, capacity 29490K, committed 29696K, reserved 1075200K
  class space    used 3723K, capacity 4045K, committed 4096K, reserved 1048576K
}
Event: 39.402 GC heap before
{Heap before GC invocations=6 (full 1):
 PSYoungGen      total 38400K, used 38382K [0x0000000795580000, 0x0000000798000000, 0x00000007c0000000)
  eden space 33280K, 100% used [0x0000000795580000,0x0000000797600000,0x0000000797600000)
  from space 5120K, 99% used [0x0000000797b00000,0x0000000797ffb9f8,0x0000000798000000)
  to   space 5120K, 0% used [0x0000000797600000,0x0000000797600000,0x0000000797b00000)
 ParOldGen       total 54784K, used 30412K [0x0000000740000000, 0x0000000743580000, 0x0000000795580000)
  object space 54784K, 55% used [0x0000000740000000,0x0000000741db3050,0x0000000743580000)
 Metaspace       used 32232K, capacity 33898K, committed 34176K, reserved 1079296K
  class space    used 4340K, capacity 4657K, committed 4736K, reserved 1048576K
Event: 39.431 GC heap after
Heap after GC invocations=6 (full 1):
 PSYoungGen      total 38400K, used 5103K [0x0000000795580000, 0x000000079a600000, 0x00000007c0000000)
  eden space 33280K, 0% used [0x0000000795580000,0x0000000795580000,0x0000000797600000)
  from space 5120K, 99% used [0x0000000797600000,0x0000000797afbfd8,0x0000000797b00000)
  to   space 17920K, 0% used [0x0000000799480000,0x0000000799480000,0x000000079a600000)
 ParOldGen       total 54784K, used 37894K [0x0000000740000000, 0x0000000743580000, 0x0000000795580000)
  object space 54784K, 69% used [0x0000000740000000,0x00000007425018a0,0x0000000743580000)
 Metaspace       used 32232K, capacity 33898K, committed 34176K, reserved 1079296K
  class space    used 4340K, capacity 4657K, committed 4736K, reserved 1048576K
}
Event: 40.055 GC heap before
{Heap before GC invocations=7 (full 1):
 PSYoungGen      total 38400K, used 21253K [0x0000000795580000, 0x000000079a600000, 0x00000007c0000000)
  eden space 33280K, 48% used [0x0000000795580000,0x00000007965455d8,0x0000000797600000)
  from space 5120K, 99% used [0x0000000797600000,0x0000000797afbfd8,0x0000000797b00000)
  to   space 17920K, 0% used [0x0000000799480000,0x0000000799480000,0x000000079a600000)
 ParOldGen       total 54784K, used 37894K [0x0000000740000000, 0x0000000743580000, 0x0000000795580000)
  object space 54784K, 69% used [0x0000000740000000,0x00000007425018a0,0x0000000743580000)
 Metaspace       used 33613K, capacity 35312K, committed 35416K, reserved 1079296K
  class space    used 4518K, capacity 4850K, committed 4864K, reserved 1048576K
Event: 40.103 GC heap after
Heap after GC invocations=7 (full 1):
 PSYoungGen      total 64000K, used 6637K [0x0000000795580000, 0x000000079b300000, 0x00000007c0000000)
  eden space 46080K, 0% used [0x0000000795580000,0x0000000795580000,0x0000000798280000)
  from space 17920K, 37% used [0x0000000799480000,0x0000000799afb530,0x000000079a600000)
  to   space 18432K, 0% used [0x0000000798280000,0x0000000798280000,0x0000000799480000)
 ParOldGen       total 54784K, used 37902K [0x0000000740000000, 0x0000000743580000, 0x0000000795580000)
  object space 54784K, 69% used [0x0000000740000000,0x00000007425038a0,0x0000000743580000)
 Metaspace       used 33613K, capacity 35312K, committed 35416K, reserved 1079296K
  class space    used 4518K, capacity 4850K, committed 4864K, reserved 1048576K
}
Event: 40.103 GC heap before
{Heap before GC invocations=8 (full 2):
 PSYoungGen      total 64000K, used 6637K [0x0000000795580000, 0x000000079b300000, 0x00000007c0000000)
  eden space 46080K, 0% used [0x0000000795580000,0x0000000795580000,0x0000000798280000)
  from space 17920K, 37% used [0x0000000799480000,0x0000000799afb530,0x000000079a600000)
  to   space 18432K, 0% used [0x0000000798280000,0x0000000798280000,0x0000000799480000)
 ParOldGen       total 54784K, used 37902K [0x0000000740000000, 0x0000000743580000, 0x0000000795580000)
  object space 54784K, 69% used [0x0000000740000000,0x00000007425038a0,0x0000000743580000)
 Metaspace       used 33613K, capacity 35312K, committed 35416K, reserved 1079296K
  class space    used 4518K, capacity 4850K, committed 4864K, reserved 1048576K
Event: 40.300 GC heap after
Heap after GC invocations=8 (full 2):
 PSYoungGen      total 64000K, used 0K [0x0000000795580000, 0x000000079b300000, 0x00000007c0000000)
  eden space 46080K, 0% used [0x0000000795580000,0x0000000795580000,0x0000000798280000)
  from space 17920K, 0% used [0x0000000799480000,0x0000000799480000,0x000000079a600000)
  to   space 18432K, 0% used [0x0000000798280000,0x0000000798280000,0x0000000799480000)
 ParOldGen       total 82432K, used 27532K [0x0000000740000000, 0x0000000745080000, 0x0000000795580000)
  object space 82432K, 33% used [0x0000000740000000,0x0000000741ae32c0,0x0000000745080000)
 Metaspace       used 33613K, capacity 35312K, committed 35416K, reserved 1079296K
  class space    used 4518K, capacity 4850K, committed 4864K, reserved 1048576K
}

Deoptimization events (10 events):
Event: 40.373 Thread 0x00007faa4b935800 Uncommon trap: reason=unstable_if action=reinterpret pc=0x0000000114dfdb5c method=java.util.Properties$LineReader.readLine()I @ 180
Event: 41.706 Thread 0x00007faa4b935800 Uncommon trap: reason=unstable_if action=reinterpret pc=0x0000000114f4d658 method=sun.util.logging.PlatformLogger.isLoggable(Lsun/util/logging/PlatformLogger$Level;)Z @ 18
Event: 44.202 Thread 0x00007faa4b935800 Uncommon trap: reason=class_check action=maybe_recompile pc=0x00000001158db9e0 method=com.sun.org.apache.xerces.internal.impl.XMLDocumentFragmentScannerImpl$FragmentContentDriver.next()I @ 2223
Event: 44.202 Thread 0x00007faa4b935800 Uncommon trap: reason=class_check action=maybe_recompile pc=0x00000001158db9f8 method=com.sun.org.apache.xerces.internal.impl.XMLDocumentFragmentScannerImpl$FragmentContentDriver.next()I @ 439
Event: 44.202 Thread 0x00007faa4b935800 Uncommon trap: reason=class_check action=maybe_recompile pc=0x00000001158db9f8 method=com.sun.org.apache.xerces.internal.impl.XMLDocumentFragmentScannerImpl$FragmentContentDriver.next()I @ 439
Event: 44.202 Thread 0x00007faa4b935800 Uncommon trap: reason=class_check action=maybe_recompile pc=0x00000001158db9f8 method=com.sun.org.apache.xerces.internal.impl.XMLDocumentFragmentScannerImpl$FragmentContentDriver.next()I @ 439
Event: 44.532 Thread 0x00007faa4b935800 Uncommon trap: reason=unstable_if action=reinterpret pc=0x0000000115125fd4 method=java.lang.ref.SoftReference.get()Ljava/lang/Object; @ 6
Event: 44.537 Thread 0x00007faa4b935800 Uncommon trap: reason=class_check action=maybe_recompile pc=0x0000000114fa481c method=java.io.DataInputStream.readChar()C @ 4
Event: 44.537 Thread 0x00007faa4b935800 Uncommon trap: reason=class_check action=maybe_recompile pc=0x0000000114fa481c method=java.io.DataInputStream.readChar()C @ 4
Event: 44.537 Thread 0x00007faa4b935800 Uncommon trap: reason=class_check action=maybe_recompile pc=0x0000000114fa481c method=java.io.DataInputStream.readChar()C @ 4

Internal exceptions (10 events):
Event: 39.906 Thread 0x00007faa4b935800 Exception <a 'java/lang/ClassNotFoundException': java/lang/ObjectBeanInfo> (0x0000000795c59790) thrown at [/Users/java_re/workspace/8-2-build-macosx-x86_64/jdk8u111/7883/hotspot/src/share/vm/classfile/systemDictionary.cpp, line 210]
Event: 39.906 Thread 0x00007faa4b935800 Exception <a 'java/lang/ClassNotFoundException': java/lang/ObjectCustomizer> (0x0000000795c5e488) thrown at [/Users/java_re/workspace/8-2-build-macosx-x86_64/jdk8u111/7883/hotspot/src/share/vm/classfile/systemDictionary.cpp, line 210]
Event: 39.924 Thread 0x00007faa4b935800 Exception <a 'java/lang/ClassNotFoundException': net/sf/jasperreports/engine/base/JRBaseElementCustomizer> (0x0000000795c72fc8) thrown at [/Users/java_re/workspace/8-2-build-macosx-x86_64/jdk8u111/7883/hotspot/src/share/vm/classfile/systemDictionary.cpp, 
Event: 39.934 Thread 0x00007faa4b935800 Exception <a 'java/lang/ClassNotFoundException': net/sf/jasperreports/engine/design/JRDesignElementCustomizer> (0x0000000795cdc958) thrown at [/Users/java_re/workspace/8-2-build-macosx-x86_64/jdk8u111/7883/hotspot/src/share/vm/classfile/systemDictionary.c
Event: 39.937 Thread 0x00007faa4b935800 Exception <a 'java/lang/ClassNotFoundException': net/sf/jasperreports/engine/design/JRDesignTextElementCustomizer> (0x0000000795d09a50) thrown at [/Users/java_re/workspace/8-2-build-macosx-x86_64/jdk8u111/7883/hotspot/src/share/vm/classfile/systemDictiona
Event: 39.955 Thread 0x00007faa4b935800 Exception <a 'java/lang/ClassNotFoundException': net/sf/jasperreports/engine/design/JRDesignStaticTextCustomizer> (0x0000000795d7cd28) thrown at [/Users/java_re/workspace/8-2-build-macosx-x86_64/jdk8u111/7883/hotspot/src/share/vm/classfile/systemDictionar
Event: 41.106 Thread 0x00007faa4b935800 Exception <a 'java/lang/ArrayIndexOutOfBoundsException': 13504> (0x000000079635cd00) thrown at [/Users/java_re/workspace/8-2-build-macosx-x86_64/jdk8u111/7883/hotspot/src/share/vm/interpreter/interpreterRuntime.cpp, line 366]
Event: 41.599 Thread 0x00007faa4b935800 Exception <a 'java/io/FileNotFoundException'> (0x00000007969b2768) thrown at [/Users/java_re/workspace/8-2-build-macosx-x86_64/jdk8u111/7883/hotspot/src/share/vm/prims/jni.cpp, line 709]
Event: 41.603 Thread 0x00007faa4b935800 Exception <a 'java/io/FileNotFoundException'> (0x00000007969b4fe0) thrown at [/Users/java_re/workspace/8-2-build-macosx-x86_64/jdk8u111/7883/hotspot/src/share/vm/prims/jni.cpp, line 709]
Event: 41.603 Thread 0x00007faa4b935800 Exception <a 'java/io/FileNotFoundException'> (0x00000007969b5f08) thrown at [/Users/java_re/workspace/8-2-build-macosx-x86_64/jdk8u111/7883/hotspot/src/share/vm/prims/jni.cpp, line 709]

Events (10 events):
Event: 65.256 loading class javafx/application/Application done
Event: 65.256 loading class javafx/application/Application
Event: 65.256 loading class javafx/application/Application done
Event: 65.275 loading class com/sun/javafx/tk/quantum/QuantumRenderer
Event: 65.275 loading class com/sun/javafx/tk/quantum/QuantumRenderer done
Event: 65.276 loading class com/sun/javafx/tk/quantum/QuantumToolkit
Event: 65.276 loading class com/sun/javafx/tk/quantum/QuantumToolkit done
Event: 65.276 Thread 0x00007faa4b935800 Thread exited: 0x00007faa4b935800
Event: 65.280 Thread 0x00007faa4a8d0000 Thread exited: 0x00007faa4a8d0000
Event: 65.281 Thread 0x00007faa4b108800 Thread exited: 0x00007faa4b108800


Dynamic libraries:
0x00000000093aa000 	/System/Library/Frameworks/Cocoa.framework/Versions/A/Cocoa
0x00000000093aa000 	/System/Library/Frameworks/AppKit.framework/Versions/C/AppKit
0x00000000093aa000 	/System/Library/Frameworks/CoreData.framework/Versions/A/CoreData
0x00000000093aa000 	/System/Library/Frameworks/Foundation.framework/Versions/C/Foundation
0x00000000093aa000 	/usr/lib/libSystem.B.dylib
0x00000000093aa000 	/System/Library/PrivateFrameworks/UIFoundation.framework/Versions/A/UIFoundation
0x00000000093aa000 	/System/Library/PrivateFrameworks/RemoteViewServices.framework/Versions/A/RemoteViewServices
0x00000000093aa000 	/System/Library/PrivateFrameworks/XCTTargetBootstrap.framework/Versions/A/XCTTargetBootstrap
0x00000000093aa000 	/System/Library/PrivateFrameworks/InternationalSupport.framework/Versions/A/InternationalSupport
0x00000000093aa000 	/System/Library/PrivateFrameworks/UserActivity.framework/Versions/A/UserActivity
0x00000000093aa000 	/usr/lib/libspindump.dylib
0x00000000093aa000 	/System/Library/Frameworks/UniformTypeIdentifiers.framework/Versions/A/UniformTypeIdentifiers
0x00000000093aa000 	/usr/lib/libapp_launch_measurement.dylib
0x00000000093aa000 	/System/Library/PrivateFrameworks/CoreAnalytics.framework/Versions/A/CoreAnalytics
0x00000000093aa000 	/System/Library/PrivateFrameworks/CoreAutoLayout.framework/Versions/A/CoreAutoLayout
0x00000000093aa000 	/System/Library/Frameworks/Metal.framework/Versions/A/Metal
0x00000000093aa000 	/usr/lib/liblangid.dylib
0x00000000093aa000 	/System/Library/PrivateFrameworks/CoreSVG.framework/Versions/A/CoreSVG
0x00000000093aa000 	/System/Library/PrivateFrameworks/SkyLight.framework/Versions/A/SkyLight
0x00000000093aa000 	/System/Library/Frameworks/CoreGraphics.framework/Versions/A/CoreGraphics
0x00000000093aa000 	/System/Library/Frameworks/Accelerate.framework/Versions/A/Accelerate
0x00000000093aa000 	/System/Library/PrivateFrameworks/IconServices.framework/Versions/A/IconServices
0x00000000093aa000 	/System/Library/Frameworks/IOSurface.framework/Versions/A/IOSurface
0x00000000093aa000 	/usr/lib/libDiagnosticMessagesClient.dylib
0x00000000093aa000 	/usr/lib/libz.1.dylib
0x00000000093aa000 	/System/Library/Frameworks/ApplicationServices.framework/Versions/A/ApplicationServices
0x00000000093aa000 	/System/Library/PrivateFrameworks/DFRFoundation.framework/Versions/A/DFRFoundation
0x00000000093aa000 	/usr/lib/libicucore.A.dylib
0x00000000093aa000 	/System/Library/Frameworks/AudioToolbox.framework/Versions/A/AudioToolbox
0x00000000093aa000 	/System/Library/PrivateFrameworks/DataDetectorsCore.framework/Versions/A/DataDetectorsCore
0x00000000093aa000 	/System/Library/PrivateFrameworks/TextInput.framework/Versions/A/TextInput
0x00000000093aa000 	/usr/lib/libMobileGestalt.dylib
0x00000000093aa000 	/System/Library/Frameworks/Carbon.framework/Versions/A/Frameworks/HIToolbox.framework/Versions/A/HIToolbox
0x00000000093aa000 	/System/Library/Frameworks/QuartzCore.framework/Versions/A/QuartzCore
0x00000000093aa000 	/System/Library/Frameworks/Security.framework/Versions/A/Security
0x00000000093aa000 	/System/Library/Frameworks/Carbon.framework/Versions/A/Frameworks/SpeechRecognition.framework/Versions/A/SpeechRecognition
0x00000000093aa000 	/System/Library/PrivateFrameworks/CoreUI.framework/Versions/A/CoreUI
0x00000000093aa000 	/System/Library/Frameworks/CoreAudio.framework/Versions/A/CoreAudio
0x00000000093aa000 	/System/Library/Frameworks/DiskArbitration.framework/Versions/A/DiskArbitration
0x00000000093aa000 	/System/Library/PrivateFrameworks/MultitouchSupport.framework/Versions/A/MultitouchSupport
0x00000000093aa000 	/usr/lib/libenergytrace.dylib
0x00000000093aa000 	/System/Library/Frameworks/IOKit.framework/Versions/A/IOKit
0x00000000093aa000 	/System/Library/Frameworks/CoreServices.framework/Versions/A/CoreServices
0x00000000093aa000 	/System/Library/PrivateFrameworks/PerformanceAnalysis.framework/Versions/A/PerformanceAnalysis
0x00000000093aa000 	/System/Library/Frameworks/OpenGL.framework/Versions/A/OpenGL
0x00000000093aa000 	/System/Library/PrivateFrameworks/MobileKeyBag.framework/Versions/A/MobileKeyBag
0x00000000093aa000 	/usr/lib/libobjc.A.dylib
0x00000000093aa000 	/System/Library/Frameworks/ColorSync.framework/Versions/A/ColorSync
0x00000000093aa000 	/System/Library/Frameworks/CoreFoundation.framework/Versions/A/CoreFoundation
0x00000000093aa000 	/System/Library/Frameworks/CoreImage.framework/Versions/A/CoreImage
0x00000000093aa000 	/System/Library/Frameworks/CoreText.framework/Versions/A/CoreText
0x00000000093aa000 	/System/Library/Frameworks/ImageIO.framework/Versions/A/ImageIO
0x00000000093aa000 	/System/Library/PrivateFrameworks/SoftLinking.framework/Versions/A/SoftLinking
0x00000000093aa000 	/usr/lib/libxml2.2.dylib
0x00000000093aa000 	/usr/lib/libc++.1.dylib
0x00000000093aa000 	/usr/lib/libcompression.dylib
0x00000000093aa000 	/System/Library/PrivateFrameworks/TextureIO.framework/Versions/A/TextureIO
0x00000000093aa000 	/usr/lib/libate.dylib
0x00000000093aa000 	/usr/lib/system/libcache.dylib
0x00000000093aa000 	/usr/lib/system/libcommonCrypto.dylib
0x00000000093aa000 	/usr/lib/system/libcompiler_rt.dylib
0x00000000093aa000 	/usr/lib/system/libcopyfile.dylib
0x00000000093aa000 	/usr/lib/system/libcorecrypto.dylib
0x00000000093aa000 	/usr/lib/system/libdispatch.dylib
0x00000000093aa000 	/usr/lib/system/libdyld.dylib
0x00000000093aa000 	/usr/lib/system/libkeymgr.dylib
0x00000000093aa000 	/usr/lib/system/libmacho.dylib
0x00000000093aa000 	/usr/lib/system/libquarantine.dylib
0x00000000093aa000 	/usr/lib/system/libremovefile.dylib
0x00000000093aa000 	/usr/lib/system/libsystem_asl.dylib
0x00000000093aa000 	/usr/lib/system/libsystem_blocks.dylib
0x00000000093aa000 	/usr/lib/system/libsystem_c.dylib
0x00000000093aa000 	/usr/lib/system/libsystem_collections.dylib
0x00000000093aa000 	/usr/lib/system/libsystem_configuration.dylib
0x00000000093aa000 	/usr/lib/system/libsystem_containermanager.dylib
0x00000000093aa000 	/usr/lib/system/libsystem_coreservices.dylib
0x00000000093aa000 	/usr/lib/system/libsystem_darwin.dylib
0x00000000093aa000 	/usr/lib/system/libsystem_dnssd.dylib
0x00000000093aa000 	/usr/lib/system/libsystem_featureflags.dylib
0x00000000093aa000 	/usr/lib/system/libsystem_info.dylib
0x00000000093aa000 	/usr/lib/system/libsystem_m.dylib
0x00000000093aa000 	/usr/lib/system/libsystem_malloc.dylib
0x00000000093aa000 	/usr/lib/system/libsystem_networkextension.dylib
0x00000000093aa000 	/usr/lib/system/libsystem_notify.dylib
0x00000000093aa000 	/usr/lib/system/libsystem_product_info_filter.dylib
0x00000000093aa000 	/usr/lib/system/libsystem_sandbox.dylib
0x00000000093aa000 	/usr/lib/system/libsystem_secinit.dylib
0x00000000093aa000 	/usr/lib/system/libsystem_kernel.dylib
0x00000000093aa000 	/usr/lib/system/libsystem_platform.dylib
0x00000000093aa000 	/usr/lib/system/libsystem_pthread.dylib
0x00000000093aa000 	/usr/lib/system/libsystem_symptoms.dylib
0x00000000093aa000 	/usr/lib/system/libsystem_trace.dylib
0x00000000093aa000 	/usr/lib/system/libunwind.dylib
0x00000000093aa000 	/usr/lib/system/libxpc.dylib
0x00000000093aa000 	/usr/lib/libc++abi.dylib
0x00000000093aa000 	/usr/lib/liboah.dylib
0x00000000093aa000 	/usr/lib/liblzma.5.dylib
0x00000000093aa000 	/System/Library/Frameworks/SystemConfiguration.framework/Versions/A/SystemConfiguration
0x00000000093aa000 	/usr/lib/libfakelink.dylib
0x00000000093aa000 	/System/Library/Frameworks/CFNetwork.framework/Versions/A/CFNetwork
0x00000000093aa000 	/usr/lib/libarchive.2.dylib
0x00000000093aa000 	/System/Library/PrivateFrameworks/AppleSystemInfo.framework/Versions/A/AppleSystemInfo
0x00000000093aa000 	/usr/lib/libbsm.0.dylib
0x00000000093aa000 	/usr/lib/libnetwork.dylib
0x00000000093aa000 	/usr/lib/system/libkxld.dylib
0x00000000093aa000 	/System/Library/PrivateFrameworks/IOMobileFramebuffer.framework/Versions/A/IOMobileFramebuffer
0x00000000093aa000 	/usr/lib/libCoreEntitlements.dylib
0x00000000093aa000 	/System/Library/PrivateFrameworks/AppleFSCompression.framework/Versions/A/AppleFSCompression
0x00000000093aa000 	/usr/lib/libcoretls.dylib
0x00000000093aa000 	/usr/lib/libcoretls_cfhelpers.dylib
0x00000000093aa000 	/usr/lib/libpam.2.dylib
0x00000000093aa000 	/usr/lib/libsqlite3.dylib
0x00000000093aa000 	/usr/lib/libxar.1.dylib
0x00000000093aa000 	/usr/lib/libbz2.1.0.dylib
0x00000000093aa000 	/usr/lib/libpcap.A.dylib
0x00000000093aa000 	/usr/lib/libdns_services.dylib
0x00000000093aa000 	/usr/lib/libapple_nghttp2.dylib
0x00000000093aa000 	/usr/lib/libiconv.2.dylib
0x00000000093aa000 	/usr/lib/libcharset.1.dylib
0x00000000093aa000 	/System/Library/Frameworks/CoreServices.framework/Versions/A/Frameworks/FSEvents.framework/Versions/A/FSEvents
0x00000000093aa000 	/System/Library/Frameworks/CoreServices.framework/Versions/A/Frameworks/CarbonCore.framework/Versions/A/CarbonCore
0x00000000093aa000 	/System/Library/Frameworks/CoreServices.framework/Versions/A/Frameworks/Metadata.framework/Versions/A/Metadata
0x00000000093aa000 	/System/Library/Frameworks/CoreServices.framework/Versions/A/Frameworks/OSServices.framework/Versions/A/OSServices
0x00000000093aa000 	/System/Library/Frameworks/CoreServices.framework/Versions/A/Frameworks/SearchKit.framework/Versions/A/SearchKit
0x00000000093aa000 	/System/Library/Frameworks/CoreServices.framework/Versions/A/Frameworks/AE.framework/Versions/A/AE
0x00000000093aa000 	/System/Library/Frameworks/CoreServices.framework/Versions/A/Frameworks/LaunchServices.framework/Versions/A/LaunchServices
0x00000000093aa000 	/System/Library/Frameworks/CoreServices.framework/Versions/A/Frameworks/DictionaryServices.framework/Versions/A/DictionaryServices
0x00000000093aa000 	/System/Library/Frameworks/CoreServices.framework/Versions/A/Frameworks/SharedFileList.framework/Versions/A/SharedFileList
0x00000000093aa000 	/usr/lib/libCheckFix.dylib
0x00000000093aa000 	/System/Library/PrivateFrameworks/TCC.framework/Versions/A/TCC
0x00000000093aa000 	/System/Library/PrivateFrameworks/CoreNLP.framework/Versions/A/CoreNLP
0x00000000093aa000 	/System/Library/PrivateFrameworks/MetadataUtilities.framework/Versions/A/MetadataUtilities
0x00000000093aa000 	/usr/lib/libmecabra.dylib
0x00000000093aa000 	/usr/lib/libmecab.dylib
0x00000000093aa000 	/usr/lib/libCRFSuite.dylib
0x00000000093aa000 	/usr/lib/libgermantok.dylib
0x00000000093aa000 	/usr/lib/libThaiTokenizer.dylib
0x00000000093aa000 	/System/Library/Frameworks/Accelerate.framework/Versions/A/Frameworks/vImage.framework/Versions/A/vImage
0x00000000093aa000 	/System/Library/Frameworks/Accelerate.framework/Versions/A/Frameworks/vecLib.framework/Versions/A/vecLib
0x00000000093aa000 	/System/Library/Frameworks/Accelerate.framework/Versions/A/Frameworks/vecLib.framework/Versions/A/libvMisc.dylib
0x00000000093aa000 	/System/Library/Frameworks/Accelerate.framework/Versions/A/Frameworks/vecLib.framework/Versions/A/libvDSP.dylib
0x00000000093aa000 	/System/Library/Frameworks/Accelerate.framework/Versions/A/Frameworks/vecLib.framework/Versions/A/libBLAS.dylib
0x00000000093aa000 	/System/Library/Frameworks/Accelerate.framework/Versions/A/Frameworks/vecLib.framework/Versions/A/libLAPACK.dylib
0x00000000093aa000 	/System/Library/Frameworks/Accelerate.framework/Versions/A/Frameworks/vecLib.framework/Versions/A/libLinearAlgebra.dylib
0x00000000093aa000 	/System/Library/Frameworks/Accelerate.framework/Versions/A/Frameworks/vecLib.framework/Versions/A/libSparseBLAS.dylib
0x00000000093aa000 	/System/Library/Frameworks/Accelerate.framework/Versions/A/Frameworks/vecLib.framework/Versions/A/libQuadrature.dylib
0x00000000093aa000 	/System/Library/Frameworks/Accelerate.framework/Versions/A/Frameworks/vecLib.framework/Versions/A/libBNNS.dylib
0x00000000093aa000 	/System/Library/Frameworks/Accelerate.framework/Versions/A/Frameworks/vecLib.framework/Versions/A/libSparse.dylib
0x00000000093aa000 	/System/Library/PrivateFrameworks/LinguisticData.framework/Versions/A/LinguisticData
0x00000000093aa000 	/System/Library/PrivateFrameworks/Lexicon.framework/Versions/A/Lexicon
0x00000000093aa000 	/usr/lib/libChineseTokenizer.dylib
0x00000000093aa000 	/System/Library/PrivateFrameworks/LanguageModeling.framework/Versions/A/LanguageModeling
0x00000000093aa000 	/System/Library/PrivateFrameworks/AppleSauce.framework/Versions/A/AppleSauce
0x00000000093aa000 	/System/Library/PrivateFrameworks/CoreEmoji.framework/Versions/A/CoreEmoji
0x00000000093aa000 	/usr/lib/libcmph.dylib
0x00000000093aa000 	/System/Library/Frameworks/OpenDirectory.framework/Versions/A/Frameworks/CFOpenDirectory.framework/Versions/A/CFOpenDirectory
0x00000000093aa000 	/System/Library/Frameworks/OpenDirectory.framework/Versions/A/OpenDirectory
0x00000000093aa000 	/System/Library/PrivateFrameworks/APFS.framework/Versions/A/APFS
0x00000000093aa000 	/System/Library/Frameworks/SecurityFoundation.framework/Versions/A/SecurityFoundation
0x00000000093aa000 	/usr/lib/libutil.dylib
0x00000000093aa000 	/System/Library/PrivateFrameworks/CoreServicesStore.framework/Versions/A/CoreServicesStore
0x00000000093aa000 	/usr/lib/libxslt.1.dylib
0x00000000093aa000 	/System/Library/PrivateFrameworks/BackgroundTaskManagement.framework/Versions/A/BackgroundTaskManagement
0x00000000093aa000 	/System/Library/Frameworks/ImageIO.framework/Versions/A/Resources/libRadiance.dylib
0x00000000093aa000 	/System/Library/Frameworks/ImageIO.framework/Versions/A/Resources/libJPEG.dylib
0x00000000093aa000 	/System/Library/Frameworks/ImageIO.framework/Versions/A/Resources/libPng.dylib
0x00000000093aa000 	/System/Library/Frameworks/ImageIO.framework/Versions/A/Resources/libTIFF.dylib
0x00000000093aa000 	/System/Library/Frameworks/ImageIO.framework/Versions/A/Resources/libGIF.dylib
0x00000000093aa000 	/System/Library/Frameworks/ImageIO.framework/Versions/A/Resources/libJP2.dylib
0x00000000093aa000 	/usr/lib/libexpat.1.dylib
0x00000000093aa000 	/System/Library/PrivateFrameworks/AppleJPEG.framework/Versions/A/AppleJPEG
0x00000000093aa000 	/System/Library/PrivateFrameworks/FontServices.framework/libFontParser.dylib
0x00000000093aa000 	/System/Library/PrivateFrameworks/RunningBoardServices.framework/Versions/A/RunningBoardServices
0x00000000093aa000 	/System/Library/PrivateFrameworks/IOSurfaceAccelerator.framework/Versions/A/IOSurfaceAccelerator
0x00000000093aa000 	/System/Library/PrivateFrameworks/WatchdogClient.framework/Versions/A/WatchdogClient
0x00000000093aa000 	/System/Library/Frameworks/CoreDisplay.framework/Versions/A/CoreDisplay
0x00000000093aa000 	/System/Library/Frameworks/CoreMedia.framework/Versions/A/CoreMedia
0x00000000093aa000 	/System/Library/PrivateFrameworks/IOAccelerator.framework/Versions/A/IOAccelerator
0x00000000093aa000 	/System/Library/Frameworks/CoreVideo.framework/Versions/A/CoreVideo
0x00000000093aa000 	/System/Library/Frameworks/MetalPerformanceShaders.framework/Versions/A/MetalPerformanceShaders
0x00000000093aa000 	/System/Library/Frameworks/VideoToolbox.framework/Versions/A/VideoToolbox
0x00000000093aa000 	/System/Library/PrivateFrameworks/BaseBoard.framework/Versions/A/BaseBoard
0x00000000093aa000 	/System/Library/PrivateFrameworks/ProtocolBuffer.framework/Versions/A/ProtocolBuffer
0x00000000093aa000 	/System/Library/PrivateFrameworks/GPUWrangler.framework/Versions/A/GPUWrangler
0x00000000093aa000 	/System/Library/PrivateFrameworks/IOPresentment.framework/Versions/A/IOPresentment
0x00000000093aa000 	/System/Library/PrivateFrameworks/DSExternalDisplay.framework/Versions/A/DSExternalDisplay
0x00000000093aa000 	/System/Library/Frameworks/OpenGL.framework/Versions/A/Libraries/libCoreFSCache.dylib
0x00000000093aa000 	/System/Library/PrivateFrameworks/GPUCompiler.framework/Versions/31001/Libraries/libGPUCompilerUtils.dylib
0x00000000093aa000 	/System/Library/PrivateFrameworks/CMCaptureCore.framework/Versions/A/CMCaptureCore
0x00000000093aa000 	/System/Library/PrivateFrameworks/AppServerSupport.framework/Versions/A/AppServerSupport
0x00000000093aa000 	/System/Library/PrivateFrameworks/perfdata.framework/Versions/A/perfdata
0x00000000093aa000 	/System/Library/PrivateFrameworks/AudioToolboxCore.framework/Versions/A/AudioToolboxCore
0x00000000093aa000 	/System/Library/PrivateFrameworks/caulk.framework/Versions/A/caulk
0x00000000093aa000 	/usr/lib/libAudioStatistics.dylib
0x00000000093aa000 	/System/Library/PrivateFrameworks/SystemPolicy.framework/Versions/A/SystemPolicy
0x00000000093aa000 	/usr/lib/libSMC.dylib
0x00000000093aa000 	/System/Library/Frameworks/CoreMIDI.framework/Versions/A/CoreMIDI
0x00000000093aa000 	/usr/lib/libAudioToolboxUtility.dylib
0x00000000093aa000 	/System/Library/PrivateFrameworks/OSAServicesClient.framework/Versions/A/OSAServicesClient
0x00000000093aa000 	/usr/lib/libperfcheck.dylib
0x00000000093aa000 	/usr/lib/libmis.dylib
0x00000000093aa000 	/System/Library/Frameworks/OpenGL.framework/Versions/A/Libraries/libGLU.dylib
0x00000000093aa000 	/System/Library/Frameworks/OpenGL.framework/Versions/A/Libraries/libGFXShared.dylib
0x00000000093aa000 	/System/Library/Frameworks/OpenGL.framework/Versions/A/Libraries/libGL.dylib
0x00000000093aa000 	/System/Library/Frameworks/OpenGL.framework/Versions/A/Libraries/libGLImage.dylib
0x00000000093aa000 	/System/Library/Frameworks/OpenGL.framework/Versions/A/Libraries/libCVMSPluginSupport.dylib
0x00000000093aa000 	/System/Library/Frameworks/OpenGL.framework/Versions/A/Libraries/libCoreVMClient.dylib
0x00000000093aa000 	/System/Library/Frameworks/MetalPerformanceShaders.framework/Versions/A/Frameworks/MPSCore.framework/Versions/A/MPSCore
0x00000000093aa000 	/System/Library/Frameworks/MetalPerformanceShaders.framework/Versions/A/Frameworks/MPSImage.framework/Versions/A/MPSImage
0x00000000093aa000 	/System/Library/Frameworks/MetalPerformanceShaders.framework/Versions/A/Frameworks/MPSNeuralNetwork.framework/Versions/A/MPSNeuralNetwork
0x00000000093aa000 	/System/Library/Frameworks/MetalPerformanceShaders.framework/Versions/A/Frameworks/MPSMatrix.framework/Versions/A/MPSMatrix
0x00000000093aa000 	/System/Library/Frameworks/MetalPerformanceShaders.framework/Versions/A/Frameworks/MPSRayIntersector.framework/Versions/A/MPSRayIntersector
0x00000000093aa000 	/System/Library/Frameworks/MetalPerformanceShaders.framework/Versions/A/Frameworks/MPSNDArray.framework/Versions/A/MPSNDArray
0x00000000093aa000 	/System/Library/Frameworks/MetalPerformanceShaders.framework/Versions/A/Frameworks/MPSFunctions.framework/Versions/A/MPSFunctions
0x00000000093aa000 	/System/Library/PrivateFrameworks/MetalTools.framework/Versions/A/MetalTools
0x00000000093aa000 	/System/Library/PrivateFrameworks/AggregateDictionary.framework/Versions/A/AggregateDictionary
0x00000000093aa000 	/usr/lib/libIOReport.dylib
0x00000000093aa000 	/System/Library/Frameworks/OpenCL.framework/Versions/A/OpenCL
0x00000000093aa000 	/System/Library/PrivateFrameworks/FaceCore.framework/Versions/A/FaceCore
0x00000000093aa000 	/System/Library/PrivateFrameworks/GraphVisualizer.framework/Versions/A/GraphVisualizer
0x00000000093aa000 	/System/Library/PrivateFrameworks/FontServices.framework/Versions/A/FontServices
0x00000000093aa000 	/System/Library/PrivateFrameworks/OTSVG.framework/Versions/A/OTSVG
0x00000000093aa000 	/System/Library/Frameworks/ApplicationServices.framework/Versions/A/Frameworks/ATS.framework/Versions/A/Resources/libFontRegistry.dylib
0x00000000093aa000 	/System/Library/PrivateFrameworks/FontServices.framework/libhvf.dylib
0x00000000093aa000 	/System/Library/PrivateFrameworks/FontServices.framework/libXTFontStaticRegistryData.dylib
0x00000000093aa000 	/System/Library/PrivateFrameworks/AppleVA.framework/Versions/A/AppleVA
0x00000000093aa000 	/System/Library/Frameworks/ApplicationServices.framework/Versions/A/Frameworks/ATS.framework/Versions/A/ATS
0x00000000093aa000 	/System/Library/Frameworks/ApplicationServices.framework/Versions/A/Frameworks/HIServices.framework/Versions/A/HIServices
0x00000000093aa000 	/System/Library/Frameworks/ApplicationServices.framework/Versions/A/Frameworks/PrintCore.framework/Versions/A/PrintCore
0x00000000093aa000 	/System/Library/Frameworks/ApplicationServices.framework/Versions/A/Frameworks/QD.framework/Versions/A/QD
0x00000000093aa000 	/System/Library/Frameworks/ApplicationServices.framework/Versions/A/Frameworks/ColorSyncLegacy.framework/Versions/A/ColorSyncLegacy
0x00000000093aa000 	/System/Library/Frameworks/ApplicationServices.framework/Versions/A/Frameworks/SpeechSynthesis.framework/Versions/A/SpeechSynthesis
0x00000000093aa000 	/System/Library/Frameworks/ApplicationServices.framework/Versions/A/Frameworks/ATSUI.framework/Versions/A/ATSUI
0x00000000093aa000 	/usr/lib/libcups.2.dylib
0x00000000093aa000 	/System/Library/Frameworks/Kerberos.framework/Versions/A/Kerberos
0x00000000093aa000 	/System/Library/Frameworks/GSS.framework/Versions/A/GSS
0x00000000093aa000 	/usr/lib/libresolv.9.dylib
0x00000000093aa000 	/System/Library/PrivateFrameworks/Heimdal.framework/Versions/A/Heimdal
0x00000000093aa000 	/System/Library/Frameworks/Kerberos.framework/Versions/A/Libraries/libHeimdalProxy.dylib
0x00000000093aa000 	/System/Library/Frameworks/Network.framework/Versions/A/Network
0x00000000093aa000 	/usr/lib/libheimdal-asn1.dylib
0x00000000093aa000 	/System/Library/PrivateFrameworks/CommonAuth.framework/Versions/A/CommonAuth
0x00000000093aa000 	/System/Library/PrivateFrameworks/AudioSession.framework/Versions/A/AudioSession
0x00000000093aa000 	/System/Library/PrivateFrameworks/MediaExperience.framework/Versions/A/MediaExperience
0x00000000093aa000 	/System/Library/PrivateFrameworks/AudioSession.framework/libSessionUtility.dylib
0x00000000093aa000 	/System/Library/PrivateFrameworks/AudioResourceArbitration.framework/Versions/A/AudioResourceArbitration
0x00000000093aa000 	/System/Library/PrivateFrameworks/PowerLog.framework/Versions/A/PowerLog
0x00000000093aa000 	/System/Library/PrivateFrameworks/IconFoundation.framework/Versions/A/IconFoundation
0x00000000093aa000 	/System/Library/PrivateFrameworks/SpeechRecognitionCore.framework/Versions/A/SpeechRecognitionCore
0x000000010d4b8000 	/Library/Java/JavaVirtualMachines/jdk1.8.0_111.jdk/Contents/Home/jre/lib/server/libjvm.dylib
0x00000000093aa000 	/usr/lib/libstdc++.6.dylib
0x000000010c55a000 	/Library/Java/JavaVirtualMachines/jdk1.8.0_111.jdk/Contents/Home/jre/lib/libverify.dylib
0x000000010c59d000 	/Library/Java/JavaVirtualMachines/jdk1.8.0_111.jdk/Contents/Home/jre/lib/libjava.dylib
0x000000010c571000 	/Library/Java/JavaVirtualMachines/jdk1.8.0_111.jdk/Contents/Home/jre/lib/libzip.dylib
0x00000000093aa000 	/System/Library/Frameworks/JavaRuntimeSupport.framework/Versions/A/JavaRuntimeSupport
0x00000000093aa000 	/System/Library/Frameworks/Carbon.framework/Versions/A/Carbon
0x00000000093aa000 	/System/Library/PrivateFrameworks/CoreSymbolication.framework/Versions/A/CoreSymbolication
0x00000000093aa000 	/System/Library/Frameworks/Carbon.framework/Versions/A/Frameworks/CommonPanels.framework/Versions/A/CommonPanels
0x00000000093aa000 	/System/Library/Frameworks/Carbon.framework/Versions/A/Frameworks/Help.framework/Versions/A/Help
0x00000000093aa000 	/System/Library/Frameworks/Carbon.framework/Versions/A/Frameworks/ImageCapture.framework/Versions/A/ImageCapture
0x00000000093aa000 	/System/Library/Frameworks/Carbon.framework/Versions/A/Frameworks/OpenScripting.framework/Versions/A/OpenScripting
0x00000000093aa000 	/System/Library/Frameworks/Carbon.framework/Versions/A/Frameworks/Ink.framework/Versions/A/Ink
0x00000000093aa000 	/System/Library/Frameworks/Carbon.framework/Versions/A/Frameworks/Print.framework/Versions/A/Print
0x00000000093aa000 	/System/Library/Frameworks/Carbon.framework/Versions/A/Frameworks/SecurityHI.framework/Versions/A/SecurityHI
0x00000000093aa000 	/System/Library/PrivateFrameworks/DebugSymbols.framework/Versions/A/DebugSymbols
0x000000010d4a6000 	/Library/Java/JavaVirtualMachines/jdk1.8.0_111.jdk/Contents/Home/jre/lib/libprism_es2.dylib
0x00000000093aa000 	/System/Library/PrivateFrameworks/CoreServicesInternal.framework/Versions/A/CoreServicesInternal
0x00000000093aa000 	/System/Library/Frameworks/OpenGL.framework/Versions/A/Resources/GLEngine.bundle/GLEngine
0x00000000093aa000 	/System/Library/Frameworks/OpenGL.framework/Versions/A/Libraries/libGLProgrammability.dylib
0x00000000093aa000 	/System/Library/Extensions/AppleIntelBDWGraphicsGLDriver.bundle/Contents/MacOS/AppleIntelBDWGraphicsGLDriver
0x00000000093aa000 	/System/Library/PrivateFrameworks/GPUSupport.framework/Versions/A/Libraries/libGPUSupportMercury.dylib
0x00000000093aa000 	/System/Library/Frameworks/OpenGL.framework/Versions/A/Resources/GLRendererFloat.bundle/GLRendererFloat
0x000000012477b000 	/Library/Java/JavaVirtualMachines/jdk1.8.0_111.jdk/Contents/Home/jre/lib/libglass.dylib
0x00000000093aa000 	/System/Library/Frameworks/FileProvider.framework/Versions/A/FileProvider
0x00000000093aa000 	/System/Library/Frameworks/Accounts.framework/Versions/A/Accounts
0x00000000093aa000 	/System/Library/PrivateFrameworks/GenerationalStorage.framework/Versions/A/GenerationalStorage
0x00000000093aa000 	/System/Library/PrivateFrameworks/SymptomDiagnosticReporter.framework/Versions/A/SymptomDiagnosticReporter
0x00000000093aa000 	/System/Library/PrivateFrameworks/DesktopServicesPriv.framework/Versions/A/DesktopServicesPriv
0x00000000093aa000 	/usr/lib/libsandbox.1.dylib
0x00000000093aa000 	/System/Library/PrivateFrameworks/UserManagement.framework/Versions/A/UserManagement
0x00000000093aa000 	/System/Library/PrivateFrameworks/NetAuth.framework/Versions/A/NetAuth
0x00000000093aa000 	/System/Library/PrivateFrameworks/Sharing.framework/Versions/A/Sharing
0x00000000093aa000 	/System/Library/PrivateFrameworks/login.framework/Versions/A/Frameworks/loginsupport.framework/Versions/A/loginsupport
0x00000000093aa000 	/System/Library/PrivateFrameworks/Apple80211.framework/Versions/A/Apple80211
0x00000000093aa000 	/System/Library/PrivateFrameworks/AuthKit.framework/Versions/A/AuthKit
0x00000000093aa000 	/System/Library/PrivateFrameworks/CoreUtils.framework/Versions/A/CoreUtils
0x00000000093aa000 	/System/Library/Frameworks/CoreWLAN.framework/Versions/A/CoreWLAN
0x00000000093aa000 	/System/Library/Frameworks/IOBluetooth.framework/Versions/A/IOBluetooth
0x00000000093aa000 	/System/Library/PrivateFrameworks/CoreWiFi.framework/Versions/A/CoreWiFi
0x00000000093aa000 	/System/Library/PrivateFrameworks/FrontBoardServices.framework/Versions/A/FrontBoardServices
0x00000000093aa000 	/System/Library/PrivateFrameworks/BoardServices.framework/Versions/A/BoardServices
0x00000000093aa000 	/System/Library/PrivateFrameworks/AssertionServices.framework/Versions/A/AssertionServices
0x00000000093aa000 	/System/Library/PrivateFrameworks/BackBoardServices.framework/Versions/A/BackBoardServices
0x00000000093aa000 	/System/Library/PrivateFrameworks/CorePhoneNumbers.framework/Versions/A/CorePhoneNumbers
0x00000000093aa000 	/System/Library/PrivateFrameworks/MultiverseSupport.framework/Versions/A/MultiverseSupport
0x00000000093aa000 	/System/Library/PrivateFrameworks/RemoteServiceDiscovery.framework/Versions/A/RemoteServiceDiscovery
0x00000000093aa000 	/System/Library/PrivateFrameworks/DiskManagement.framework/Versions/A/DiskManagement
0x00000000093aa000 	/System/Library/PrivateFrameworks/AppleIDAuthSupport.framework/Versions/A/AppleIDAuthSupport
0x00000000093aa000 	/System/Library/PrivateFrameworks/AAAFoundation.framework/Versions/A/AAAFoundation
0x00000000093aa000 	/System/Library/PrivateFrameworks/KeychainCircle.framework/Versions/A/KeychainCircle
0x00000000093aa000 	/System/Library/PrivateFrameworks/RemoteXPC.framework/Versions/A/RemoteXPC
0x00000000093aa000 	/System/Library/PrivateFrameworks/MediaKit.framework/Versions/A/MediaKit
0x00000000093aa000 	/System/Library/Frameworks/DiscRecording.framework/Versions/A/DiscRecording
0x00000000093aa000 	/usr/lib/libCoreStorage.dylib
0x00000000093aa000 	/usr/lib/libcsfde.dylib
0x00000000093aa000 	/System/Library/PrivateFrameworks/ProtectedCloudStorage.framework/Versions/A/ProtectedCloudStorage
0x00000000093aa000 	/System/Library/PrivateFrameworks/EFILogin.framework/Versions/A/EFILogin
0x00000000093aa000 	/System/Library/PrivateFrameworks/OctagonTrust.framework/Versions/A/OctagonTrust
0x00000000093aa000 	/System/Library/PrivateFrameworks/CoreUtilsExtras.framework/Versions/A/CoreUtilsExtras
0x00000000093aa000 	/System/Library/Frameworks/CoreBluetooth.framework/Versions/A/CoreBluetooth
0x00000000093aa000 	/System/Library/Frameworks/AudioUnit.framework/Versions/A/AudioUnit
0x00000000093aa000 	/usr/lib/libMatch.1.dylib
0x00000000093aa000 	/System/Library/Frameworks/Accelerate.framework/Versions/A/Frameworks/vImage.framework/Versions/A/Libraries/libCGInterfaces.dylib
0x0000000126034000 	/usr/lib/libobjc-trampolines.dylib
0x00000000093aa000 	/System/Library/PrivateFrameworks/FamilyControls.framework/Versions/A/FamilyControls
0x00000000093aa000 	/System/Library/PrivateFrameworks/CommerceKit.framework/Versions/A/Frameworks/CommerceCore.framework/Versions/A/CommerceCore
0x00000000093aa000 	/System/Library/PrivateFrameworks/SystemAdministration.framework/Versions/A/SystemAdministration
0x00000000093aa000 	/System/Library/PrivateFrameworks/AppContainer.framework/Versions/A/AppContainer
0x00000000093aa000 	/System/Library/PrivateFrameworks/SecCodeWrapper.framework/Versions/A/SecCodeWrapper
0x00000000093aa000 	/System/Library/PrivateFrameworks/CrashReporterSupport.framework/Versions/A/CrashReporterSupport
0x00000000093aa000 	/System/Library/PrivateFrameworks/OSAnalytics.framework/Versions/A/OSAnalytics
0x00000000093aa000 	/System/Library/PrivateFrameworks/Symbolication.framework/Versions/A/Symbolication
0x00000000093aa000 	/System/Library/PrivateFrameworks/MallocStackLogging.framework/Versions/A/MallocStackLogging
0x00000000093aa000 	/System/Library/PrivateFrameworks/login.framework/Versions/A/login
0x00000000093aa000 	/System/Library/Frameworks/MediaToolbox.framework/Versions/A/MediaToolbox
0x00000000093aa000 	/System/Library/Frameworks/DirectoryService.framework/Versions/A/DirectoryService
0x00000000093aa000 	/System/Library/PrivateFrameworks/DiskImages.framework/Versions/A/DiskImages
0x00000000093aa000 	/System/Library/Frameworks/ServiceManagement.framework/Versions/A/ServiceManagement
0x00000000093aa000 	/System/Library/PrivateFrameworks/LoginUIKit.framework/Versions/A/Frameworks/LoginUICore.framework/Versions/A/LoginUICore
0x00000000093aa000 	/usr/lib/libodfde.dylib
0x00000000093aa000 	/System/Library/PrivateFrameworks/CoreAVCHD.framework/Versions/A/CoreAVCHD
0x00000000093aa000 	/System/Library/Frameworks/MediaAccessibility.framework/Versions/A/MediaAccessibility
0x00000000093aa000 	/System/Library/PrivateFrameworks/Mangrove.framework/Versions/A/Mangrove
0x00000000093aa000 	/System/Library/PrivateFrameworks/AlgosScoreFramework.framework/Versions/A/AlgosScoreFramework
0x00000000093aa000 	/System/Library/PrivateFrameworks/CMPhoto.framework/Versions/A/CMPhoto
0x00000000093aa000 	/System/Library/PrivateFrameworks/AppleVPA.framework/Versions/A/AppleVPA
0x00000000093aa000 	/System/Library/PrivateFrameworks/CoreAUC.framework/Versions/A/CoreAUC
0x00000000093aa000 	/usr/lib/libcurl.4.dylib
0x00000000093aa000 	/usr/lib/libcrypto.46.dylib
0x00000000093aa000 	/usr/lib/libssl.48.dylib
0x00000000093aa000 	/System/Library/Frameworks/LDAP.framework/Versions/A/LDAP
0x00000000093aa000 	/System/Library/PrivateFrameworks/TrustEvaluationAgent.framework/Versions/A/TrustEvaluationAgent
0x00000000093aa000 	/usr/lib/libsasl2.2.dylib
0x00000000093aa000 	/System/Library/PrivateFrameworks/CoreDaemon.framework/Versions/B/CoreDaemon
0x00000000093aa000 	/System/Library/PrivateFrameworks/AppleSRP.framework/Versions/A/AppleSRP
0x00000000093aa000 	/System/Library/PrivateFrameworks/ViewBridge.framework/Versions/A/ViewBridge
0x000000012879b000 	/Library/Java/JavaVirtualMachines/jdk1.8.0_111.jdk/Contents/Home/jre/lib/libjavafx_iio.dylib
0x0000000128767000 	/Library/Java/JavaVirtualMachines/jdk1.8.0_111.jdk/Contents/Home/jre/lib/libjavafx_font.dylib
0x0000000129d61000 	/Library/Java/JavaVirtualMachines/jdk1.8.0_111.jdk/Contents/Home/jre/lib/libprism_common.dylib
0x00000000093aa000 	/usr/lib/libRosetta.dylib
0x000000012b62c000 	/Library/Java/JavaVirtualMachines/jdk1.8.0_111.jdk/Contents/Home/jre/lib/libnio.dylib
0x000000012b653000 	/Library/Java/JavaVirtualMachines/jdk1.8.0_111.jdk/Contents/Home/jre/lib/libnet.dylib
0x0000000129038000 	/Library/Java/JavaVirtualMachines/jdk1.8.0_111.jdk/Contents/Home/jre/lib/libsunec.dylib
0x000000012c092000 	/Library/Java/JavaVirtualMachines/jdk1.8.0_111.jdk/Contents/Home/jre/lib/libawt.dylib
0x000000012d521000 	/Library/Java/JavaVirtualMachines/jdk1.8.0_111.jdk/Contents/Home/jre/lib/libmlib_image.dylib
0x00000000093aa000 	/System/Library/Frameworks/JavaNativeFoundation.framework/Versions/A/JavaNativeFoundation
0x000000012d754000 	/Library/Java/JavaVirtualMachines/jdk1.8.0_111.jdk/Contents/Home/jre/lib/libawt_lwawt.dylib
0x000000012a93b000 	/Library/Java/JavaVirtualMachines/jdk1.8.0_111.jdk/Contents/Home/jre/lib/libosxapp.dylib
0x00000000093aa000 	/System/Library/Frameworks/ExceptionHandling.framework/Versions/A/ExceptionHandling
0x000000012dd20000 	/Library/Java/JavaVirtualMachines/jdk1.8.0_111.jdk/Contents/Home/jre/lib/libfontmanager.dylib
0x000000015f54c000 	/Library/Java/JavaVirtualMachines/jdk1.8.0_111.jdk/Contents/Home/jre/lib/libosxui.dylib
0x00000000093aa000 	/System/Library/Extensions/AppleIntelBDWGraphicsMTLDriver.bundle/Contents/MacOS/AppleIntelBDWGraphicsMTLDriver
0x00000000093aa000 	/System/Library/PrivateFrameworks/GPURawCounter.framework/Versions/A/GPURawCounter

VM Arguments:
jvm_args: -Dfile.encoding=UTF-8 
java_command: /Users/macbookpro/NetBeansProjects/BusTicket/dist/run1852653764/BusTicket.jar
java_class_path (initial): /Users/macbookpro/NetBeansProjects/BusTicket/dist/run1852653764/BusTicket.jar
Launcher Type: SUN_STANDARD

Environment Variables:
PATH=/usr/bin:/bin:/usr/sbin:/sbin
LD_LIBRARY_PATH=/Library/Java/JavaVirtualMachines/jdk1.8.0_111.jdk/Contents/Home/jre/lib/amd64:/Library/Java/JavaVirtualMachines/jdk1.8.0_111.jdk/Contents/Home/jre/lib/i386:
SHELL=/bin/zsh

Signal Handlers:
SIGSEGV: [libjvm.dylib+0x5b03ed], sa_mask[0]=11111111011111110111111111111111, sa_flags=SA_ONSTACK|SA_RESTART|SA_SIGINFO
SIGBUS: [libjvm.dylib+0x5b03ed], sa_mask[0]=11111111011111110111111111111111, sa_flags=SA_RESTART|SA_SIGINFO
SIGFPE: [libjvm.dylib+0x48711c], sa_mask[0]=11111111011111110111111111111111, sa_flags=SA_RESTART|SA_SIGINFO
SIGPIPE: [libjvm.dylib+0x48711c], sa_mask[0]=11111111011111110111111111111111, sa_flags=SA_RESTART|SA_SIGINFO
SIGXFSZ: [libjvm.dylib+0x48711c], sa_mask[0]=11111111011111110111111111111111, sa_flags=SA_RESTART|SA_SIGINFO
SIGILL: [libjvm.dylib+0x48711c], sa_mask[0]=11111111011111110111111111111111, sa_flags=SA_RESTART|SA_SIGINFO
SIGUSR1: SIG_DFL, sa_mask[0]=00000000000000000000000000000000, sa_flags=none
SIGUSR2: [libjvm.dylib+0x486c3a], sa_mask[0]=00100000000000000000000000000000, sa_flags=SA_RESTART|SA_SIGINFO
SIGHUP: [libjvm.dylib+0x485211], sa_mask[0]=11111111011111110111111111111111, sa_flags=SA_RESTART|SA_SIGINFO
SIGINT: SIG_IGN, sa_mask[0]=00000000000000000000000000000000, sa_flags=none
SIGTERM: [libjvm.dylib+0x485211], sa_mask[0]=11111111011111110111111111111111, sa_flags=SA_RESTART|SA_SIGINFO
SIGQUIT: [libjvm.dylib+0x485211], sa_mask[0]=11111111011111110111111111111111, sa_flags=SA_RESTART|SA_SIGINFO


---------------  S Y S T E M  ---------------

OS:Bsduname:Darwin 21.5.0 Darwin Kernel Version 21.5.0: Tue Apr 26 21:08:22 PDT 2022; root:xnu-8020.121.3~4/RELEASE_X86_64 x86_64
rlimit: STACK 8192k, CORE 0k, NPROC 1392, NOFILE 10240, AS infinity
load average:16.36 15.05 13.58

CPU:total 4 (2 cores per cpu, 2 threads per core) family 6 model 61 stepping 4, cmov, cx8, fxsr, mmx, sse, sse2, sse3, ssse3, sse4.1, sse4.2, popcnt, avx, avx2, aes, clmul, erms, 3dnowpref, lzcnt, ht, tsc, tscinvbit, bmi1, bmi2, adx

Memory: 4k page, physical 8388608k(45888k free)

/proc/meminfo:


vm_info: Java HotSpot(TM) 64-Bit Server VM (25.111-b14) for bsd-amd64 JRE (1.8.0_111-b14), built on Sep 22 2016 15:31:41 by "java_re" with gcc 4.2.1 (Based on Apple Inc. build 5658) (LLVM build 2336.11.00)

time: Tue Jan 24 00:36:48 2023
elapsed time: 65 seconds (0d 0h 1m 5s)

